106.11.20 16:37 A H:\NEWSOME\CINDY\SCSite\wildershores\images\18_to_place_for_border.jpg --> wwwtest.library.ucla.edu /home/www/test/libraries/special/wildershores/images 18_to_place_for_border.jpg
106.11.20 16:37 A H:\NEWSOME\CINDY\SCSite\wildershores\images\18_to_place_for_border_sepia.jpg --> wwwtest.library.ucla.edu /home/www/test/libraries/special/wildershores/images 18_to_place_for_border_sepia.jpg
106.11.20 16:37 A H:\NEWSOME\CINDY\SCSite\wildershores\images\Bakers_camels.jpg --> wwwtest.library.ucla.edu /home/www/test/libraries/special/wildershores/images Bakers_camels.jpg
106.11.20 16:37 A H:\NEWSOME\CINDY\SCSite\wildershores\images\Birdcamera.jpg --> wwwtest.library.ucla.edu /home/www/test/libraries/special/wildershores/images Birdcamera.jpg
106.11.20 16:37 A H:\NEWSOME\CINDY\SCSite\wildershores\images\Birdphoto1.jpg --> wwwtest.library.ucla.edu /home/www/test/libraries/special/wildershores/images Birdphoto1.jpg
107.01.19 10:42 B I:\Technical_Services_Division\Deborah W\wildershores\images\arabian_small.jpg --> wwwtest.library.ucla.edu /home/www/test/libraries/special/wildershores/images arabian_small.jpg
107.01.19 10:42 B I:\Technical_Services_Division\Deborah W\wildershores\images\Bakers_camels_small.jpg --> wwwtest.library.ucla.edu /home/www/test/libraries/special/wildershores/images Bakers_camels_small.jpg
107.01.19 10:42 B I:\Technical_Services_Division\Deborah W\wildershores\images\Bakers_camels_thumb.jpg --> wwwtest.library.ucla.edu /home/www/test/libraries/special/wildershores/images Bakers_camels_thumb.jpg
107.01.19 10:42 B I:\Technical_Services_Division\Deborah W\wildershores\images\BeautiesBosphorus_small.jpg --> wwwtest.library.ucla.edu /home/www/test/libraries/special/wildershores/images BeautiesBosphorus_small.jpg
107.01.19 10:42 B I:\Technical_Services_Division\Deborah W\wildershores\images\Birdcamera_small.jpg --> wwwtest.library.ucla.edu /home/www/test/libraries/special/wildershores/images Birdcamera_small.jpg
107.01.19 10:42 B I:\Technical_Services_Division\Deborah W\wildershores\images\Birdphoto1_small.jpg --> wwwtest.library.ucla.edu /home/www/test/libraries/special/wildershores/images Birdphoto1_small.jpg
107.01.19 10:42 B I:\Technical_Services_Division\Deborah W\wildershores\images\Birdphoto2_small.jpg --> wwwtest.library.ucla.edu /home/www/test/libraries/special/wildershores/images Birdphoto2_small.jpg
107.01.19 10:42 B I:\Technical_Services_Division\Deborah W\wildershores\images\Birdport_big.jpg --> wwwtest.library.ucla.edu /home/www/test/libraries/special/wildershores/images Birdport_big.jpg
107.01.19 10:42 B I:\Technical_Services_Division\Deborah W\wildershores\images\Birdport_thumb.jpg --> wwwtest.library.ucla.edu /home/www/test/libraries/special/wildershores/images Birdport_thumb.jpg
107.01.19 10:42 B I:\Technical_Services_Division\Deborah W\wildershores\images\blessington_thumb.jpg --> wwwtest.library.ucla.edu /home/www/test/libraries/special/wildershores/images blessington_thumb.jpg
107.01.19 10:42 B I:\Technical_Services_Division\Deborah W\wildershores\images\blessingtonport2.jpg --> wwwtest.library.ucla.edu /home/www/test/libraries/special/wildershores/images blessingtonport2.jpg
107.01.19 10:42 B I:\Technical_Services_Division\Deborah W\wildershores\images\Brassey1_small.jpg --> wwwtest.library.ucla.edu /home/www/test/libraries/special/wildershores/images Brassey1_small.jpg
107.01.19 10:42 B I:\Technical_Services_Division\Deborah W\wildershores\images\Brassey2_small.jpg --> wwwtest.library.ucla.edu /home/www/test/libraries/special/wildershores/images Brassey2_small.jpg
107.01.19 10:42 B I:\Technical_Services_Division\Deborah W\wildershores\images\brassey_thumb.jpg --> wwwtest.library.ucla.edu /home/www/test/libraries/special/wildershores/images brassey_thumb.jpg
107.01.19 10:42 B I:\Technical_Services_Division\Deborah W\wildershores\images\Burtonhouse_small.jpg --> wwwtest.library.ucla.edu /home/www/test/libraries/special/wildershores/images Burtonhouse_small.jpg
107.01.19 10:42 B I:\Technical_Services_Division\Deborah W\wildershores\images\Calderon_small.jpg --> wwwtest.library.ucla.edu /home/www/test/libraries/special/wildershores/images Calderon_small.jpg
107.01.19 10:42 B I:\Technical_Services_Division\Deborah W\wildershores\images\Calderon_thumb.jpg --> wwwtest.library.ucla.edu /home/www/test/libraries/special/wildershores/images Calderon_thumb.jpg
107.01.19 10:42 B I:\Technical_Services_Division\Deborah W\wildershores\images\CaptivityBarbar_small.jpg --> wwwtest.library.ucla.edu /home/www/test/libraries/special/wildershores/images CaptivityBarbar_small.jpg
107.01.19 10:42 B I:\Technical_Services_Division\Deborah W\wildershores\images\corrine_small.jpg --> wwwtest.library.ucla.edu /home/www/test/libraries/special/wildershores/images corrine_small.jpg
107.01.19 10:42 B I:\Technical_Services_Division\Deborah W\wildershores\images\Craven_Journey_small.jpg --> wwwtest.library.ucla.edu /home/www/test/libraries/special/wildershores/images Craven_Journey_small.jpg
107.01.19 10:42 B I:\Technical_Services_Division\Deborah W\wildershores\images\craven_print.jpg --> wwwtest.library.ucla.edu /home/www/test/libraries/special/wildershores/images craven_print.jpg
107.01.19 10:42 B I:\Technical_Services_Division\Deborah W\wildershores\images\craven_small.jpg --> wwwtest.library.ucla.edu /home/www/test/libraries/special/wildershores/images craven_small.jpg
107.01.19 10:42 B I:\Technical_Services_Division\Deborah W\wildershores\images\craven_thumb.jpg --> wwwtest.library.ucla.edu /home/www/test/libraries/special/wildershores/images craven_thumb.jpg
107.01.19 10:42 B I:\Technical_Services_Division\Deborah W\wildershores\images\DeStael-port_small.jpg --> wwwtest.library.ucla.edu /home/www/test/libraries/special/wildershores/images DeStael-port_small.jpg
107.01.19 10:42 B I:\Technical_Services_Division\Deborah W\wildershores\images\DeStael-port_thumb.jpg --> wwwtest.library.ucla.edu /home/www/test/libraries/special/wildershores/images DeStael-port_thumb.jpg
107.01.19 10:42 B I:\Technical_Services_Division\Deborah W\wildershores\images\Dieulafoyattack_small.jpg --> wwwtest.library.ucla.edu /home/www/test/libraries/special/wildershores/images Dieulafoyattack_small.jpg
107.01.19 10:42 B I:\Technical_Services_Division\Deborah W\wildershores\images\Dieulafoyport_small.jpg --> wwwtest.library.ucla.edu /home/www/test/libraries/special/wildershores/images Dieulafoyport_small.jpg
107.01.19 10:42 B I:\Technical_Services_Division\Deborah W\wildershores\images\Dieulafoyport_thumb.jpg --> wwwtest.library.ucla.edu /home/www/test/libraries/special/wildershores/images Dieulafoyport_thumb.jpg
107.01.19 10:42 B I:\Technical_Services_Division\Deborah W\wildershores\images\Dieulafoyprint_small.jpg --> wwwtest.library.ucla.edu /home/www/test/libraries/special/wildershores/images Dieulafoyprint_small.jpg
107.01.19 10:42 B I:\Technical_Services_Division\Deborah W\wildershores\images\EdenThibetTartars_small.jpg --> wwwtest.library.ucla.edu /home/www/test/libraries/special/wildershores/images EdenThibetTartars_small.jpg
107.01.19 10:42 B I:\Technical_Services_Division\Deborah W\wildershores\images\EdenTp_small.jpg --> wwwtest.library.ucla.edu /home/www/test/libraries/special/wildershores/images EdenTp_small.jpg
107.01.19 10:42 B I:\Technical_Services_Division\Deborah W\wildershores\images\EdenTp_Thumb.jpg --> wwwtest.library.ucla.edu /home/www/test/libraries/special/wildershores/images EdenTp_Thumb.jpg
107.01.19 10:42 B I:\Technical_Services_Division\Deborah W\wildershores\images\Edwards_Mummies_small.jpg --> wwwtest.library.ucla.edu /home/www/test/libraries/special/wildershores/images Edwards_Mummies_small.jpg
107.01.19 10:42 B I:\Technical_Services_Division\Deborah W\wildershores\images\edwards_small.jpg --> wwwtest.library.ucla.edu /home/www/test/libraries/special/wildershores/images edwards_small.jpg
107.01.19 10:42 B I:\Technical_Services_Division\Deborah W\wildershores\images\edwards_thumb.jpg --> wwwtest.library.ucla.edu /home/www/test/libraries/special/wildershores/images edwards_thumb.jpg
107.01.19 10:42 B I:\Technical_Services_Division\Deborah W\wildershores\images\ElizaBradley_frontispiece_s.jpg --> wwwtest.library.ucla.edu /home/www/test/libraries/special/wildershores/images ElizaBradley_frontispiece_s.jpg
107.01.19 10:42 B I:\Technical_Services_Division\Deborah W\wildershores\images\ElizaBradley_thumb.jpg --> wwwtest.library.ucla.edu /home/www/test/libraries/special/wildershores/images ElizaBradley_thumb.jpg
107.01.19 10:42 B I:\Technical_Services_Division\Deborah W\wildershores\images\enter_exhibit_over.jpg --> wwwtest.library.ucla.edu /home/www/test/libraries/special/wildershores/images enter_exhibit_over.jpg
107.01.19 10:42 B I:\Technical_Services_Division\Deborah W\wildershores\images\enter_exhibit_up.jpg --> wwwtest.library.ucla.edu /home/www/test/libraries/special/wildershores/images enter_exhibit_up.jpg
107.01.19 10:42 B I:\Technical_Services_Division\Deborah W\wildershores\images\GauntAloneWestAfrica_small.jpg --> wwwtest.library.ucla.edu /home/www/test/libraries/special/wildershores/images GauntAloneWestAfrica_small.jpg
107.01.19 10:42 B I:\Technical_Services_Division\Deborah W\wildershores\images\GauntAloneWestAfrica_thumb.jpg --> wwwtest.library.ucla.edu /home/www/test/libraries/special/wildershores/images GauntAloneWestAfrica_thumb.jpg
107.01.19 10:42 B I:\Technical_Services_Division\Deborah W\wildershores\images\HaremPainting_small.jpg --> wwwtest.library.ucla.edu /home/www/test/libraries/special/wildershores/images HaremPainting_small.jpg
107.01.19 10:42 B I:\Technical_Services_Division\Deborah W\wildershores\images\HaremPainting_thumb.jpg --> wwwtest.library.ucla.edu /home/www/test/libraries/special/wildershores/images HaremPainting_thumb.jpg
107.01.19 10:42 B I:\Technical_Services_Division\Deborah W\wildershores\images\header_africa.jpg --> wwwtest.library.ucla.edu /home/www/test/libraries/special/wildershores/images header_africa.jpg
107.01.19 10:42 B I:\Technical_Services_Division\Deborah W\wildershores\images\header_africa2.jpg --> wwwtest.library.ucla.edu /home/www/test/libraries/special/wildershores/images header_africa2.jpg
107.01.19 10:42 B I:\Technical_Services_Division\Deborah W\wildershores\images\header_americas.jpg --> wwwtest.library.ucla.edu /home/www/test/libraries/special/wildershores/images header_americas.jpg
107.01.19 10:42 B I:\Technical_Services_Division\Deborah W\wildershores\images\header_americas2.jpg --> wwwtest.library.ucla.edu /home/www/test/libraries/special/wildershores/images header_americas2.jpg
107.01.19 10:42 B I:\Technical_Services_Division\Deborah W\wildershores\images\header_europe.jpg --> wwwtest.library.ucla.edu /home/www/test/libraries/special/wildershores/images header_europe.jpg
107.01.19 10:42 B I:\Technical_Services_Division\Deborah W\wildershores\images\header_india.jpg --> wwwtest.library.ucla.edu /home/www/test/libraries/special/wildershores/images header_india.jpg
107.01.19 10:43 B I:\Technical_Services_Division\Deborah W\wildershores\images\header_india2.jpg --> wwwtest.library.ucla.edu /home/www/test/libraries/special/wildershores/images header_india2.jpg
107.01.19 10:43 B I:\Technical_Services_Division\Deborah W\wildershores\images\header_mideast.jpg --> wwwtest.library.ucla.edu /home/www/test/libraries/special/wildershores/images header_mideast.jpg
107.01.19 10:43 B I:\Technical_Services_Division\Deborah W\wildershores\images\header_mideast2.jpg --> wwwtest.library.ucla.edu /home/www/test/libraries/special/wildershores/images header_mideast2.jpg
107.01.19 10:43 B I:\Technical_Services_Division\Deborah W\wildershores\images\header_russia.jpg --> wwwtest.library.ucla.edu /home/www/test/libraries/special/wildershores/images header_russia.jpg
107.01.19 10:43 B I:\Technical_Services_Division\Deborah W\wildershores\images\header_russia2.jpg --> wwwtest.library.ucla.edu /home/www/test/libraries/special/wildershores/images header_russia2.jpg
107.01.19 10:43 B I:\Technical_Services_Division\Deborah W\wildershores\images\header_trav2europe.jpg --> wwwtest.library.ucla.edu /home/www/test/libraries/special/wildershores/images header_trav2europe.jpg
107.01.19 10:43 B I:\Technical_Services_Division\Deborah W\wildershores\images\header_turkey.jpg --> wwwtest.library.ucla.edu /home/www/test/libraries/special/wildershores/images header_turkey.jpg
107.01.19 10:43 B I:\Technical_Services_Division\Deborah W\wildershores\images\header_turkey2.jpg --> wwwtest.library.ucla.edu /home/www/test/libraries/special/wildershores/images header_turkey2.jpg
107.01.19 10:43 B I:\Technical_Services_Division\Deborah W\wildershores\images\Hommaire_Ill2_small.jpg --> wwwtest.library.ucla.edu /home/www/test/libraries/special/wildershores/images Hommaire_Ill2_small.jpg
107.01.19 10:43 B I:\Technical_Services_Division\Deborah W\wildershores\images\Hommaire_Ill_small.jpg --> wwwtest.library.ucla.edu /home/www/test/libraries/special/wildershores/images Hommaire_Ill_small.jpg
107.01.19 10:43 B I:\Technical_Services_Division\Deborah W\wildershores\images\Hommaire_port_small.jpg --> wwwtest.library.ucla.edu /home/www/test/libraries/special/wildershores/images Hommaire_port_small.jpg
107.01.19 10:43 B I:\Technical_Services_Division\Deborah W\wildershores\images\Hommaire_port_thumb.jpg --> wwwtest.library.ucla.edu /home/www/test/libraries/special/wildershores/images Hommaire_port_thumb.jpg
107.01.19 10:43 B I:\Technical_Services_Division\Deborah W\wildershores\images\Idler_small.jpg --> wwwtest.library.ucla.edu /home/www/test/libraries/special/wildershores/images Idler_small.jpg
107.01.19 10:43 B I:\Technical_Services_Division\Deborah W\wildershores\images\IsabelBurton_small.jpg --> wwwtest.library.ucla.edu /home/www/test/libraries/special/wildershores/images IsabelBurton_small.jpg
107.01.19 10:43 B I:\Technical_Services_Division\Deborah W\wildershores\images\IsabelBurton_thumb.jpg --> wwwtest.library.ucla.edu /home/www/test/libraries/special/wildershores/images IsabelBurton_thumb.jpg
107.01.19 10:43 B I:\Technical_Services_Division\Deborah W\wildershores\images\Kingsley2_small.jpg --> wwwtest.library.ucla.edu /home/www/test/libraries/special/wildershores/images Kingsley2_small.jpg
107.01.19 10:43 B I:\Technical_Services_Division\Deborah W\wildershores\images\Kingsley2_thumb.jpg --> wwwtest.library.ucla.edu /home/www/test/libraries/special/wildershores/images Kingsley2_thumb.jpg
107.01.19 10:43 B I:\Technical_Services_Division\Deborah W\wildershores\images\kingsley_big.jpg --> wwwtest.library.ucla.edu /home/www/test/libraries/special/wildershores/images kingsley_big.jpg
107.01.19 10:43 B I:\Technical_Services_Division\Deborah W\wildershores\images\KingsleyFish_small.jpg --> wwwtest.library.ucla.edu /home/www/test/libraries/special/wildershores/images KingsleyFish_small.jpg
107.01.19 10:43 B I:\Technical_Services_Division\Deborah W\wildershores\images\Lady-Montagu-frontispiece-s.jpg --> wwwtest.library.ucla.edu /home/www/test/libraries/special/wildershores/images Lady-Montagu-frontispiece-s.jpg
107.01.19 10:43 B I:\Technical_Services_Division\Deborah W\wildershores\images\lolamontez_lectures.jpg --> wwwtest.library.ucla.edu /home/www/test/libraries/special/wildershores/images lolamontez_lectures.jpg
107.01.19 10:43 B I:\Technical_Services_Division\Deborah W\wildershores\images\LolaMontez_small.jpg --> wwwtest.library.ucla.edu /home/www/test/libraries/special/wildershores/images LolaMontez_small.jpg
107.01.19 10:43 B I:\Technical_Services_Division\Deborah W\wildershores\images\LolaMontez_thumb.jpg --> wwwtest.library.ucla.edu /home/www/test/libraries/special/wildershores/images LolaMontez_thumb.jpg
107.01.19 10:43 B I:\Technical_Services_Division\Deborah W\wildershores\images\LTLottBind_small.jpg --> wwwtest.library.ucla.edu /home/www/test/libraries/special/wildershores/images LTLottBind_small.jpg
107.01.19 10:43 B I:\Technical_Services_Division\Deborah W\wildershores\images\LTLottBind_thumb.jpg --> wwwtest.library.ucla.edu /home/www/test/libraries/special/wildershores/images LTLottBind_thumb.jpg
107.01.19 10:43 B I:\Technical_Services_Division\Deborah W\wildershores\images\LTLottNightsbind_small.jpg --> wwwtest.library.ucla.edu /home/www/test/libraries/special/wildershores/images LTLottNightsbind_small.jpg
107.01.19 10:43 B I:\Technical_Services_Division\Deborah W\wildershores\images\LTLottNightsbind_thumb.jpg --> wwwtest.library.ucla.edu /home/www/test/libraries/special/wildershores/images LTLottNightsbind_thumb.jpg
107.01.19 10:43 B I:\Technical_Services_Division\Deborah W\wildershores\images\LTStoweHB_small.jpg --> wwwtest.library.ucla.edu /home/www/test/libraries/special/wildershores/images LTStoweHB_small.jpg
107.01.19 10:43 B I:\Technical_Services_Division\Deborah W\wildershores\images\LTStoweHB_thumb.jpg --> wwwtest.library.ucla.edu /home/www/test/libraries/special/wildershores/images LTStoweHB_thumb.jpg
107.01.19 10:43 B I:\Technical_Services_Division\Deborah W\wildershores\images\Map_Africa_small.jpg --> wwwtest.library.ucla.edu /home/www/test/libraries/special/wildershores/images Map_Africa_small.jpg
107.01.19 10:43 B I:\Technical_Services_Division\Deborah W\wildershores\images\Map_Africa_thumb.jpg --> wwwtest.library.ucla.edu /home/www/test/libraries/special/wildershores/images Map_Africa_thumb.jpg
107.01.19 10:43 B I:\Technical_Services_Division\Deborah W\wildershores\images\Map_ArabiaPersia_small.jpg --> wwwtest.library.ucla.edu /home/www/test/libraries/special/wildershores/images Map_ArabiaPersia_small.jpg
107.01.19 10:43 B I:\Technical_Services_Division\Deborah W\wildershores\images\Map_ArabiaPersia_thumb.jpg --> wwwtest.library.ucla.edu /home/www/test/libraries/special/wildershores/images Map_ArabiaPersia_thumb.jpg
107.01.19 10:43 B I:\Technical_Services_Division\Deborah W\wildershores\images\Map_Europe.jpg --> wwwtest.library.ucla.edu /home/www/test/libraries/special/wildershores/images Map_Europe.jpg
107.01.19 10:43 B I:\Technical_Services_Division\Deborah W\wildershores\images\Map_Europe_thumb.jpg --> wwwtest.library.ucla.edu /home/www/test/libraries/special/wildershores/images Map_Europe_thumb.jpg
107.01.19 10:43 B I:\Technical_Services_Division\Deborah W\wildershores\images\Map_India_small.jpg --> wwwtest.library.ucla.edu /home/www/test/libraries/special/wildershores/images Map_India_small.jpg
107.01.19 10:43 B I:\Technical_Services_Division\Deborah W\wildershores\images\Map_India_thumb.jpg --> wwwtest.library.ucla.edu /home/www/test/libraries/special/wildershores/images Map_India_thumb.jpg
107.01.19 10:43 B I:\Technical_Services_Division\Deborah W\wildershores\images\Map_NorthAmerica_small.jpg --> wwwtest.library.ucla.edu /home/www/test/libraries/special/wildershores/images Map_NorthAmerica_small.jpg
107.01.19 10:43 B I:\Technical_Services_Division\Deborah W\wildershores\images\Map_NorthAmerica_thumb.jpg --> wwwtest.library.ucla.edu /home/www/test/libraries/special/wildershores/images Map_NorthAmerica_thumb.jpg
107.01.19 10:43 B I:\Technical_Services_Division\Deborah W\wildershores\images\Map_Russia.jpg --> wwwtest.library.ucla.edu /home/www/test/libraries/special/wildershores/images Map_Russia.jpg
107.01.19 10:43 B I:\Technical_Services_Division\Deborah W\wildershores\images\Map_Russia_thumb.jpg --> wwwtest.library.ucla.edu /home/www/test/libraries/special/wildershores/images Map_Russia_thumb.jpg
107.01.19 10:43 B I:\Technical_Services_Division\Deborah W\wildershores\images\Map_Turkey_small.jpg --> wwwtest.library.ucla.edu /home/www/test/libraries/special/wildershores/images Map_Turkey_small.jpg
107.01.19 10:43 B I:\Technical_Services_Division\Deborah W\wildershores\images\Map_Turkey_thumb.jpg --> wwwtest.library.ucla.edu /home/www/test/libraries/special/wildershores/images Map_Turkey_thumb.jpg
107.01.19 10:43 B I:\Technical_Services_Division\Deborah W\wildershores\images\Marsdenbind_small.jpg --> wwwtest.library.ucla.edu /home/www/test/libraries/special/wildershores/images Marsdenbind_small.jpg
107.01.19 10:43 B I:\Technical_Services_Division\Deborah W\wildershores\images\Marsdenbind_thumb.jpg --> wwwtest.library.ucla.edu /home/www/test/libraries/special/wildershores/images Marsdenbind_thumb.jpg
107.01.19 10:43 B I:\Technical_Services_Division\Deborah W\wildershores\images\martineau_cover_small.jpg --> wwwtest.library.ucla.edu /home/www/test/libraries/special/wildershores/images martineau_cover_small.jpg
107.01.19 10:43 B I:\Technical_Services_Division\Deborah W\wildershores\images\Martineau_small.jpg --> wwwtest.library.ucla.edu /home/www/test/libraries/special/wildershores/images Martineau_small.jpg
107.01.19 10:43 B I:\Technical_Services_Division\Deborah W\wildershores\images\Martineau_thumb.jpg --> wwwtest.library.ucla.edu /home/www/test/libraries/special/wildershores/images Martineau_thumb.jpg
107.01.19 10:43 B I:\Technical_Services_Division\Deborah W\wildershores\images\martineau_tp1_small.jpg --> wwwtest.library.ucla.edu /home/www/test/libraries/special/wildershores/images martineau_tp1_small.jpg
107.01.19 10:43 B I:\Technical_Services_Division\Deborah W\wildershores\images\MeineZweiteWeltreise.jpg --> wwwtest.library.ucla.edu /home/www/test/libraries/special/wildershores/images MeineZweiteWeltreise.jpg
107.01.19 10:43 B I:\Technical_Services_Division\Deborah W\wildershores\images\MeineZweiteWeltreise_fsmall.jpg --> wwwtest.library.ucla.edu /home/www/test/libraries/special/wildershores/images MeineZweiteWeltreise_fsmall.jpg
107.01.19 10:43 B I:\Technical_Services_Division\Deborah W\wildershores\images\north_paints.jpg --> wwwtest.library.ucla.edu /home/www/test/libraries/special/wildershores/images north_paints.jpg
107.01.19 10:43 B I:\Technical_Services_Division\Deborah W\wildershores\images\North_small.jpg --> wwwtest.library.ucla.edu /home/www/test/libraries/special/wildershores/images North_small.jpg
107.01.19 10:43 B I:\Technical_Services_Division\Deborah W\wildershores\images\North_thumb.jpg --> wwwtest.library.ucla.edu /home/www/test/libraries/special/wildershores/images North_thumb.jpg
107.01.19 10:43 B I:\Technical_Services_Division\Deborah W\wildershores\images\NorthBind_small.jpg --> wwwtest.library.ucla.edu /home/www/test/libraries/special/wildershores/images NorthBind_small.jpg
107.01.19 10:43 B I:\Technical_Services_Division\Deborah W\wildershores\images\NorthPlants_small.jpg --> wwwtest.library.ucla.edu /home/www/test/libraries/special/wildershores/images NorthPlants_small.jpg
107.01.19 10:43 B I:\Technical_Services_Division\Deborah W\wildershores\images\NorthPlants_thumb.jpg --> wwwtest.library.ucla.edu /home/www/test/libraries/special/wildershores/images NorthPlants_thumb.jpg
107.01.19 10:43 B I:\Technical_Services_Division\Deborah W\wildershores\images\pardoe_small.jpg --> wwwtest.library.ucla.edu /home/www/test/libraries/special/wildershores/images pardoe_small.jpg
107.01.19 10:43 B I:\Technical_Services_Division\Deborah W\wildershores\images\pardoe_thumb.jpg --> wwwtest.library.ucla.edu /home/www/test/libraries/special/wildershores/images pardoe_thumb.jpg
107.01.19 10:43 B I:\Technical_Services_Division\Deborah W\wildershores\images\Pfeifferport.jpg --> wwwtest.library.ucla.edu /home/www/test/libraries/special/wildershores/images Pfeifferport.jpg
107.01.19 10:43 B I:\Technical_Services_Division\Deborah W\wildershores\images\Pfeifferport_thumb.jpg --> wwwtest.library.ucla.edu /home/www/test/libraries/special/wildershores/images Pfeifferport_thumb.jpg
107.01.19 10:43 B I:\Technical_Services_Division\Deborah W\wildershores\images\RichardBurton_small.jpg --> wwwtest.library.ucla.edu /home/www/test/libraries/special/wildershores/images RichardBurton_small.jpg
107.01.19 10:43 B I:\Technical_Services_Division\Deborah W\wildershores\images\RuinsPalmyra_small.jpg --> wwwtest.library.ucla.edu /home/www/test/libraries/special/wildershores/images RuinsPalmyra_small.jpg
107.01.19 10:43 B I:\Technical_Services_Division\Deborah W\wildershores\images\Seacole2_small.jpg --> wwwtest.library.ucla.edu /home/www/test/libraries/special/wildershores/images Seacole2_small.jpg
107.01.19 10:43 B I:\Technical_Services_Division\Deborah W\wildershores\images\Seacole2_thumb.jpg --> wwwtest.library.ucla.edu /home/www/test/libraries/special/wildershores/images Seacole2_thumb.jpg
107.01.19 10:43 B I:\Technical_Services_Division\Deborah W\wildershores\images\SheldonPalanquin_small.jpg --> wwwtest.library.ucla.edu /home/www/test/libraries/special/wildershores/images SheldonPalanquin_small.jpg
107.01.19 10:43 B I:\Technical_Services_Division\Deborah W\wildershores\images\SheldonPalanquin_thumb.jpg --> wwwtest.library.ucla.edu /home/www/test/libraries/special/wildershores/images SheldonPalanquin_thumb.jpg
107.01.19 10:43 B I:\Technical_Services_Division\Deborah W\wildershores\images\Stanhop_Port_small.jpg --> wwwtest.library.ucla.edu /home/www/test/libraries/special/wildershores/images Stanhop_Port_small.jpg
107.01.19 10:43 B I:\Technical_Services_Division\Deborah W\wildershores\images\Stanhop_Port_thumb.jpg --> wwwtest.library.ucla.edu /home/www/test/libraries/special/wildershores/images Stanhop_Port_thumb.jpg
107.01.19 10:43 B I:\Technical_Services_Division\Deborah W\wildershores\images\Stanhope_2_small.jpg --> wwwtest.library.ucla.edu /home/www/test/libraries/special/wildershores/images Stanhope_2_small.jpg
107.01.19 10:43 B I:\Technical_Services_Division\Deborah W\wildershores\images\Thumbs.db --> wwwtest.library.ucla.edu /home/www/test/libraries/special/wildershores/images Thumbs.db
107.01.19 10:43 B I:\Technical_Services_Division\Deborah W\wildershores\images\Trollope_Domestic_small.jpg --> wwwtest.library.ucla.edu /home/www/test/libraries/special/wildershores/images Trollope_Domestic_small.jpg
107.01.19 10:43 B I:\Technical_Services_Division\Deborah W\wildershores\images\Trollope_Domestic_thumb.jpg --> wwwtest.library.ucla.edu /home/www/test/libraries/special/wildershores/images Trollope_Domestic_thumb.jpg
107.01.19 10:43 B I:\Technical_Services_Division\Deborah W\wildershores\images\trollope_letter1.jpg --> wwwtest.library.ucla.edu /home/www/test/libraries/special/wildershores/images trollope_letter1.jpg
107.01.19 10:43 B I:\Technical_Services_Division\Deborah W\wildershores\images\trollope_letter2.jpg --> wwwtest.library.ucla.edu /home/www/test/libraries/special/wildershores/images trollope_letter2.jpg
107.01.19 10:43 B I:\Technical_Services_Division\Deborah W\wildershores\images\trollope_small.jpg --> wwwtest.library.ucla.edu /home/www/test/libraries/special/wildershores/images trollope_small.jpg
107.01.19 10:43 B I:\Technical_Services_Division\Deborah W\wildershores\images\trollope_thumb.jpg --> wwwtest.library.ucla.edu /home/www/test/libraries/special/wildershores/images trollope_thumb.jpg
107.01.19 10:43 B I:\Technical_Services_Division\Deborah W\wildershores\images\VoyageBrazil_frpc_small.jpg --> wwwtest.library.ucla.edu /home/www/test/libraries/special/wildershores/images VoyageBrazil_frpc_small.jpg
107.01.19 10:43 B I:\Technical_Services_Division\Deborah W\wildershores\images\VoyageBrazil_frpc_thumb.jpg --> wwwtest.library.ucla.edu /home/www/test/libraries/special/wildershores/images VoyageBrazil_frpc_thumb.jpg
107.01.19 10:43 B I:\Technical_Services_Division\Deborah W\wildershores\images\VoyageBrazil_tp_small.jpg --> wwwtest.library.ucla.edu /home/www/test/libraries/special/wildershores/images VoyageBrazil_tp_small.jpg
107.01.19 10:43 B I:\Technical_Services_Division\Deborah W\wildershores\images\wolstonecraft_small.jpg --> wwwtest.library.ucla.edu /home/www/test/libraries/special/wildershores/images wolstonecraft_small.jpg
107.01.19 10:43 B I:\Technical_Services_Division\Deborah W\wildershores\images\wolstonecraft_thumb.jpg --> wwwtest.library.ucla.edu /home/www/test/libraries/special/wildershores/images wolstonecraft_thumb.jpg
107.01.19 10:43 B I:\Technical_Services_Division\Deborah W\wildershores\images\workman_small.jpg --> wwwtest.library.ucla.edu /home/www/test/libraries/special/wildershores/images workman_small.jpg
107.01.19 10:43 B I:\Technical_Services_Division\Deborah W\wildershores\images\Wortley-Montagu.jpg --> wwwtest.library.ucla.edu /home/www/test/libraries/special/wildershores/images Wortley-Montagu.jpg
107.01.19 10:43 B I:\Technical_Services_Division\Deborah W\wildershores\images\Wortley-Montagu_thumb.jpg --> wwwtest.library.ucla.edu /home/www/test/libraries/special/wildershores/images Wortley-Montagu_thumb.jpg
107.01.19 10:43 B I:\Technical_Services_Division\Deborah W\wildershores\images\WS_FTP.LOG --> wwwtest.library.ucla.edu /home/www/test/libraries/special/wildershores/images WS_FTP.LOG
107.01.19 10:43 B I:\Technical_Services_Division\Deborah W\wildershores\images\yellos3inchspacer.jpg --> wwwtest.library.ucla.edu /home/www/test/libraries/special/wildershores/images yellos3inchspacer.jpg
107.01.19 10:43 B I:\Technical_Services_Division\Deborah W\wildershores\images\yellow2inchspacer.jpg --> wwwtest.library.ucla.edu /home/www/test/libraries/special/wildershores/images yellow2inchspacer.jpg
107.01.19 10:43 B I:\Technical_Services_Division\Deborah W\wildershores\images\yellow3inchspacer.jpg --> wwwtest.library.ucla.edu /home/www/test/libraries/special/wildershores/images yellow3inchspacer.jpg
107.01.30 10:13 B I:\Technical_Services_Division\Deborah W\wildershores\images\arabian_small.jpg --> wwwtest.library.ucla.edu /home/www/test/libraries/special/wildershores/images arabian_small.jpg
107.01.30 10:13 B I:\Technical_Services_Division\Deborah W\wildershores\images\Bakers_camels_small.jpg --> wwwtest.library.ucla.edu /home/www/test/libraries/special/wildershores/images Bakers_camels_small.jpg
107.01.30 10:13 B I:\Technical_Services_Division\Deborah W\wildershores\images\Bakers_camels_thumb.jpg --> wwwtest.library.ucla.edu /home/www/test/libraries/special/wildershores/images Bakers_camels_thumb.jpg
107.01.30 10:13 B I:\Technical_Services_Division\Deborah W\wildershores\images\BeautiesBosphorus_small.jpg --> wwwtest.library.ucla.edu /home/www/test/libraries/special/wildershores/images BeautiesBosphorus_small.jpg
107.01.30 10:13 B I:\Technical_Services_Division\Deborah W\wildershores\images\Birdcamera_small.jpg --> wwwtest.library.ucla.edu /home/www/test/libraries/special/wildershores/images Birdcamera_small.jpg
107.01.30 10:13 B I:\Technical_Services_Division\Deborah W\wildershores\images\Birdphoto1_small.jpg --> wwwtest.library.ucla.edu /home/www/test/libraries/special/wildershores/images Birdphoto1_small.jpg
107.01.30 10:13 B I:\Technical_Services_Division\Deborah W\wildershores\images\Birdphoto2_small.jpg --> wwwtest.library.ucla.edu /home/www/test/libraries/special/wildershores/images Birdphoto2_small.jpg
107.01.30 10:13 B I:\Technical_Services_Division\Deborah W\wildershores\images\Birdport_big.jpg --> wwwtest.library.ucla.edu /home/www/test/libraries/special/wildershores/images Birdport_big.jpg
107.01.30 10:13 B I:\Technical_Services_Division\Deborah W\wildershores\images\Birdport_thumb.jpg --> wwwtest.library.ucla.edu /home/www/test/libraries/special/wildershores/images Birdport_thumb.jpg
107.01.30 10:13 B I:\Technical_Services_Division\Deborah W\wildershores\images\blessington_thumb.jpg --> wwwtest.library.ucla.edu /home/www/test/libraries/special/wildershores/images blessington_thumb.jpg
107.01.30 10:13 B I:\Technical_Services_Division\Deborah W\wildershores\images\blessingtonport2.jpg --> wwwtest.library.ucla.edu /home/www/test/libraries/special/wildershores/images blessingtonport2.jpg
107.01.30 10:13 B I:\Technical_Services_Division\Deborah W\wildershores\images\Brassey1_small.jpg --> wwwtest.library.ucla.edu /home/www/test/libraries/special/wildershores/images Brassey1_small.jpg
107.01.30 10:13 B I:\Technical_Services_Division\Deborah W\wildershores\images\Brassey2_small.jpg --> wwwtest.library.ucla.edu /home/www/test/libraries/special/wildershores/images Brassey2_small.jpg
107.01.30 10:13 B I:\Technical_Services_Division\Deborah W\wildershores\images\brassey_thumb.jpg --> wwwtest.library.ucla.edu /home/www/test/libraries/special/wildershores/images brassey_thumb.jpg
107.01.30 10:13 B I:\Technical_Services_Division\Deborah W\wildershores\images\Burtonhouse_small.jpg --> wwwtest.library.ucla.edu /home/www/test/libraries/special/wildershores/images Burtonhouse_small.jpg
107.01.30 10:13 B I:\Technical_Services_Division\Deborah W\wildershores\images\Calderon_small.jpg --> wwwtest.library.ucla.edu /home/www/test/libraries/special/wildershores/images Calderon_small.jpg
107.01.30 10:13 B I:\Technical_Services_Division\Deborah W\wildershores\images\Calderon_thumb.jpg --> wwwtest.library.ucla.edu /home/www/test/libraries/special/wildershores/images Calderon_thumb.jpg
107.01.30 10:13 B I:\Technical_Services_Division\Deborah W\wildershores\images\CaptivityBarbar_small.jpg --> wwwtest.library.ucla.edu /home/www/test/libraries/special/wildershores/images CaptivityBarbar_small.jpg
107.01.30 10:13 B I:\Technical_Services_Division\Deborah W\wildershores\images\corrine_small.jpg --> wwwtest.library.ucla.edu /home/www/test/libraries/special/wildershores/images corrine_small.jpg
107.01.30 10:13 B I:\Technical_Services_Division\Deborah W\wildershores\images\Craven_Journey_small.jpg --> wwwtest.library.ucla.edu /home/www/test/libraries/special/wildershores/images Craven_Journey_small.jpg
107.01.30 10:13 B I:\Technical_Services_Division\Deborah W\wildershores\images\craven_print.jpg --> wwwtest.library.ucla.edu /home/www/test/libraries/special/wildershores/images craven_print.jpg
107.01.30 10:13 B I:\Technical_Services_Division\Deborah W\wildershores\images\craven_small.jpg --> wwwtest.library.ucla.edu /home/www/test/libraries/special/wildershores/images craven_small.jpg
107.01.30 10:13 B I:\Technical_Services_Division\Deborah W\wildershores\images\craven_thumb.jpg --> wwwtest.library.ucla.edu /home/www/test/libraries/special/wildershores/images craven_thumb.jpg
107.01.30 10:13 B I:\Technical_Services_Division\Deborah W\wildershores\images\DeStael-port_small.jpg --> wwwtest.library.ucla.edu /home/www/test/libraries/special/wildershores/images DeStael-port_small.jpg
107.01.30 10:13 B I:\Technical_Services_Division\Deborah W\wildershores\images\DeStael-port_thumb.jpg --> wwwtest.library.ucla.edu /home/www/test/libraries/special/wildershores/images DeStael-port_thumb.jpg
107.01.30 10:13 B I:\Technical_Services_Division\Deborah W\wildershores\images\Dieulafoyattack_small.jpg --> wwwtest.library.ucla.edu /home/www/test/libraries/special/wildershores/images Dieulafoyattack_small.jpg
107.01.30 10:13 B I:\Technical_Services_Division\Deborah W\wildershores\images\Dieulafoyport_small.jpg --> wwwtest.library.ucla.edu /home/www/test/libraries/special/wildershores/images Dieulafoyport_small.jpg
107.01.30 10:13 B I:\Technical_Services_Division\Deborah W\wildershores\images\Dieulafoyport_thumb.jpg --> wwwtest.library.ucla.edu /home/www/test/libraries/special/wildershores/images Dieulafoyport_thumb.jpg
107.01.30 10:13 B I:\Technical_Services_Division\Deborah W\wildershores\images\Dieulafoyprint_small.jpg --> wwwtest.library.ucla.edu /home/www/test/libraries/special/wildershores/images Dieulafoyprint_small.jpg
107.01.30 10:13 B I:\Technical_Services_Division\Deborah W\wildershores\images\EdenThibetTartars_small.jpg --> wwwtest.library.ucla.edu /home/www/test/libraries/special/wildershores/images EdenThibetTartars_small.jpg
107.01.30 10:13 B I:\Technical_Services_Division\Deborah W\wildershores\images\EdenTp_small.jpg --> wwwtest.library.ucla.edu /home/www/test/libraries/special/wildershores/images EdenTp_small.jpg
107.01.30 10:13 B I:\Technical_Services_Division\Deborah W\wildershores\images\EdenTp_Thumb.jpg --> wwwtest.library.ucla.edu /home/www/test/libraries/special/wildershores/images EdenTp_Thumb.jpg
107.01.30 10:13 B I:\Technical_Services_Division\Deborah W\wildershores\images\Edwards_Mummies_small.jpg --> wwwtest.library.ucla.edu /home/www/test/libraries/special/wildershores/images Edwards_Mummies_small.jpg
107.01.30 10:13 B I:\Technical_Services_Division\Deborah W\wildershores\images\edwards_small.jpg --> wwwtest.library.ucla.edu /home/www/test/libraries/special/wildershores/images edwards_small.jpg
107.01.30 10:13 B I:\Technical_Services_Division\Deborah W\wildershores\images\edwards_thumb.jpg --> wwwtest.library.ucla.edu /home/www/test/libraries/special/wildershores/images edwards_thumb.jpg
107.01.30 10:13 B I:\Technical_Services_Division\Deborah W\wildershores\images\ElizaBradley_frontispiece_s.jpg --> wwwtest.library.ucla.edu /home/www/test/libraries/special/wildershores/images ElizaBradley_frontispiece_s.jpg
107.01.30 10:13 B I:\Technical_Services_Division\Deborah W\wildershores\images\ElizaBradley_thumb.jpg --> wwwtest.library.ucla.edu /home/www/test/libraries/special/wildershores/images ElizaBradley_thumb.jpg
107.01.30 10:13 B I:\Technical_Services_Division\Deborah W\wildershores\images\enter_exhibit_over.jpg --> wwwtest.library.ucla.edu /home/www/test/libraries/special/wildershores/images enter_exhibit_over.jpg
107.01.30 10:13 B I:\Technical_Services_Division\Deborah W\wildershores\images\enter_exhibit_up.jpg --> wwwtest.library.ucla.edu /home/www/test/libraries/special/wildershores/images enter_exhibit_up.jpg
107.01.30 10:13 B I:\Technical_Services_Division\Deborah W\wildershores\images\GauntAloneWestAfrica_small.jpg --> wwwtest.library.ucla.edu /home/www/test/libraries/special/wildershores/images GauntAloneWestAfrica_small.jpg
107.01.30 10:13 B I:\Technical_Services_Division\Deborah W\wildershores\images\GauntAloneWestAfrica_thumb.jpg --> wwwtest.library.ucla.edu /home/www/test/libraries/special/wildershores/images GauntAloneWestAfrica_thumb.jpg
107.01.30 10:13 B I:\Technical_Services_Division\Deborah W\wildershores\images\HaremPainting_small.jpg --> wwwtest.library.ucla.edu /home/www/test/libraries/special/wildershores/images HaremPainting_small.jpg
107.01.30 10:13 B I:\Technical_Services_Division\Deborah W\wildershores\images\HaremPainting_thumb.jpg --> wwwtest.library.ucla.edu /home/www/test/libraries/special/wildershores/images HaremPainting_thumb.jpg
107.01.30 10:13 B I:\Technical_Services_Division\Deborah W\wildershores\images\header_africa.jpg --> wwwtest.library.ucla.edu /home/www/test/libraries/special/wildershores/images header_africa.jpg
107.01.30 10:13 B I:\Technical_Services_Division\Deborah W\wildershores\images\header_africa2.jpg --> wwwtest.library.ucla.edu /home/www/test/libraries/special/wildershores/images header_africa2.jpg
107.01.30 10:13 B I:\Technical_Services_Division\Deborah W\wildershores\images\header_americas.jpg --> wwwtest.library.ucla.edu /home/www/test/libraries/special/wildershores/images header_americas.jpg
107.01.30 10:13 B I:\Technical_Services_Division\Deborah W\wildershores\images\header_americas2.jpg --> wwwtest.library.ucla.edu /home/www/test/libraries/special/wildershores/images header_americas2.jpg
107.01.30 10:13 B I:\Technical_Services_Division\Deborah W\wildershores\images\header_credits.jpg --> wwwtest.library.ucla.edu /home/www/test/libraries/special/wildershores/images header_credits.jpg
107.01.30 10:13 B I:\Technical_Services_Division\Deborah W\wildershores\images\header_europe.jpg --> wwwtest.library.ucla.edu /home/www/test/libraries/special/wildershores/images header_europe.jpg
107.01.30 10:13 B I:\Technical_Services_Division\Deborah W\wildershores\images\header_india.jpg --> wwwtest.library.ucla.edu /home/www/test/libraries/special/wildershores/images header_india.jpg
107.01.30 10:13 B I:\Technical_Services_Division\Deborah W\wildershores\images\header_india2.jpg --> wwwtest.library.ucla.edu /home/www/test/libraries/special/wildershores/images header_india2.jpg
107.01.30 10:13 B I:\Technical_Services_Division\Deborah W\wildershores\images\header_mideast.jpg --> wwwtest.library.ucla.edu /home/www/test/libraries/special/wildershores/images header_mideast.jpg
107.01.30 10:13 B I:\Technical_Services_Division\Deborah W\wildershores\images\header_mideast2.jpg --> wwwtest.library.ucla.edu /home/www/test/libraries/special/wildershores/images header_mideast2.jpg
107.01.30 10:13 B I:\Technical_Services_Division\Deborah W\wildershores\images\header_russia.jpg --> wwwtest.library.ucla.edu /home/www/test/libraries/special/wildershores/images header_russia.jpg
107.01.30 10:13 B I:\Technical_Services_Division\Deborah W\wildershores\images\header_russia2.jpg --> wwwtest.library.ucla.edu /home/www/test/libraries/special/wildershores/images header_russia2.jpg
107.01.30 10:13 B I:\Technical_Services_Division\Deborah W\wildershores\images\header_trav2europe.jpg --> wwwtest.library.ucla.edu /home/www/test/libraries/special/wildershores/images header_trav2europe.jpg
107.01.30 10:13 B I:\Technical_Services_Division\Deborah W\wildershores\images\header_turkey.jpg --> wwwtest.library.ucla.edu /home/www/test/libraries/special/wildershores/images header_turkey.jpg
107.01.30 10:13 B I:\Technical_Services_Division\Deborah W\wildershores\images\header_turkey2.jpg --> wwwtest.library.ucla.edu /home/www/test/libraries/special/wildershores/images header_turkey2.jpg
107.01.30 10:13 B I:\Technical_Services_Division\Deborah W\wildershores\images\Hommaire_Ill2_small.jpg --> wwwtest.library.ucla.edu /home/www/test/libraries/special/wildershores/images Hommaire_Ill2_small.jpg
107.01.30 10:13 B I:\Technical_Services_Division\Deborah W\wildershores\images\Hommaire_Ill_small.jpg --> wwwtest.library.ucla.edu /home/www/test/libraries/special/wildershores/images Hommaire_Ill_small.jpg
107.01.30 10:13 B I:\Technical_Services_Division\Deborah W\wildershores\images\Hommaire_port_small.jpg --> wwwtest.library.ucla.edu /home/www/test/libraries/special/wildershores/images Hommaire_port_small.jpg
107.01.30 10:13 B I:\Technical_Services_Division\Deborah W\wildershores\images\Hommaire_port_thumb.jpg --> wwwtest.library.ucla.edu /home/www/test/libraries/special/wildershores/images Hommaire_port_thumb.jpg
107.01.30 10:13 B I:\Technical_Services_Division\Deborah W\wildershores\images\Idler_small.jpg --> wwwtest.library.ucla.edu /home/www/test/libraries/special/wildershores/images Idler_small.jpg
107.01.30 10:13 B I:\Technical_Services_Division\Deborah W\wildershores\images\IsabelBurton_small.jpg --> wwwtest.library.ucla.edu /home/www/test/libraries/special/wildershores/images IsabelBurton_small.jpg
107.01.30 10:13 B I:\Technical_Services_Division\Deborah W\wildershores\images\IsabelBurton_thumb.jpg --> wwwtest.library.ucla.edu /home/www/test/libraries/special/wildershores/images IsabelBurton_thumb.jpg
107.01.30 10:13 B I:\Technical_Services_Division\Deborah W\wildershores\images\Kingsley2_small.jpg --> wwwtest.library.ucla.edu /home/www/test/libraries/special/wildershores/images Kingsley2_small.jpg
107.01.30 10:13 B I:\Technical_Services_Division\Deborah W\wildershores\images\Kingsley2_thumb.jpg --> wwwtest.library.ucla.edu /home/www/test/libraries/special/wildershores/images Kingsley2_thumb.jpg
107.01.30 10:13 B I:\Technical_Services_Division\Deborah W\wildershores\images\kingsley_big.jpg --> wwwtest.library.ucla.edu /home/www/test/libraries/special/wildershores/images kingsley_big.jpg
107.01.30 10:13 B I:\Technical_Services_Division\Deborah W\wildershores\images\KingsleyFish_small.jpg --> wwwtest.library.ucla.edu /home/www/test/libraries/special/wildershores/images KingsleyFish_small.jpg
107.01.30 10:13 B I:\Technical_Services_Division\Deborah W\wildershores\images\Lady-Montagu-frontispiece-s.jpg --> wwwtest.library.ucla.edu /home/www/test/libraries/special/wildershores/images Lady-Montagu-frontispiece-s.jpg
107.01.30 10:13 B I:\Technical_Services_Division\Deborah W\wildershores\images\lolamontez_lectures.jpg --> wwwtest.library.ucla.edu /home/www/test/libraries/special/wildershores/images lolamontez_lectures.jpg
107.01.30 10:13 B I:\Technical_Services_Division\Deborah W\wildershores\images\LolaMontez_small.jpg --> wwwtest.library.ucla.edu /home/www/test/libraries/special/wildershores/images LolaMontez_small.jpg
107.01.30 10:13 B I:\Technical_Services_Division\Deborah W\wildershores\images\LolaMontez_thumb.jpg --> wwwtest.library.ucla.edu /home/www/test/libraries/special/wildershores/images LolaMontez_thumb.jpg
107.01.30 10:13 B I:\Technical_Services_Division\Deborah W\wildershores\images\LTLottBind_small.jpg --> wwwtest.library.ucla.edu /home/www/test/libraries/special/wildershores/images LTLottBind_small.jpg
107.01.30 10:13 B I:\Technical_Services_Division\Deborah W\wildershores\images\LTLottBind_thumb.jpg --> wwwtest.library.ucla.edu /home/www/test/libraries/special/wildershores/images LTLottBind_thumb.jpg
107.01.30 10:13 B I:\Technical_Services_Division\Deborah W\wildershores\images\LTLottNightsbind_small.jpg --> wwwtest.library.ucla.edu /home/www/test/libraries/special/wildershores/images LTLottNightsbind_small.jpg
107.01.30 10:13 B I:\Technical_Services_Division\Deborah W\wildershores\images\LTLottNightsbind_thumb.jpg --> wwwtest.library.ucla.edu /home/www/test/libraries/special/wildershores/images LTLottNightsbind_thumb.jpg
107.01.30 10:13 B I:\Technical_Services_Division\Deborah W\wildershores\images\LTStoweHB_small.jpg --> wwwtest.library.ucla.edu /home/www/test/libraries/special/wildershores/images LTStoweHB_small.jpg
107.01.30 10:13 B I:\Technical_Services_Division\Deborah W\wildershores\images\LTStoweHB_thumb.jpg --> wwwtest.library.ucla.edu /home/www/test/libraries/special/wildershores/images LTStoweHB_thumb.jpg
107.01.30 10:13 B I:\Technical_Services_Division\Deborah W\wildershores\images\Map_Africa_small.jpg --> wwwtest.library.ucla.edu /home/www/test/libraries/special/wildershores/images Map_Africa_small.jpg
107.01.30 10:13 B I:\Technical_Services_Division\Deborah W\wildershores\images\Map_Africa_thumb.jpg --> wwwtest.library.ucla.edu /home/www/test/libraries/special/wildershores/images Map_Africa_thumb.jpg
107.01.30 10:13 B I:\Technical_Services_Division\Deborah W\wildershores\images\Map_ArabiaPersia_small.jpg --> wwwtest.library.ucla.edu /home/www/test/libraries/special/wildershores/images Map_ArabiaPersia_small.jpg
107.01.30 10:13 B I:\Technical_Services_Division\Deborah W\wildershores\images\Map_ArabiaPersia_thumb.jpg --> wwwtest.library.ucla.edu /home/www/test/libraries/special/wildershores/images Map_ArabiaPersia_thumb.jpg
107.01.30 10:13 B I:\Technical_Services_Division\Deborah W\wildershores\images\Map_Europe.jpg --> wwwtest.library.ucla.edu /home/www/test/libraries/special/wildershores/images Map_Europe.jpg
107.01.30 10:13 B I:\Technical_Services_Division\Deborah W\wildershores\images\Map_Europe_thumb.jpg --> wwwtest.library.ucla.edu /home/www/test/libraries/special/wildershores/images Map_Europe_thumb.jpg
107.01.30 10:13 B I:\Technical_Services_Division\Deborah W\wildershores\images\Map_India_small.jpg --> wwwtest.library.ucla.edu /home/www/test/libraries/special/wildershores/images Map_India_small.jpg
107.01.30 10:13 B I:\Technical_Services_Division\Deborah W\wildershores\images\Map_India_thumb.jpg --> wwwtest.library.ucla.edu /home/www/test/libraries/special/wildershores/images Map_India_thumb.jpg
107.01.30 10:13 B I:\Technical_Services_Division\Deborah W\wildershores\images\Map_NorthAmerica_small.jpg --> wwwtest.library.ucla.edu /home/www/test/libraries/special/wildershores/images Map_NorthAmerica_small.jpg
107.01.30 10:13 B I:\Technical_Services_Division\Deborah W\wildershores\images\Map_NorthAmerica_thumb.jpg --> wwwtest.library.ucla.edu /home/www/test/libraries/special/wildershores/images Map_NorthAmerica_thumb.jpg
107.01.30 10:13 B I:\Technical_Services_Division\Deborah W\wildershores\images\Map_Russia.jpg --> wwwtest.library.ucla.edu /home/www/test/libraries/special/wildershores/images Map_Russia.jpg
107.01.30 10:13 B I:\Technical_Services_Division\Deborah W\wildershores\images\Map_Russia_thumb.jpg --> wwwtest.library.ucla.edu /home/www/test/libraries/special/wildershores/images Map_Russia_thumb.jpg
107.01.30 10:13 B I:\Technical_Services_Division\Deborah W\wildershores\images\Map_Turkey_small.jpg --> wwwtest.library.ucla.edu /home/www/test/libraries/special/wildershores/images Map_Turkey_small.jpg
107.01.30 10:13 B I:\Technical_Services_Division\Deborah W\wildershores\images\Map_Turkey_thumb.jpg --> wwwtest.library.ucla.edu /home/www/test/libraries/special/wildershores/images Map_Turkey_thumb.jpg
107.01.30 10:13 B I:\Technical_Services_Division\Deborah W\wildershores\images\Marsdenbind_small.jpg --> wwwtest.library.ucla.edu /home/www/test/libraries/special/wildershores/images Marsdenbind_small.jpg
107.01.30 10:13 B I:\Technical_Services_Division\Deborah W\wildershores\images\Marsdenbind_thumb.jpg --> wwwtest.library.ucla.edu /home/www/test/libraries/special/wildershores/images Marsdenbind_thumb.jpg
107.01.30 10:13 B I:\Technical_Services_Division\Deborah W\wildershores\images\martineau_cover_small.jpg --> wwwtest.library.ucla.edu /home/www/test/libraries/special/wildershores/images martineau_cover_small.jpg
107.01.30 10:13 B I:\Technical_Services_Division\Deborah W\wildershores\images\Martineau_small.jpg --> wwwtest.library.ucla.edu /home/www/test/libraries/special/wildershores/images Martineau_small.jpg
107.01.30 10:13 B I:\Technical_Services_Division\Deborah W\wildershores\images\Martineau_thumb.jpg --> wwwtest.library.ucla.edu /home/www/test/libraries/special/wildershores/images Martineau_thumb.jpg
107.01.30 10:13 B I:\Technical_Services_Division\Deborah W\wildershores\images\martineau_tp1_small.jpg --> wwwtest.library.ucla.edu /home/www/test/libraries/special/wildershores/images martineau_tp1_small.jpg
107.01.30 10:13 B I:\Technical_Services_Division\Deborah W\wildershores\images\MeineZweiteWeltreise.jpg --> wwwtest.library.ucla.edu /home/www/test/libraries/special/wildershores/images MeineZweiteWeltreise.jpg
107.01.30 10:13 B I:\Technical_Services_Division\Deborah W\wildershores\images\MeineZweiteWeltreise_fsmall.jpg --> wwwtest.library.ucla.edu /home/www/test/libraries/special/wildershores/images MeineZweiteWeltreise_fsmall.jpg
107.01.30 10:13 B I:\Technical_Services_Division\Deborah W\wildershores\images\north_paints.jpg --> wwwtest.library.ucla.edu /home/www/test/libraries/special/wildershores/images north_paints.jpg
107.01.30 10:13 B I:\Technical_Services_Division\Deborah W\wildershores\images\North_small.jpg --> wwwtest.library.ucla.edu /home/www/test/libraries/special/wildershores/images North_small.jpg
107.01.30 10:13 B I:\Technical_Services_Division\Deborah W\wildershores\images\North_thumb.jpg --> wwwtest.library.ucla.edu /home/www/test/libraries/special/wildershores/images North_thumb.jpg
107.01.30 10:13 B I:\Technical_Services_Division\Deborah W\wildershores\images\NorthBind_small.jpg --> wwwtest.library.ucla.edu /home/www/test/libraries/special/wildershores/images NorthBind_small.jpg
107.01.30 10:13 B I:\Technical_Services_Division\Deborah W\wildershores\images\NorthPlants_small.jpg --> wwwtest.library.ucla.edu /home/www/test/libraries/special/wildershores/images NorthPlants_small.jpg
107.01.30 10:13 B I:\Technical_Services_Division\Deborah W\wildershores\images\NorthPlants_thumb.jpg --> wwwtest.library.ucla.edu /home/www/test/libraries/special/wildershores/images NorthPlants_thumb.jpg
107.01.30 10:13 B I:\Technical_Services_Division\Deborah W\wildershores\images\pardoe_small.jpg --> wwwtest.library.ucla.edu /home/www/test/libraries/special/wildershores/images pardoe_small.jpg
107.01.30 10:13 B I:\Technical_Services_Division\Deborah W\wildershores\images\pardoe_thumb.jpg --> wwwtest.library.ucla.edu /home/www/test/libraries/special/wildershores/images pardoe_thumb.jpg
107.01.30 10:13 B I:\Technical_Services_Division\Deborah W\wildershores\images\Pfeifferport.jpg --> wwwtest.library.ucla.edu /home/www/test/libraries/special/wildershores/images Pfeifferport.jpg
107.01.30 10:13 B I:\Technical_Services_Division\Deborah W\wildershores\images\Pfeifferport_thumb.jpg --> wwwtest.library.ucla.edu /home/www/test/libraries/special/wildershores/images Pfeifferport_thumb.jpg
107.01.30 10:13 B I:\Technical_Services_Division\Deborah W\wildershores\images\poster.jpg --> wwwtest.library.ucla.edu /home/www/test/libraries/special/wildershores/images poster.jpg
107.01.30 10:13 B I:\Technical_Services_Division\Deborah W\wildershores\images\RichardBurton_small.jpg --> wwwtest.library.ucla.edu /home/www/test/libraries/special/wildershores/images RichardBurton_small.jpg
107.01.30 10:13 B I:\Technical_Services_Division\Deborah W\wildershores\images\RuinsPalmyra_small.jpg --> wwwtest.library.ucla.edu /home/www/test/libraries/special/wildershores/images RuinsPalmyra_small.jpg
107.01.30 10:13 B I:\Technical_Services_Division\Deborah W\wildershores\images\Seacole2_small.jpg --> wwwtest.library.ucla.edu /home/www/test/libraries/special/wildershores/images Seacole2_small.jpg
107.01.30 10:13 B I:\Technical_Services_Division\Deborah W\wildershores\images\Seacole2_thumb.jpg --> wwwtest.library.ucla.edu /home/www/test/libraries/special/wildershores/images Seacole2_thumb.jpg
107.01.30 10:13 B I:\Technical_Services_Division\Deborah W\wildershores\images\SheldonPalanquin_small.jpg --> wwwtest.library.ucla.edu /home/www/test/libraries/special/wildershores/images SheldonPalanquin_small.jpg
107.01.30 10:13 B I:\Technical_Services_Division\Deborah W\wildershores\images\SheldonPalanquin_thumb.jpg --> wwwtest.library.ucla.edu /home/www/test/libraries/special/wildershores/images SheldonPalanquin_thumb.jpg
107.01.30 10:13 B I:\Technical_Services_Division\Deborah W\wildershores\images\Stanhop_Port_small.jpg --> wwwtest.library.ucla.edu /home/www/test/libraries/special/wildershores/images Stanhop_Port_small.jpg
107.01.30 10:13 B I:\Technical_Services_Division\Deborah W\wildershores\images\Stanhop_Port_thumb.jpg --> wwwtest.library.ucla.edu /home/www/test/libraries/special/wildershores/images Stanhop_Port_thumb.jpg
107.01.30 10:13 B I:\Technical_Services_Division\Deborah W\wildershores\images\Stanhope_2_small.jpg --> wwwtest.library.ucla.edu /home/www/test/libraries/special/wildershores/images Stanhope_2_small.jpg
107.01.30 10:13 B I:\Technical_Services_Division\Deborah W\wildershores\images\Thumbs.db --> wwwtest.library.ucla.edu /home/www/test/libraries/special/wildershores/images Thumbs.db
107.01.30 10:13 B I:\Technical_Services_Division\Deborah W\wildershores\images\Trollope_Domestic_small.jpg --> wwwtest.library.ucla.edu /home/www/test/libraries/special/wildershores/images Trollope_Domestic_small.jpg
107.01.30 10:13 B I:\Technical_Services_Division\Deborah W\wildershores\images\Trollope_Domestic_thumb.jpg --> wwwtest.library.ucla.edu /home/www/test/libraries/special/wildershores/images Trollope_Domestic_thumb.jpg
107.01.30 10:13 B I:\Technical_Services_Division\Deborah W\wildershores\images\trollope_letter1.jpg --> wwwtest.library.ucla.edu /home/www/test/libraries/special/wildershores/images trollope_letter1.jpg
107.01.30 10:13 B I:\Technical_Services_Division\Deborah W\wildershores\images\trollope_letter2.jpg --> wwwtest.library.ucla.edu /home/www/test/libraries/special/wildershores/images trollope_letter2.jpg
107.01.30 10:13 B I:\Technical_Services_Division\Deborah W\wildershores\images\Trollope_Paris_small.jpg --> wwwtest.library.ucla.edu /home/www/test/libraries/special/wildershores/images Trollope_Paris_small.jpg
107.01.30 10:13 B I:\Technical_Services_Division\Deborah W\wildershores\images\trollope_small.jpg --> wwwtest.library.ucla.edu /home/www/test/libraries/special/wildershores/images trollope_small.jpg
107.01.30 10:13 B I:\Technical_Services_Division\Deborah W\wildershores\images\trollope_thumb.jpg --> wwwtest.library.ucla.edu /home/www/test/libraries/special/wildershores/images trollope_thumb.jpg
107.01.30 10:13 B I:\Technical_Services_Division\Deborah W\wildershores\images\UpCountry_tp_small.jpg --> wwwtest.library.ucla.edu /home/www/test/libraries/special/wildershores/images UpCountry_tp_small.jpg
107.01.30 10:13 B I:\Technical_Services_Division\Deborah W\wildershores\images\VoyageBrazil_frpc_small.jpg --> wwwtest.library.ucla.edu /home/www/test/libraries/special/wildershores/images VoyageBrazil_frpc_small.jpg
107.01.30 10:13 B I:\Technical_Services_Division\Deborah W\wildershores\images\VoyageBrazil_frpc_thumb.jpg --> wwwtest.library.ucla.edu /home/www/test/libraries/special/wildershores/images VoyageBrazil_frpc_thumb.jpg
107.01.30 10:13 B I:\Technical_Services_Division\Deborah W\wildershores\images\VoyageBrazil_tp_small.jpg --> wwwtest.library.ucla.edu /home/www/test/libraries/special/wildershores/images VoyageBrazil_tp_small.jpg
107.01.30 10:13 B I:\Technical_Services_Division\Deborah W\wildershores\images\wolstonecraft_small.jpg --> wwwtest.library.ucla.edu /home/www/test/libraries/special/wildershores/images wolstonecraft_small.jpg
107.01.30 10:13 B I:\Technical_Services_Division\Deborah W\wildershores\images\wolstonecraft_thumb.jpg --> wwwtest.library.ucla.edu /home/www/test/libraries/special/wildershores/images wolstonecraft_thumb.jpg
107.01.30 10:13 B I:\Technical_Services_Division\Deborah W\wildershores\images\workman_small.jpg --> wwwtest.library.ucla.edu /home/www/test/libraries/special/wildershores/images workman_small.jpg
107.01.30 10:13 B I:\Technical_Services_Division\Deborah W\wildershores\images\Wortley-Montagu.jpg --> wwwtest.library.ucla.edu /home/www/test/libraries/special/wildershores/images Wortley-Montagu.jpg
107.01.30 10:13 B I:\Technical_Services_Division\Deborah W\wildershores\images\Wortley-Montagu_thumb.jpg --> wwwtest.library.ucla.edu /home/www/test/libraries/special/wildershores/images Wortley-Montagu_thumb.jpg
107.01.30 10:13 B I:\Technical_Services_Division\Deborah W\wildershores\images\WS_FTP.LOG --> wwwtest.library.ucla.edu /home/www/test/libraries/special/wildershores/images WS_FTP.LOG
107.01.30 10:13 B I:\Technical_Services_Division\Deborah W\wildershores\images\yellos3inchspacer.jpg --> wwwtest.library.ucla.edu /home/www/test/libraries/special/wildershores/images yellos3inchspacer.jpg
107.01.30 10:13 B I:\Technical_Services_Division\Deborah W\wildershores\images\yellow2inchspacer.jpg --> wwwtest.library.ucla.edu /home/www/test/libraries/special/wildershores/images yellow2inchspacer.jpg
107.01.30 10:13 B I:\Technical_Services_Division\Deborah W\wildershores\images\yellow3inchspacer.jpg --> wwwtest.library.ucla.edu /home/www/test/libraries/special/wildershores/images yellow3inchspacer.jpg
107.02.07 10:15 B I:\Technical_Services_Division\Deborah W\wildershores\images\header_slides.jpg --> wwwtest.library.ucla.edu /home/www/test/libraries/special/wildershores/images header_slides.jpg
107.04.03 10:52 B I:\Technical_Services_Division\Deborah W\wildershores\images\arabian_small.jpg --> wwwstage.library.ucla.edu /libraries/special/wildershores/images arabian_small.jpg
107.04.03 10:52 B I:\Technical_Services_Division\Deborah W\wildershores\images\Bakers_camels_small.jpg --> wwwstage.library.ucla.edu /libraries/special/wildershores/images Bakers_camels_small.jpg
107.04.03 10:52 B I:\Technical_Services_Division\Deborah W\wildershores\images\Bakers_camels_thumb.jpg --> wwwstage.library.ucla.edu /libraries/special/wildershores/images Bakers_camels_thumb.jpg
107.04.03 10:52 B I:\Technical_Services_Division\Deborah W\wildershores\images\BeautiesBosphorus_small.jpg --> wwwstage.library.ucla.edu /libraries/special/wildershores/images BeautiesBosphorus_small.jpg
107.04.03 10:52 B I:\Technical_Services_Division\Deborah W\wildershores\images\Birdcamera_small.jpg --> wwwstage.library.ucla.edu /libraries/special/wildershores/images Birdcamera_small.jpg
107.04.03 10:52 B I:\Technical_Services_Division\Deborah W\wildershores\images\Birdphoto1_small.jpg --> wwwstage.library.ucla.edu /libraries/special/wildershores/images Birdphoto1_small.jpg
107.04.03 10:52 B I:\Technical_Services_Division\Deborah W\wildershores\images\Birdphoto2_small.jpg --> wwwstage.library.ucla.edu /libraries/special/wildershores/images Birdphoto2_small.jpg
107.04.03 10:52 B I:\Technical_Services_Division\Deborah W\wildershores\images\Birdport_big.jpg --> wwwstage.library.ucla.edu /libraries/special/wildershores/images Birdport_big.jpg
107.04.03 10:52 B I:\Technical_Services_Division\Deborah W\wildershores\images\Birdport_thumb.jpg --> wwwstage.library.ucla.edu /libraries/special/wildershores/images Birdport_thumb.jpg
107.04.03 10:52 B I:\Technical_Services_Division\Deborah W\wildershores\images\blessington_thumb.jpg --> wwwstage.library.ucla.edu /libraries/special/wildershores/images blessington_thumb.jpg
107.04.03 10:52 B I:\Technical_Services_Division\Deborah W\wildershores\images\blessingtonport2.jpg --> wwwstage.library.ucla.edu /libraries/special/wildershores/images blessingtonport2.jpg
107.04.03 10:52 B I:\Technical_Services_Division\Deborah W\wildershores\images\Brassey1_small.jpg --> wwwstage.library.ucla.edu /libraries/special/wildershores/images Brassey1_small.jpg
107.04.03 10:52 B I:\Technical_Services_Division\Deborah W\wildershores\images\Brassey2_small.jpg --> wwwstage.library.ucla.edu /libraries/special/wildershores/images Brassey2_small.jpg
107.04.03 10:52 B I:\Technical_Services_Division\Deborah W\wildershores\images\brassey_thumb.jpg --> wwwstage.library.ucla.edu /libraries/special/wildershores/images brassey_thumb.jpg
107.04.03 10:52 B I:\Technical_Services_Division\Deborah W\wildershores\images\Burtonhouse_small.jpg --> wwwstage.library.ucla.edu /libraries/special/wildershores/images Burtonhouse_small.jpg
107.04.03 10:52 B I:\Technical_Services_Division\Deborah W\wildershores\images\Calderon_small.jpg --> wwwstage.library.ucla.edu /libraries/special/wildershores/images Calderon_small.jpg
107.04.03 10:52 B I:\Technical_Services_Division\Deborah W\wildershores\images\Calderon_thumb.jpg --> wwwstage.library.ucla.edu /libraries/special/wildershores/images Calderon_thumb.jpg
107.04.03 10:52 B I:\Technical_Services_Division\Deborah W\wildershores\images\CaptivityBarbar_small.jpg --> wwwstage.library.ucla.edu /libraries/special/wildershores/images CaptivityBarbar_small.jpg
107.04.03 10:52 B I:\Technical_Services_Division\Deborah W\wildershores\images\corrine_small.jpg --> wwwstage.library.ucla.edu /libraries/special/wildershores/images corrine_small.jpg
107.04.03 10:52 B I:\Technical_Services_Division\Deborah W\wildershores\images\Craven_Journey_small.jpg --> wwwstage.library.ucla.edu /libraries/special/wildershores/images Craven_Journey_small.jpg
107.04.03 10:52 B I:\Technical_Services_Division\Deborah W\wildershores\images\craven_print.jpg --> wwwstage.library.ucla.edu /libraries/special/wildershores/images craven_print.jpg
107.04.03 10:52 B I:\Technical_Services_Division\Deborah W\wildershores\images\craven_small.jpg --> wwwstage.library.ucla.edu /libraries/special/wildershores/images craven_small.jpg
107.04.03 10:52 B I:\Technical_Services_Division\Deborah W\wildershores\images\craven_thumb.jpg --> wwwstage.library.ucla.edu /libraries/special/wildershores/images craven_thumb.jpg
107.04.03 10:52 B I:\Technical_Services_Division\Deborah W\wildershores\images\DeStael-port_small.jpg --> wwwstage.library.ucla.edu /libraries/special/wildershores/images DeStael-port_small.jpg
107.04.03 10:52 B I:\Technical_Services_Division\Deborah W\wildershores\images\DeStael-port_thumb.jpg --> wwwstage.library.ucla.edu /libraries/special/wildershores/images DeStael-port_thumb.jpg
107.04.03 10:52 B I:\Technical_Services_Division\Deborah W\wildershores\images\Dieulafoyattack_small.jpg --> wwwstage.library.ucla.edu /libraries/special/wildershores/images Dieulafoyattack_small.jpg
107.04.03 10:52 B I:\Technical_Services_Division\Deborah W\wildershores\images\Dieulafoyport_small.jpg --> wwwstage.library.ucla.edu /libraries/special/wildershores/images Dieulafoyport_small.jpg
107.04.03 10:52 B I:\Technical_Services_Division\Deborah W\wildershores\images\Dieulafoyport_thumb.jpg --> wwwstage.library.ucla.edu /libraries/special/wildershores/images Dieulafoyport_thumb.jpg
107.04.03 10:52 B I:\Technical_Services_Division\Deborah W\wildershores\images\Dieulafoyprint_small.jpg --> wwwstage.library.ucla.edu /libraries/special/wildershores/images Dieulafoyprint_small.jpg
107.04.03 10:52 B I:\Technical_Services_Division\Deborah W\wildershores\images\EdenThibetTartars_small.jpg --> wwwstage.library.ucla.edu /libraries/special/wildershores/images EdenThibetTartars_small.jpg
107.04.03 10:52 B I:\Technical_Services_Division\Deborah W\wildershores\images\EdenTp_small.jpg --> wwwstage.library.ucla.edu /libraries/special/wildershores/images EdenTp_small.jpg
107.04.03 10:52 B I:\Technical_Services_Division\Deborah W\wildershores\images\EdenTp_Thumb.jpg --> wwwstage.library.ucla.edu /libraries/special/wildershores/images EdenTp_Thumb.jpg
107.04.03 10:52 B I:\Technical_Services_Division\Deborah W\wildershores\images\Edwards_Mummies_small.jpg --> wwwstage.library.ucla.edu /libraries/special/wildershores/images Edwards_Mummies_small.jpg
107.04.03 10:52 B I:\Technical_Services_Division\Deborah W\wildershores\images\edwards_small.jpg --> wwwstage.library.ucla.edu /libraries/special/wildershores/images edwards_small.jpg
107.04.03 10:52 B I:\Technical_Services_Division\Deborah W\wildershores\images\edwards_thumb.jpg --> wwwstage.library.ucla.edu /libraries/special/wildershores/images edwards_thumb.jpg
107.04.03 10:52 B I:\Technical_Services_Division\Deborah W\wildershores\images\ElizaBradley_frontispiece_s.jpg --> wwwstage.library.ucla.edu /libraries/special/wildershores/images ElizaBradley_frontispiece_s.jpg
107.04.03 10:52 B I:\Technical_Services_Division\Deborah W\wildershores\images\ElizaBradley_thumb.jpg --> wwwstage.library.ucla.edu /libraries/special/wildershores/images ElizaBradley_thumb.jpg
107.04.03 10:52 B I:\Technical_Services_Division\Deborah W\wildershores\images\enter_exhibit_over.jpg --> wwwstage.library.ucla.edu /libraries/special/wildershores/images enter_exhibit_over.jpg
107.04.03 10:52 B I:\Technical_Services_Division\Deborah W\wildershores\images\enter_exhibit_up.jpg --> wwwstage.library.ucla.edu /libraries/special/wildershores/images enter_exhibit_up.jpg
107.04.03 10:52 B I:\Technical_Services_Division\Deborah W\wildershores\images\GauntAloneWestAfrica_small.jpg --> wwwstage.library.ucla.edu /libraries/special/wildershores/images GauntAloneWestAfrica_small.jpg
107.04.03 10:52 B I:\Technical_Services_Division\Deborah W\wildershores\images\GauntAloneWestAfrica_thumb.jpg --> wwwstage.library.ucla.edu /libraries/special/wildershores/images GauntAloneWestAfrica_thumb.jpg
107.04.03 10:52 B I:\Technical_Services_Division\Deborah W\wildershores\images\HaremPainting_small.jpg --> wwwstage.library.ucla.edu /libraries/special/wildershores/images HaremPainting_small.jpg
107.04.03 10:52 B I:\Technical_Services_Division\Deborah W\wildershores\images\HaremPainting_thumb.jpg --> wwwstage.library.ucla.edu /libraries/special/wildershores/images HaremPainting_thumb.jpg
107.04.03 10:52 B I:\Technical_Services_Division\Deborah W\wildershores\images\header_africa.jpg --> wwwstage.library.ucla.edu /libraries/special/wildershores/images header_africa.jpg
107.04.03 10:52 B I:\Technical_Services_Division\Deborah W\wildershores\images\header_africa2.jpg --> wwwstage.library.ucla.edu /libraries/special/wildershores/images header_africa2.jpg
107.04.03 10:52 B I:\Technical_Services_Division\Deborah W\wildershores\images\header_americas.jpg --> wwwstage.library.ucla.edu /libraries/special/wildershores/images header_americas.jpg
107.04.03 10:52 B I:\Technical_Services_Division\Deborah W\wildershores\images\header_americas2.jpg --> wwwstage.library.ucla.edu /libraries/special/wildershores/images header_americas2.jpg
107.04.03 10:52 B I:\Technical_Services_Division\Deborah W\wildershores\images\header_credits.jpg --> wwwstage.library.ucla.edu /libraries/special/wildershores/images header_credits.jpg
107.04.03 10:52 B I:\Technical_Services_Division\Deborah W\wildershores\images\header_europe.jpg --> wwwstage.library.ucla.edu /libraries/special/wildershores/images header_europe.jpg
107.04.03 10:52 B I:\Technical_Services_Division\Deborah W\wildershores\images\header_india.jpg --> wwwstage.library.ucla.edu /libraries/special/wildershores/images header_india.jpg
107.04.03 10:52 B I:\Technical_Services_Division\Deborah W\wildershores\images\header_india2.jpg --> wwwstage.library.ucla.edu /libraries/special/wildershores/images header_india2.jpg
107.04.03 10:52 B I:\Technical_Services_Division\Deborah W\wildershores\images\header_mideast.jpg --> wwwstage.library.ucla.edu /libraries/special/wildershores/images header_mideast.jpg
107.04.03 10:52 B I:\Technical_Services_Division\Deborah W\wildershores\images\header_mideast2.jpg --> wwwstage.library.ucla.edu /libraries/special/wildershores/images header_mideast2.jpg
107.04.03 10:52 B I:\Technical_Services_Division\Deborah W\wildershores\images\header_russia.jpg --> wwwstage.library.ucla.edu /libraries/special/wildershores/images header_russia.jpg
107.04.03 10:52 B I:\Technical_Services_Division\Deborah W\wildershores\images\header_russia2.jpg --> wwwstage.library.ucla.edu /libraries/special/wildershores/images header_russia2.jpg
107.04.03 10:52 B I:\Technical_Services_Division\Deborah W\wildershores\images\header_slides.jpg --> wwwstage.library.ucla.edu /libraries/special/wildershores/images header_slides.jpg
107.04.03 10:52 B I:\Technical_Services_Division\Deborah W\wildershores\images\header_trav2europe.jpg --> wwwstage.library.ucla.edu /libraries/special/wildershores/images header_trav2europe.jpg
107.04.03 10:52 B I:\Technical_Services_Division\Deborah W\wildershores\images\header_turkey.jpg --> wwwstage.library.ucla.edu /libraries/special/wildershores/images header_turkey.jpg
107.04.03 10:52 B I:\Technical_Services_Division\Deborah W\wildershores\images\header_turkey2.jpg --> wwwstage.library.ucla.edu /libraries/special/wildershores/images header_turkey2.jpg
107.04.03 10:52 B I:\Technical_Services_Division\Deborah W\wildershores\images\Hommaire_Ill2_small.jpg --> wwwstage.library.ucla.edu /libraries/special/wildershores/images Hommaire_Ill2_small.jpg
107.04.03 10:52 B I:\Technical_Services_Division\Deborah W\wildershores\images\Hommaire_Ill_small.jpg --> wwwstage.library.ucla.edu /libraries/special/wildershores/images Hommaire_Ill_small.jpg
107.04.03 10:52 B I:\Technical_Services_Division\Deborah W\wildershores\images\Hommaire_port_small.jpg --> wwwstage.library.ucla.edu /libraries/special/wildershores/images Hommaire_port_small.jpg
107.04.03 10:52 B I:\Technical_Services_Division\Deborah W\wildershores\images\Hommaire_port_thumb.jpg --> wwwstage.library.ucla.edu /libraries/special/wildershores/images Hommaire_port_thumb.jpg
107.04.03 10:52 B I:\Technical_Services_Division\Deborah W\wildershores\images\Idler_small.jpg --> wwwstage.library.ucla.edu /libraries/special/wildershores/images Idler_small.jpg
107.04.03 10:52 B I:\Technical_Services_Division\Deborah W\wildershores\images\IsabelBurton_small.jpg --> wwwstage.library.ucla.edu /libraries/special/wildershores/images IsabelBurton_small.jpg
107.04.03 10:52 B I:\Technical_Services_Division\Deborah W\wildershores\images\IsabelBurton_thumb.jpg --> wwwstage.library.ucla.edu /libraries/special/wildershores/images IsabelBurton_thumb.jpg
107.04.03 10:52 B I:\Technical_Services_Division\Deborah W\wildershores\images\Kingsley2_small.jpg --> wwwstage.library.ucla.edu /libraries/special/wildershores/images Kingsley2_small.jpg
107.04.03 10:52 B I:\Technical_Services_Division\Deborah W\wildershores\images\Kingsley2_thumb.jpg --> wwwstage.library.ucla.edu /libraries/special/wildershores/images Kingsley2_thumb.jpg
107.04.03 10:52 B I:\Technical_Services_Division\Deborah W\wildershores\images\kingsley_big.jpg --> wwwstage.library.ucla.edu /libraries/special/wildershores/images kingsley_big.jpg
107.04.03 10:52 B I:\Technical_Services_Division\Deborah W\wildershores\images\KingsleyFish_small.jpg --> wwwstage.library.ucla.edu /libraries/special/wildershores/images KingsleyFish_small.jpg
107.04.03 10:52 B I:\Technical_Services_Division\Deborah W\wildershores\images\Lady-Montagu-frontispiece-s.jpg --> wwwstage.library.ucla.edu /libraries/special/wildershores/images Lady-Montagu-frontispiece-s.jpg
107.04.03 10:52 B I:\Technical_Services_Division\Deborah W\wildershores\images\lolamontez_lectures.jpg --> wwwstage.library.ucla.edu /libraries/special/wildershores/images lolamontez_lectures.jpg
107.04.03 10:52 B I:\Technical_Services_Division\Deborah W\wildershores\images\LolaMontez_small.jpg --> wwwstage.library.ucla.edu /libraries/special/wildershores/images LolaMontez_small.jpg
107.04.03 10:52 B I:\Technical_Services_Division\Deborah W\wildershores\images\LolaMontez_thumb.jpg --> wwwstage.library.ucla.edu /libraries/special/wildershores/images LolaMontez_thumb.jpg
107.04.03 10:52 B I:\Technical_Services_Division\Deborah W\wildershores\images\LTLottBind_small.jpg --> wwwstage.library.ucla.edu /libraries/special/wildershores/images LTLottBind_small.jpg
107.04.03 10:52 B I:\Technical_Services_Division\Deborah W\wildershores\images\LTLottBind_thumb.jpg --> wwwstage.library.ucla.edu /libraries/special/wildershores/images LTLottBind_thumb.jpg
107.04.03 10:52 B I:\Technical_Services_Division\Deborah W\wildershores\images\LTLottNightsbind_small.jpg --> wwwstage.library.ucla.edu /libraries/special/wildershores/images LTLottNightsbind_small.jpg
107.04.03 10:52 B I:\Technical_Services_Division\Deborah W\wildershores\images\LTLottNightsbind_thumb.jpg --> wwwstage.library.ucla.edu /libraries/special/wildershores/images LTLottNightsbind_thumb.jpg
107.04.03 10:52 B I:\Technical_Services_Division\Deborah W\wildershores\images\LTStoweHB_small.jpg --> wwwstage.library.ucla.edu /libraries/special/wildershores/images LTStoweHB_small.jpg
107.04.03 10:52 B I:\Technical_Services_Division\Deborah W\wildershores\images\LTStoweHB_thumb.jpg --> wwwstage.library.ucla.edu /libraries/special/wildershores/images LTStoweHB_thumb.jpg
107.04.03 10:52 B I:\Technical_Services_Division\Deborah W\wildershores\images\Map_Africa_small.jpg --> wwwstage.library.ucla.edu /libraries/special/wildershores/images Map_Africa_small.jpg
107.04.03 10:52 B I:\Technical_Services_Division\Deborah W\wildershores\images\Map_Africa_thumb.jpg --> wwwstage.library.ucla.edu /libraries/special/wildershores/images Map_Africa_thumb.jpg
107.04.03 10:52 B I:\Technical_Services_Division\Deborah W\wildershores\images\Map_ArabiaPersia_small.jpg --> wwwstage.library.ucla.edu /libraries/special/wildershores/images Map_ArabiaPersia_small.jpg
107.04.03 10:52 B I:\Technical_Services_Division\Deborah W\wildershores\images\Map_ArabiaPersia_thumb.jpg --> wwwstage.library.ucla.edu /libraries/special/wildershores/images Map_ArabiaPersia_thumb.jpg
107.04.03 10:52 B I:\Technical_Services_Division\Deborah W\wildershores\images\Map_Europe.jpg --> wwwstage.library.ucla.edu /libraries/special/wildershores/images Map_Europe.jpg
107.04.03 10:52 B I:\Technical_Services_Division\Deborah W\wildershores\images\Map_Europe_thumb.jpg --> wwwstage.library.ucla.edu /libraries/special/wildershores/images Map_Europe_thumb.jpg
107.04.03 10:52 B I:\Technical_Services_Division\Deborah W\wildershores\images\Map_India_small.jpg --> wwwstage.library.ucla.edu /libraries/special/wildershores/images Map_India_small.jpg
107.04.03 10:52 B I:\Technical_Services_Division\Deborah W\wildershores\images\Map_India_thumb.jpg --> wwwstage.library.ucla.edu /libraries/special/wildershores/images Map_India_thumb.jpg
107.04.03 10:52 B I:\Technical_Services_Division\Deborah W\wildershores\images\Map_NorthAmerica_small.jpg --> wwwstage.library.ucla.edu /libraries/special/wildershores/images Map_NorthAmerica_small.jpg
107.04.03 10:52 B I:\Technical_Services_Division\Deborah W\wildershores\images\Map_NorthAmerica_thumb.jpg --> wwwstage.library.ucla.edu /libraries/special/wildershores/images Map_NorthAmerica_thumb.jpg
107.04.03 10:52 B I:\Technical_Services_Division\Deborah W\wildershores\images\Map_Russia.jpg --> wwwstage.library.ucla.edu /libraries/special/wildershores/images Map_Russia.jpg
107.04.03 10:52 B I:\Technical_Services_Division\Deborah W\wildershores\images\Map_Russia_thumb.jpg --> wwwstage.library.ucla.edu /libraries/special/wildershores/images Map_Russia_thumb.jpg
107.04.03 10:52 B I:\Technical_Services_Division\Deborah W\wildershores\images\Map_Turkey_small.jpg --> wwwstage.library.ucla.edu /libraries/special/wildershores/images Map_Turkey_small.jpg
107.04.03 10:52 B I:\Technical_Services_Division\Deborah W\wildershores\images\Map_Turkey_thumb.jpg --> wwwstage.library.ucla.edu /libraries/special/wildershores/images Map_Turkey_thumb.jpg
107.04.03 10:52 B I:\Technical_Services_Division\Deborah W\wildershores\images\Marsdenbind_small.jpg --> wwwstage.library.ucla.edu /libraries/special/wildershores/images Marsdenbind_small.jpg
107.04.03 10:52 B I:\Technical_Services_Division\Deborah W\wildershores\images\Marsdenbind_thumb.jpg --> wwwstage.library.ucla.edu /libraries/special/wildershores/images Marsdenbind_thumb.jpg
107.04.03 10:52 B I:\Technical_Services_Division\Deborah W\wildershores\images\martineau_cover_small.jpg --> wwwstage.library.ucla.edu /libraries/special/wildershores/images martineau_cover_small.jpg
107.04.03 10:52 B I:\Technical_Services_Division\Deborah W\wildershores\images\Martineau_small.jpg --> wwwstage.library.ucla.edu /libraries/special/wildershores/images Martineau_small.jpg
107.04.03 10:52 B I:\Technical_Services_Division\Deborah W\wildershores\images\Martineau_thumb.jpg --> wwwstage.library.ucla.edu /libraries/special/wildershores/images Martineau_thumb.jpg
107.04.03 10:52 B I:\Technical_Services_Division\Deborah W\wildershores\images\martineau_tp1_small.jpg --> wwwstage.library.ucla.edu /libraries/special/wildershores/images martineau_tp1_small.jpg
107.04.03 10:52 B I:\Technical_Services_Division\Deborah W\wildershores\images\MeineZweiteWeltreise.jpg --> wwwstage.library.ucla.edu /libraries/special/wildershores/images MeineZweiteWeltreise.jpg
107.04.03 10:52 B I:\Technical_Services_Division\Deborah W\wildershores\images\MeineZweiteWeltreise_fsmall.jpg --> wwwstage.library.ucla.edu /libraries/special/wildershores/images MeineZweiteWeltreise_fsmall.jpg
107.04.03 10:52 B I:\Technical_Services_Division\Deborah W\wildershores\images\north_paints.jpg --> wwwstage.library.ucla.edu /libraries/special/wildershores/images north_paints.jpg
107.04.03 10:52 B I:\Technical_Services_Division\Deborah W\wildershores\images\North_small.jpg --> wwwstage.library.ucla.edu /libraries/special/wildershores/images North_small.jpg
107.04.03 10:52 B I:\Technical_Services_Division\Deborah W\wildershores\images\North_thumb.jpg --> wwwstage.library.ucla.edu /libraries/special/wildershores/images North_thumb.jpg
107.04.03 10:52 B I:\Technical_Services_Division\Deborah W\wildershores\images\NorthBind_small.jpg --> wwwstage.library.ucla.edu /libraries/special/wildershores/images NorthBind_small.jpg
107.04.03 10:52 B I:\Technical_Services_Division\Deborah W\wildershores\images\NorthPlants_small.jpg --> wwwstage.library.ucla.edu /libraries/special/wildershores/images NorthPlants_small.jpg
107.04.03 10:52 B I:\Technical_Services_Division\Deborah W\wildershores\images\NorthPlants_thumb.jpg --> wwwstage.library.ucla.edu /libraries/special/wildershores/images NorthPlants_thumb.jpg
107.04.03 10:52 B I:\Technical_Services_Division\Deborah W\wildershores\images\pardoe_small.jpg --> wwwstage.library.ucla.edu /libraries/special/wildershores/images pardoe_small.jpg
107.04.03 10:52 B I:\Technical_Services_Division\Deborah W\wildershores\images\pardoe_thumb.jpg --> wwwstage.library.ucla.edu /libraries/special/wildershores/images pardoe_thumb.jpg
107.04.03 10:52 B I:\Technical_Services_Division\Deborah W\wildershores\images\Pfeifferport.jpg --> wwwstage.library.ucla.edu /libraries/special/wildershores/images Pfeifferport.jpg
107.04.03 10:52 B I:\Technical_Services_Division\Deborah W\wildershores\images\Pfeifferport_thumb.jpg --> wwwstage.library.ucla.edu /libraries/special/wildershores/images Pfeifferport_thumb.jpg
107.04.03 10:52 B I:\Technical_Services_Division\Deborah W\wildershores\images\poster.jpg --> wwwstage.library.ucla.edu /libraries/special/wildershores/images poster.jpg
107.04.03 10:52 B I:\Technical_Services_Division\Deborah W\wildershores\images\RichardBurton_small.jpg --> wwwstage.library.ucla.edu /libraries/special/wildershores/images RichardBurton_small.jpg
107.04.03 10:52 B I:\Technical_Services_Division\Deborah W\wildershores\images\RuinsPalmyra_small.jpg --> wwwstage.library.ucla.edu /libraries/special/wildershores/images RuinsPalmyra_small.jpg
107.04.03 10:52 B I:\Technical_Services_Division\Deborah W\wildershores\images\Seacole2_small.jpg --> wwwstage.library.ucla.edu /libraries/special/wildershores/images Seacole2_small.jpg
107.04.03 10:52 B I:\Technical_Services_Division\Deborah W\wildershores\images\Seacole2_thumb.jpg --> wwwstage.library.ucla.edu /libraries/special/wildershores/images Seacole2_thumb.jpg
107.04.03 10:52 B I:\Technical_Services_Division\Deborah W\wildershores\images\SheldonPalanquin_small.jpg --> wwwstage.library.ucla.edu /libraries/special/wildershores/images SheldonPalanquin_small.jpg
107.04.03 10:52 B I:\Technical_Services_Division\Deborah W\wildershores\images\SheldonPalanquin_thumb.jpg --> wwwstage.library.ucla.edu /libraries/special/wildershores/images SheldonPalanquin_thumb.jpg
107.04.03 10:52 B I:\Technical_Services_Division\Deborah W\wildershores\images\Stanhop_Port_small.jpg --> wwwstage.library.ucla.edu /libraries/special/wildershores/images Stanhop_Port_small.jpg
107.04.03 10:52 B I:\Technical_Services_Division\Deborah W\wildershores\images\Stanhop_Port_thumb.jpg --> wwwstage.library.ucla.edu /libraries/special/wildershores/images Stanhop_Port_thumb.jpg
107.04.03 10:52 B I:\Technical_Services_Division\Deborah W\wildershores\images\Stanhope_2_small.jpg --> wwwstage.library.ucla.edu /libraries/special/wildershores/images Stanhope_2_small.jpg
107.04.03 10:52 B I:\Technical_Services_Division\Deborah W\wildershores\images\Thumbs.db --> wwwstage.library.ucla.edu /libraries/special/wildershores/images Thumbs.db
107.04.03 10:52 B I:\Technical_Services_Division\Deborah W\wildershores\images\Trollope_Domestic_small.jpg --> wwwstage.library.ucla.edu /libraries/special/wildershores/images Trollope_Domestic_small.jpg
107.04.03 10:52 B I:\Technical_Services_Division\Deborah W\wildershores\images\Trollope_Domestic_thumb.jpg --> wwwstage.library.ucla.edu /libraries/special/wildershores/images Trollope_Domestic_thumb.jpg
107.04.03 10:52 B I:\Technical_Services_Division\Deborah W\wildershores\images\trollope_letter1.jpg --> wwwstage.library.ucla.edu /libraries/special/wildershores/images trollope_letter1.jpg
107.04.03 10:52 B I:\Technical_Services_Division\Deborah W\wildershores\images\trollope_letter2.jpg --> wwwstage.library.ucla.edu /libraries/special/wildershores/images trollope_letter2.jpg
107.04.03 10:52 B I:\Technical_Services_Division\Deborah W\wildershores\images\Trollope_Paris_small.jpg --> wwwstage.library.ucla.edu /libraries/special/wildershores/images Trollope_Paris_small.jpg
107.04.03 10:52 B I:\Technical_Services_Division\Deborah W\wildershores\images\trollope_small.jpg --> wwwstage.library.ucla.edu /libraries/special/wildershores/images trollope_small.jpg
107.04.03 10:52 B I:\Technical_Services_Division\Deborah W\wildershores\images\trollope_thumb.jpg --> wwwstage.library.ucla.edu /libraries/special/wildershores/images trollope_thumb.jpg
107.04.03 10:52 B I:\Technical_Services_Division\Deborah W\wildershores\images\UpCountry_tp_small.jpg --> wwwstage.library.ucla.edu /libraries/special/wildershores/images UpCountry_tp_small.jpg
107.04.03 10:52 B I:\Technical_Services_Division\Deborah W\wildershores\images\VoyageBrazil_frpc_small.jpg --> wwwstage.library.ucla.edu /libraries/special/wildershores/images VoyageBrazil_frpc_small.jpg
107.04.03 10:52 B I:\Technical_Services_Division\Deborah W\wildershores\images\VoyageBrazil_frpc_thumb.jpg --> wwwstage.library.ucla.edu /libraries/special/wildershores/images VoyageBrazil_frpc_thumb.jpg
107.04.03 10:52 B I:\Technical_Services_Division\Deborah W\wildershores\images\VoyageBrazil_tp_small.jpg --> wwwstage.library.ucla.edu /libraries/special/wildershores/images VoyageBrazil_tp_small.jpg
107.04.03 10:52 B I:\Technical_Services_Division\Deborah W\wildershores\images\wolstonecraft_small.jpg --> wwwstage.library.ucla.edu /libraries/special/wildershores/images wolstonecraft_small.jpg
107.04.03 10:52 B I:\Technical_Services_Division\Deborah W\wildershores\images\wolstonecraft_thumb.jpg --> wwwstage.library.ucla.edu /libraries/special/wildershores/images wolstonecraft_thumb.jpg
107.04.03 10:52 B I:\Technical_Services_Division\Deborah W\wildershores\images\workman_small.jpg --> wwwstage.library.ucla.edu /libraries/special/wildershores/images workman_small.jpg
107.04.03 10:52 B I:\Technical_Services_Division\Deborah W\wildershores\images\Wortley-Montagu.jpg --> wwwstage.library.ucla.edu /libraries/special/wildershores/images Wortley-Montagu.jpg
107.04.03 10:52 B I:\Technical_Services_Division\Deborah W\wildershores\images\Wortley-Montagu_thumb.jpg --> wwwstage.library.ucla.edu /libraries/special/wildershores/images Wortley-Montagu_thumb.jpg
