2003.12.01 11:26 B H:\NEWSOME\CINDY\SCSite\IMAGES\events\bantock1.jpg --> wwwtest.library.ucla.edu /home/www/test/libraries/special/events bantock1.jpg
2003.12.01 11:26 B H:\NEWSOME\CINDY\SCSite\IMAGES\events\bantock2.gif --> wwwtest.library.ucla.edu /home/www/test/libraries/special/events bantock2.gif
2003.12.01 11:26 B H:\NEWSOME\CINDY\SCSite\IMAGES\events\bantock2.jpg --> wwwtest.library.ucla.edu /home/www/test/libraries/special/events bantock2.jpg
2003.12.01 11:33 B H:\NEWSOME\CINDY\SCSite\IMAGES\events\bantock1.jpg --> wwwtest.library.ucla.edu /home/www/test/libraries/special/images/events bantock1.jpg
2003.12.01 11:33 B H:\NEWSOME\CINDY\SCSite\IMAGES\events\bantock2.gif --> wwwtest.library.ucla.edu /home/www/test/libraries/special/images/events bantock2.gif
2003.12.01 11:33 B H:\NEWSOME\CINDY\SCSite\IMAGES\events\bantock2.jpg --> wwwtest.library.ucla.edu /home/www/test/libraries/special/images/events bantock2.jpg
2003.12.01 11:33 B H:\NEWSOME\CINDY\SCSite\IMAGES\events\WS_FTP.LOG --> wwwtest.library.ucla.edu /home/www/test/libraries/special/images/events WS_FTP.LOG
2003.12.02 13:41 B H:\NEWSOME\CINDY\SCSite\IMAGES\events\50_1.jpg --> wwwtest.library.ucla.edu /home/www/test/libraries/special/events 50_1.jpg
2003.12.02 13:41 B H:\NEWSOME\CINDY\SCSite\IMAGES\events\50_10.jpg --> wwwtest.library.ucla.edu /home/www/test/libraries/special/events 50_10.jpg
2003.12.02 13:41 B H:\NEWSOME\CINDY\SCSite\IMAGES\events\50_11.jpg --> wwwtest.library.ucla.edu /home/www/test/libraries/special/events 50_11.jpg
2003.12.02 13:41 B H:\NEWSOME\CINDY\SCSite\IMAGES\events\50_13.jpg --> wwwtest.library.ucla.edu /home/www/test/libraries/special/events 50_13.jpg
2003.12.02 13:41 B H:\NEWSOME\CINDY\SCSite\IMAGES\events\50_2.jpg --> wwwtest.library.ucla.edu /home/www/test/libraries/special/events 50_2.jpg
2003.12.02 13:41 B H:\NEWSOME\CINDY\SCSite\IMAGES\events\50_5.jpg --> wwwtest.library.ucla.edu /home/www/test/libraries/special/events 50_5.jpg
2003.12.02 13:41 B H:\NEWSOME\CINDY\SCSite\IMAGES\events\50_7.jpg --> wwwtest.library.ucla.edu /home/www/test/libraries/special/events 50_7.jpg
2003.12.02 13:41 B H:\NEWSOME\CINDY\SCSite\IMAGES\events\50_9.jpg --> wwwtest.library.ucla.edu /home/www/test/libraries/special/events 50_9.jpg
2003.12.02 13:41 B H:\NEWSOME\CINDY\SCSite\IMAGES\events\campbell3.jpg --> wwwtest.library.ucla.edu /home/www/test/libraries/special/events campbell3.jpg
2003.12.02 13:46 B H:\NEWSOME\CINDY\SCSite\IMAGES\events\50_1.jpg --> wwwtest.library.ucla.edu /home/www/test/libraries/special/images/events 50_1.jpg
2003.12.02 13:46 B H:\NEWSOME\CINDY\SCSite\IMAGES\events\50_10.jpg --> wwwtest.library.ucla.edu /home/www/test/libraries/special/images/events 50_10.jpg
2003.12.02 13:46 B H:\NEWSOME\CINDY\SCSite\IMAGES\events\50_11.jpg --> wwwtest.library.ucla.edu /home/www/test/libraries/special/images/events 50_11.jpg
2003.12.02 13:46 B H:\NEWSOME\CINDY\SCSite\IMAGES\events\50_13.jpg --> wwwtest.library.ucla.edu /home/www/test/libraries/special/images/events 50_13.jpg
2003.12.02 13:46 B H:\NEWSOME\CINDY\SCSite\IMAGES\events\50_2.jpg --> wwwtest.library.ucla.edu /home/www/test/libraries/special/images/events 50_2.jpg
2003.12.02 13:46 B H:\NEWSOME\CINDY\SCSite\IMAGES\events\50_5.jpg --> wwwtest.library.ucla.edu /home/www/test/libraries/special/images/events 50_5.jpg
2003.12.02 13:46 B H:\NEWSOME\CINDY\SCSite\IMAGES\events\50_7.jpg --> wwwtest.library.ucla.edu /home/www/test/libraries/special/images/events 50_7.jpg
2003.12.02 13:46 B H:\NEWSOME\CINDY\SCSite\IMAGES\events\50_9.jpg --> wwwtest.library.ucla.edu /home/www/test/libraries/special/images/events 50_9.jpg
2003.12.02 13:46 B H:\NEWSOME\CINDY\SCSite\IMAGES\events\bantock1.jpg --> wwwtest.library.ucla.edu /home/www/test/libraries/special/images/events bantock1.jpg
2003.12.02 13:46 B H:\NEWSOME\CINDY\SCSite\IMAGES\events\bantock2.gif --> wwwtest.library.ucla.edu /home/www/test/libraries/special/images/events bantock2.gif
2003.12.02 13:46 B H:\NEWSOME\CINDY\SCSite\IMAGES\events\bantock2.jpg --> wwwtest.library.ucla.edu /home/www/test/libraries/special/images/events bantock2.jpg
2003.12.02 13:46 B H:\NEWSOME\CINDY\SCSite\IMAGES\events\campbell3.jpg --> wwwtest.library.ucla.edu /home/www/test/libraries/special/images/events campbell3.jpg
2003.12.04 14:15 A H:\NEWSOME\CINDY\SCSite\IMAGES\events\50_1.jpg --> wwwtest.library.ucla.edu /home/www/test/libraries/special/events 50_1.jpg
2003.12.04 14:15 A H:\NEWSOME\CINDY\SCSite\IMAGES\events\50_10.jpg --> wwwtest.library.ucla.edu /home/www/test/libraries/special/events 50_10.jpg
2003.12.04 14:15 A H:\NEWSOME\CINDY\SCSite\IMAGES\events\50_11.jpg --> wwwtest.library.ucla.edu /home/www/test/libraries/special/events 50_11.jpg
2003.12.04 14:15 A H:\NEWSOME\CINDY\SCSite\IMAGES\events\50_13.jpg --> wwwtest.library.ucla.edu /home/www/test/libraries/special/events 50_13.jpg
2003.12.04 14:15 A H:\NEWSOME\CINDY\SCSite\IMAGES\events\50_2.jpg --> wwwtest.library.ucla.edu /home/www/test/libraries/special/events 50_2.jpg
2003.12.04 14:15 A H:\NEWSOME\CINDY\SCSite\IMAGES\events\50_5.jpg --> wwwtest.library.ucla.edu /home/www/test/libraries/special/events 50_5.jpg
2003.12.04 14:15 A H:\NEWSOME\CINDY\SCSite\IMAGES\events\50_7.jpg --> wwwtest.library.ucla.edu /home/www/test/libraries/special/events 50_7.jpg
2003.12.04 14:15 A H:\NEWSOME\CINDY\SCSite\IMAGES\events\50_9.jpg --> wwwtest.library.ucla.edu /home/www/test/libraries/special/events 50_9.jpg
2003.12.04 14:15 A H:\NEWSOME\CINDY\SCSite\IMAGES\events\bantock1.jpg --> wwwtest.library.ucla.edu /home/www/test/libraries/special/events bantock1.jpg
2003.12.04 14:15 A H:\NEWSOME\CINDY\SCSite\IMAGES\events\bantock2.gif --> wwwtest.library.ucla.edu /home/www/test/libraries/special/events bantock2.gif
2003.12.04 14:15 A H:\NEWSOME\CINDY\SCSite\IMAGES\events\bantock2.jpg --> wwwtest.library.ucla.edu /home/www/test/libraries/special/events bantock2.jpg
2003.12.04 14:15 A H:\NEWSOME\CINDY\SCSite\IMAGES\events\campbell3.jpg --> wwwtest.library.ucla.edu /home/www/test/libraries/special/events campbell3.jpg
2003.12.04 14:20 B H:\NEWSOME\CINDY\SCSite\IMAGES\events\spacer.gif --> wwwtest.library.ucla.edu /home/www/test/libraries/special/events spacer.gif
2003.12.04 14:20 B H:\NEWSOME\CINDY\SCSite\IMAGES\events\WS_FTP.LOG --> wwwtest.library.ucla.edu /home/www/test/libraries/special/events WS_FTP.LOG
2003.12.04 14:25 B H:\NEWSOME\CINDY\SCSite\IMAGES\events\50_1.jpg --> wwwtest.library.ucla.edu /home/www/test/libraries/special/events 50_1.jpg
2003.12.04 14:25 B H:\NEWSOME\CINDY\SCSite\IMAGES\events\50_11.jpg --> wwwtest.library.ucla.edu /home/www/test/libraries/special/events 50_11.jpg
2003.12.04 14:25 B H:\NEWSOME\CINDY\SCSite\IMAGES\events\50_9.jpg --> wwwtest.library.ucla.edu /home/www/test/libraries/special/events 50_9.jpg
2003.12.04 14:25 B H:\NEWSOME\CINDY\SCSite\IMAGES\events\WS_FTP.LOG --> wwwtest.library.ucla.edu /home/www/test/libraries/special/events WS_FTP.LOG
2003.12.04 14:28 B H:\NEWSOME\CINDY\SCSite\IMAGES\events\50_1.jpg --> wwwtest.library.ucla.edu /home/www/test/libraries/special/images/events 50_1.jpg
2003.12.04 14:28 B H:\NEWSOME\CINDY\SCSite\IMAGES\events\50_10.jpg --> wwwtest.library.ucla.edu /home/www/test/libraries/special/images/events 50_10.jpg
2003.12.04 14:28 B H:\NEWSOME\CINDY\SCSite\IMAGES\events\50_10.jpg --> wwwtest.library.ucla.edu /home/www/test/libraries/special/images/events 50_10.jpg
2003.12.04 14:28 B H:\NEWSOME\CINDY\SCSite\IMAGES\events\50_11.jpg --> wwwtest.library.ucla.edu /home/www/test/libraries/special/images/events 50_11.jpg
2003.12.04 14:28 B H:\NEWSOME\CINDY\SCSite\IMAGES\events\50_13.jpg --> wwwtest.library.ucla.edu /home/www/test/libraries/special/images/events 50_13.jpg
2003.12.04 14:28 B H:\NEWSOME\CINDY\SCSite\IMAGES\events\50_2.jpg --> wwwtest.library.ucla.edu /home/www/test/libraries/special/images/events 50_2.jpg
2003.12.04 14:28 B H:\NEWSOME\CINDY\SCSite\IMAGES\events\50_5.jpg --> wwwtest.library.ucla.edu /home/www/test/libraries/special/images/events 50_5.jpg
2003.12.04 14:28 B H:\NEWSOME\CINDY\SCSite\IMAGES\events\50_7.jpg --> wwwtest.library.ucla.edu /home/www/test/libraries/special/images/events 50_7.jpg
2003.12.04 14:28 B H:\NEWSOME\CINDY\SCSite\IMAGES\events\50_9.jpg --> wwwtest.library.ucla.edu /home/www/test/libraries/special/images/events 50_9.jpg
2003.12.04 14:28 B H:\NEWSOME\CINDY\SCSite\IMAGES\events\50_1.jpg --> wwwtest.library.ucla.edu /home/www/test/libraries/special/images/events 50_1.jpg
2003.12.04 14:29 B H:\NEWSOME\CINDY\SCSite\IMAGES\events\50_1.jpg --> wwwtest.library.ucla.edu /home/www/test/libraries/special/images/events 50_1.jpg
2003.12.04 15:04 B H:\NEWSOME\CINDY\SCSite\IMAGES\events\tsing-loh3.jpg --> wwwtest.library.ucla.edu /home/www/test/libraries/special/events tsing-loh3.jpg
2003.12.04 15:07 B H:\NEWSOME\CINDY\SCSite\IMAGES\events\tsing-loh3.jpg --> wwwtest.library.ucla.edu /home/www/test/libraries/special/images/events tsing-loh3.jpg
2003.12.04 16:22 B H:\NEWSOME\CINDY\SCSite\IMAGES\events\jay1.jpg --> wwwtest.library.ucla.edu /home/www/test/libraries/special/images/events jay1.jpg
2003.12.04 16:22 B H:\NEWSOME\CINDY\SCSite\IMAGES\events\rabbit2.gif --> wwwtest.library.ucla.edu /home/www/test/libraries/special/images/events rabbit2.gif
2003.12.04 16:48 B H:\NEWSOME\CINDY\SCSite\IMAGES\events\sontagstateflip.jpg --> wwwtest.library.ucla.edu /home/www/test/libraries/special/events sontagstateflip.jpg
2003.12.04 16:53 B H:\NEWSOME\CINDY\SCSite\IMAGES\events\sontagstateflip.jpg --> wwwtest.library.ucla.edu /home/www/test/libraries/special/events sontagstateflip.jpg
2003.12.04 16:57 B H:\NEWSOME\CINDY\SCSite\IMAGES\events\sontagstateflip.jpg --> wwwtest.library.ucla.edu /home/www/test/libraries/special/events sontagstateflip.jpg
2003.12.04 16:59 B H:\NEWSOME\CINDY\SCSite\IMAGES\events\sontagstateflip.jpg --> wwwtest.library.ucla.edu /home/www/test/libraries/special/images/events sontagstateflip.jpg
2003.12.11 14:54 B H:\NEWSOME\CINDY\SCSite\IMAGES\events\iyer2.jpg --> wwwtest.library.ucla.edu /home/www/test/libraries/special/images/events iyer2.jpg
2003.12.16 13:22 B H:\NEWSOME\CINDY\SCSite\IMAGES\events\50_9.jpg --> wwwtest.library.ucla.edu /home/www/test/libraries/special/images 50_9.jpg
2003.12.16 13:22 B H:\NEWSOME\CINDY\SCSite\IMAGES\events\50_9.jpg --> wwwtest.library.ucla.edu /home/www/test/libraries/special/images/events 50_9.jpg
2003.12.17 13:49 B H:\NEWSOME\CINDY\SCSite\IMAGES\events\salzmanbooth.jpg --> wwwtest.library.ucla.edu /home/www/test/libraries/special/events salzmanbooth.jpg
2003.12.17 13:49 B H:\NEWSOME\CINDY\SCSite\IMAGES\events\salzman2.jpg --> wwwtest.library.ucla.edu /home/www/test/libraries/special/events salzman2.jpg
2003.12.17 13:50 B H:\NEWSOME\CINDY\SCSite\IMAGES\events\salzman2.jpg --> wwwtest.library.ucla.edu /home/www/test/libraries/special/images/events salzman2.jpg
2003.12.17 13:50 B H:\NEWSOME\CINDY\SCSite\IMAGES\events\salzmanbooth.jpg --> wwwtest.library.ucla.edu /home/www/test/libraries/special/images/events salzmanbooth.jpg
2003.12.17 14:35 B H:\NEWSOME\CINDY\SCSite\IMAGES\events\50_1.jpg --> wwwtest.library.ucla.edu /home/www/stage/libraries/special/images/events 50_1.jpg
2003.12.17 14:35 B H:\NEWSOME\CINDY\SCSite\IMAGES\events\50_10.jpg --> wwwtest.library.ucla.edu /home/www/stage/libraries/special/images/events 50_10.jpg
2003.12.17 14:35 B H:\NEWSOME\CINDY\SCSite\IMAGES\events\50_11.jpg --> wwwtest.library.ucla.edu /home/www/stage/libraries/special/images/events 50_11.jpg
2003.12.17 14:35 B H:\NEWSOME\CINDY\SCSite\IMAGES\events\50_13.jpg --> wwwtest.library.ucla.edu /home/www/stage/libraries/special/images/events 50_13.jpg
2003.12.17 14:35 B H:\NEWSOME\CINDY\SCSite\IMAGES\events\50_2.jpg --> wwwtest.library.ucla.edu /home/www/stage/libraries/special/images/events 50_2.jpg
2003.12.17 14:35 B H:\NEWSOME\CINDY\SCSite\IMAGES\events\50_5.jpg --> wwwtest.library.ucla.edu /home/www/stage/libraries/special/images/events 50_5.jpg
2003.12.17 14:35 B H:\NEWSOME\CINDY\SCSite\IMAGES\events\50_7.jpg --> wwwtest.library.ucla.edu /home/www/stage/libraries/special/images/events 50_7.jpg
2003.12.17 14:35 B H:\NEWSOME\CINDY\SCSite\IMAGES\events\50_9.jpg --> wwwtest.library.ucla.edu /home/www/stage/libraries/special/images/events 50_9.jpg
2003.12.17 14:35 B H:\NEWSOME\CINDY\SCSite\IMAGES\events\bantock1.jpg --> wwwtest.library.ucla.edu /home/www/stage/libraries/special/images/events bantock1.jpg
2003.12.17 14:35 B H:\NEWSOME\CINDY\SCSite\IMAGES\events\bantock2.gif --> wwwtest.library.ucla.edu /home/www/stage/libraries/special/images/events bantock2.gif
2003.12.17 14:35 B H:\NEWSOME\CINDY\SCSite\IMAGES\events\bantock2.jpg --> wwwtest.library.ucla.edu /home/www/stage/libraries/special/images/events bantock2.jpg
2003.12.17 14:35 B H:\NEWSOME\CINDY\SCSite\IMAGES\events\campbell3.jpg --> wwwtest.library.ucla.edu /home/www/stage/libraries/special/images/events campbell3.jpg
2003.12.17 14:35 B H:\NEWSOME\CINDY\SCSite\IMAGES\events\iyer2.jpg --> wwwtest.library.ucla.edu /home/www/stage/libraries/special/images/events iyer2.jpg
2003.12.17 14:35 B H:\NEWSOME\CINDY\SCSite\IMAGES\events\jay.jpg --> wwwtest.library.ucla.edu /home/www/stage/libraries/special/images/events jay.jpg
2003.12.17 14:35 B H:\NEWSOME\CINDY\SCSite\IMAGES\events\jay1.jpg --> wwwtest.library.ucla.edu /home/www/stage/libraries/special/images/events jay1.jpg
2003.12.17 14:35 B H:\NEWSOME\CINDY\SCSite\IMAGES\events\rabbit2.gif --> wwwtest.library.ucla.edu /home/www/stage/libraries/special/images/events rabbit2.gif
2003.12.17 14:35 B H:\NEWSOME\CINDY\SCSite\IMAGES\events\salzman2.jpg --> wwwtest.library.ucla.edu /home/www/stage/libraries/special/images/events salzman2.jpg
2003.12.17 14:35 B H:\NEWSOME\CINDY\SCSite\IMAGES\events\salzmanbooth.jpg --> wwwtest.library.ucla.edu /home/www/stage/libraries/special/images/events salzmanbooth.jpg
2003.12.17 14:35 B H:\NEWSOME\CINDY\SCSite\IMAGES\events\salzmanbooth.psd --> wwwtest.library.ucla.edu /home/www/stage/libraries/special/images/events salzmanbooth.psd
2003.12.17 14:35 B H:\NEWSOME\CINDY\SCSite\IMAGES\events\sontagstateflip.jpg --> wwwtest.library.ucla.edu /home/www/stage/libraries/special/images/events sontagstateflip.jpg
2003.12.17 14:35 B H:\NEWSOME\CINDY\SCSite\IMAGES\events\spacer.gif --> wwwtest.library.ucla.edu /home/www/stage/libraries/special/images/events spacer.gif
2003.12.17 14:35 B H:\NEWSOME\CINDY\SCSite\IMAGES\events\tsing-loh3.jpg --> wwwtest.library.ucla.edu /home/www/stage/libraries/special/images/events tsing-loh3.jpg
2003.12.17 14:35 B H:\NEWSOME\CINDY\SCSite\IMAGES\events\vannuys.jpg --> wwwtest.library.ucla.edu /home/www/stage/libraries/special/images/events vannuys.jpg
