2004.01.15 16:51 B H:\NEWSOME\CINDY\SCSite\SCWEB\cashin\images\cashintest.gif --> wwwtest.library.ucla.edu /home/www/test/libraries/special/scweb/cashin/images cashintest.gif
2004.01.15 16:51 B H:\NEWSOME\CINDY\SCSite\SCWEB\cashin\images\dreamer.gif --> wwwtest.library.ucla.edu /home/www/test/libraries/special/scweb/cashin/images dreamer.gif
2004.01.15 16:51 B H:\NEWSOME\CINDY\SCSite\SCWEB\cashin\images\navgen_on.gif --> wwwtest.library.ucla.edu /home/www/test/libraries/special/scweb/cashin/images navgen_on.gif
2004.01.15 16:51 B H:\NEWSOME\CINDY\SCSite\SCWEB\cashin\images\on.gif --> wwwtest.library.ucla.edu /home/www/test/libraries/special/scweb/cashin/images on.gif
2004.01.15 16:51 B H:\NEWSOME\CINDY\SCSite\SCWEB\cashin\images\ponchowide.gif --> wwwtest.library.ucla.edu /home/www/test/libraries/special/scweb/cashin/images ponchowide.gif
2004.01.15 16:51 B H:\NEWSOME\CINDY\SCSite\SCWEB\cashin\images\posterindex.gif --> wwwtest.library.ucla.edu /home/www/test/libraries/special/scweb/cashin/images posterindex.gif
2004.01.15 16:51 B H:\NEWSOME\CINDY\SCSite\SCWEB\cashin\images\posterindex.psd --> wwwtest.library.ucla.edu /home/www/test/libraries/special/scweb/cashin/images posterindex.psd
2004.01.22 17:13 B H:\NEWSOME\CINDY\SCSite\SCWEB\cashin\images\blacksquare.gif --> wwwtest.library.ucla.edu /home/www/test/libraries/special/scweb/cashin/images blacksquare.gif
2004.01.22 17:13 B H:\NEWSOME\CINDY\SCSite\SCWEB\cashin\images\blacksquare.psd --> wwwtest.library.ucla.edu /home/www/test/libraries/special/scweb/cashin/images blacksquare.psd
2004.01.22 17:13 B H:\NEWSOME\CINDY\SCSite\SCWEB\cashin\images\bwarroleft.gif --> wwwtest.library.ucla.edu /home/www/test/libraries/special/scweb/cashin/images bwarroleft.gif
2004.01.22 17:13 B H:\NEWSOME\CINDY\SCSite\SCWEB\cashin\images\bwarroleft.psd --> wwwtest.library.ucla.edu /home/www/test/libraries/special/scweb/cashin/images bwarroleft.psd
2004.01.22 17:13 B H:\NEWSOME\CINDY\SCSite\SCWEB\cashin\images\bwarrowright.gif --> wwwtest.library.ucla.edu /home/www/test/libraries/special/scweb/cashin/images bwarrowright.gif
2004.01.22 17:13 B H:\NEWSOME\CINDY\SCSite\SCWEB\cashin\images\bwarrowright.psd --> wwwtest.library.ucla.edu /home/www/test/libraries/special/scweb/cashin/images bwarrowright.psd
2004.01.22 17:13 B H:\NEWSOME\CINDY\SCSite\SCWEB\cashin\images\bwarrowright2.gif --> wwwtest.library.ucla.edu /home/www/test/libraries/special/scweb/cashin/images bwarrowright2.gif
2004.01.22 17:13 B H:\NEWSOME\CINDY\SCSite\SCWEB\cashin\images\cashintest.gif --> wwwtest.library.ucla.edu /home/www/test/libraries/special/scweb/cashin/images cashintest.gif
2004.01.22 17:13 B H:\NEWSOME\CINDY\SCSite\SCWEB\cashin\images\dreamer1.jpg --> wwwtest.library.ucla.edu /home/www/test/libraries/special/scweb/cashin/images dreamer1.jpg
2004.01.22 17:13 B H:\NEWSOME\CINDY\SCSite\SCWEB\cashin\images\dreamer2.jpg --> wwwtest.library.ucla.edu /home/www/test/libraries/special/scweb/cashin/images dreamer2.jpg
2004.01.22 17:13 B H:\NEWSOME\CINDY\SCSite\SCWEB\cashin\images\dreamer3.jpg --> wwwtest.library.ucla.edu /home/www/test/libraries/special/scweb/cashin/images dreamer3.jpg
2004.01.22 17:13 B H:\NEWSOME\CINDY\SCSite\SCWEB\cashin\images\hobby.jpg --> wwwtest.library.ucla.edu /home/www/test/libraries/special/scweb/cashin/images hobby.jpg
2004.01.22 17:13 B H:\NEWSOME\CINDY\SCSite\SCWEB\cashin\images\ponchowide.gif --> wwwtest.library.ucla.edu /home/www/test/libraries/special/scweb/cashin/images ponchowide.gif
2004.01.22 17:13 B H:\NEWSOME\CINDY\SCSite\SCWEB\cashin\images\posterindex.gif --> wwwtest.library.ucla.edu /home/www/test/libraries/special/scweb/cashin/images posterindex.gif
2004.01.22 17:13 B H:\NEWSOME\CINDY\SCSite\SCWEB\cashin\images\posterindex.psd --> wwwtest.library.ucla.edu /home/www/test/libraries/special/scweb/cashin/images posterindex.psd
2004.01.22 17:13 B H:\NEWSOME\CINDY\SCSite\SCWEB\cashin\images\turban.jpg --> wwwtest.library.ucla.edu /home/www/test/libraries/special/scweb/cashin/images turban.jpg
2004.01.22 17:13 B H:\NEWSOME\CINDY\SCSite\SCWEB\cashin\images\vogue1.jpg --> wwwtest.library.ucla.edu /home/www/test/libraries/special/scweb/cashin/images vogue1.jpg
2004.01.22 17:13 B H:\NEWSOME\CINDY\SCSite\SCWEB\cashin\images\vogue2.jpg --> wwwtest.library.ucla.edu /home/www/test/libraries/special/scweb/cashin/images vogue2.jpg
2004.01.22 17:13 B H:\NEWSOME\CINDY\SCSite\SCWEB\cashin\images\zigzag.jpg --> wwwtest.library.ucla.edu /home/www/test/libraries/special/scweb/cashin/images zigzag.jpg
2004.01.26 12:54 B H:\NEWSOME\CINDY\SCSite\SCWEB\cashin\images\mandarin.jpg --> wwwtest.library.ucla.edu /home/www/test/libraries/special/scweb/cashin/images mandarin.jpg
2004.01.26 12:54 B H:\NEWSOME\CINDY\SCSite\SCWEB\cashin\images\mandarin2.jpg --> wwwtest.library.ucla.edu /home/www/test/libraries/special/scweb/cashin/images mandarin2.jpg
2004.01.26 12:54 B H:\NEWSOME\CINDY\SCSite\SCWEB\cashin\images\ren.jpg --> wwwtest.library.ucla.edu /home/www/test/libraries/special/scweb/cashin/images ren.jpg
2004.01.26 12:54 B H:\NEWSOME\CINDY\SCSite\SCWEB\cashin\images\WS_FTP.LOG --> wwwtest.library.ucla.edu /home/www/test/libraries/special/scweb/cashin/images WS_FTP.LOG
2004.01.27 13:43 A H:\NEWSOME\CINDY\SCSite\SCWEB\cashin\images\blacksquare.gif --> wwwtest.library.ucla.edu /home/www/stage/libraries/special/scweb/cashin/images blacksquare.gif
2004.01.27 13:43 A H:\NEWSOME\CINDY\SCSite\SCWEB\cashin\images\blacksquare.psd --> wwwtest.library.ucla.edu /home/www/stage/libraries/special/scweb/cashin/images blacksquare.psd
2004.01.27 13:43 A H:\NEWSOME\CINDY\SCSite\SCWEB\cashin\images\bwarroleft.gif --> wwwtest.library.ucla.edu /home/www/stage/libraries/special/scweb/cashin/images bwarroleft.gif
2004.01.27 13:43 A H:\NEWSOME\CINDY\SCSite\SCWEB\cashin\images\bwarroleft.psd --> wwwtest.library.ucla.edu /home/www/stage/libraries/special/scweb/cashin/images bwarroleft.psd
2004.01.27 13:43 A H:\NEWSOME\CINDY\SCSite\SCWEB\cashin\images\bwarrowright.gif --> wwwtest.library.ucla.edu /home/www/stage/libraries/special/scweb/cashin/images bwarrowright.gif
2004.01.27 13:43 A H:\NEWSOME\CINDY\SCSite\SCWEB\cashin\images\bwarrowright.psd --> wwwtest.library.ucla.edu /home/www/stage/libraries/special/scweb/cashin/images bwarrowright.psd
2004.01.27 13:43 A H:\NEWSOME\CINDY\SCSite\SCWEB\cashin\images\bwarrowright2.gif --> wwwtest.library.ucla.edu /home/www/stage/libraries/special/scweb/cashin/images bwarrowright2.gif
2004.01.27 13:43 A H:\NEWSOME\CINDY\SCSite\SCWEB\cashin\images\cashintest.gif --> wwwtest.library.ucla.edu /home/www/stage/libraries/special/scweb/cashin/images cashintest.gif
2004.01.27 13:43 A H:\NEWSOME\CINDY\SCSite\SCWEB\cashin\images\dreamer1.jpg --> wwwtest.library.ucla.edu /home/www/stage/libraries/special/scweb/cashin/images dreamer1.jpg
2004.01.27 13:43 A H:\NEWSOME\CINDY\SCSite\SCWEB\cashin\images\dreamer2.jpg --> wwwtest.library.ucla.edu /home/www/stage/libraries/special/scweb/cashin/images dreamer2.jpg
2004.01.27 13:43 A H:\NEWSOME\CINDY\SCSite\SCWEB\cashin\images\dreamer3.jpg --> wwwtest.library.ucla.edu /home/www/stage/libraries/special/scweb/cashin/images dreamer3.jpg
2004.01.27 13:43 A H:\NEWSOME\CINDY\SCSite\SCWEB\cashin\images\hobby.jpg --> wwwtest.library.ucla.edu /home/www/stage/libraries/special/scweb/cashin/images hobby.jpg
2004.01.27 13:43 A H:\NEWSOME\CINDY\SCSite\SCWEB\cashin\images\introkorean.jpg --> wwwtest.library.ucla.edu /home/www/stage/libraries/special/scweb/cashin/images introkorean.jpg
2004.01.27 13:43 A H:\NEWSOME\CINDY\SCSite\SCWEB\cashin\images\mandarin.jpg --> wwwtest.library.ucla.edu /home/www/stage/libraries/special/scweb/cashin/images mandarin.jpg
2004.01.27 13:43 A H:\NEWSOME\CINDY\SCSite\SCWEB\cashin\images\mandarin2.jpg --> wwwtest.library.ucla.edu /home/www/stage/libraries/special/scweb/cashin/images mandarin2.jpg
2004.01.27 13:43 A H:\NEWSOME\CINDY\SCSite\SCWEB\cashin\images\ponchowide.gif --> wwwtest.library.ucla.edu /home/www/stage/libraries/special/scweb/cashin/images ponchowide.gif
2004.01.27 13:43 A H:\NEWSOME\CINDY\SCSite\SCWEB\cashin\images\posterindex.gif --> wwwtest.library.ucla.edu /home/www/stage/libraries/special/scweb/cashin/images posterindex.gif
2004.01.27 13:43 A H:\NEWSOME\CINDY\SCSite\SCWEB\cashin\images\posterindex.psd --> wwwtest.library.ucla.edu /home/www/stage/libraries/special/scweb/cashin/images posterindex.psd
2004.01.27 13:43 A H:\NEWSOME\CINDY\SCSite\SCWEB\cashin\images\ren.jpg --> wwwtest.library.ucla.edu /home/www/stage/libraries/special/scweb/cashin/images ren.jpg
2004.01.27 13:43 A H:\NEWSOME\CINDY\SCSite\SCWEB\cashin\images\turban.jpg --> wwwtest.library.ucla.edu /home/www/stage/libraries/special/scweb/cashin/images turban.jpg
2004.01.27 13:43 A H:\NEWSOME\CINDY\SCSite\SCWEB\cashin\images\vogue1.jpg --> wwwtest.library.ucla.edu /home/www/stage/libraries/special/scweb/cashin/images vogue1.jpg
2004.01.27 13:43 A H:\NEWSOME\CINDY\SCSite\SCWEB\cashin\images\vogue2.jpg --> wwwtest.library.ucla.edu /home/www/stage/libraries/special/scweb/cashin/images vogue2.jpg
2004.01.27 13:43 A H:\NEWSOME\CINDY\SCSite\SCWEB\cashin\images\WS_FTP.LOG --> wwwtest.library.ucla.edu /home/www/stage/libraries/special/scweb/cashin/images WS_FTP.LOG
2004.01.27 13:43 A H:\NEWSOME\CINDY\SCSite\SCWEB\cashin\images\zigzag.jpg --> wwwtest.library.ucla.edu /home/www/stage/libraries/special/scweb/cashin/images zigzag.jpg
2004.01.27 13:43 B H:\NEWSOME\CINDY\SCSite\SCWEB\cashin\images\WS_FTP.LOG --> wwwtest.library.ucla.edu /home/www/stage/libraries/special/scweb/cashin/images WS_FTP.LOG
2004.01.27 14:55 B H:\NEWSOME\CINDY\SCSite\SCWEB\cashin\images\introkorean.gif --> wwwtest.library.ucla.edu /home/www/test/libraries/special/scweb/cashin/images introkorean.gif
2004.01.27 14:56 B H:\NEWSOME\CINDY\SCSite\SCWEB\cashin\images\introkorean.gif --> wwwtest.library.ucla.edu /home/www/stage/libraries/special/scweb/cashin/images introkorean.gif
2004.01.29 12:17 B H:\NEWSOME\CINDY\SCSite\SCWEB\cashin\images\egyptian.jpg --> wwwtest.library.ucla.edu /home/www/test/libraries/special/scweb/cashin/images egyptian.jpg
2004.01.29 12:17 B H:\NEWSOME\CINDY\SCSite\SCWEB\cashin\images\heads.jpg --> wwwtest.library.ucla.edu /home/www/test/libraries/special/scweb/cashin/images heads.jpg
2004.01.29 12:18 B H:\NEWSOME\CINDY\SCSite\SCWEB\cashin\images\sheer.jpg --> wwwtest.library.ucla.edu /home/www/test/libraries/special/scweb/cashin/images sheer.jpg
2004.01.29 12:27 B H:\NEWSOME\CINDY\SCSite\SCWEB\cashin\images\heads350.jpg --> wwwtest.library.ucla.edu /home/www/test/libraries/special/scweb/cashin/images heads350.jpg
2004.01.29 12:58 B H:\NEWSOME\CINDY\SCSite\SCWEB\cashin\images\tip.jpg --> wwwtest.library.ucla.edu /home/www/test/libraries/special/scweb/cashin/images tip.jpg
2004.01.29 12:58 B H:\NEWSOME\CINDY\SCSite\SCWEB\cashin\images\dancers.jpg --> wwwtest.library.ucla.edu /home/www/test/libraries/special/scweb/cashin/images dancers.jpg
2004.01.29 13:05 B H:\NEWSOME\CINDY\SCSite\SCWEB\cashin\images\rodeo.jpg --> wwwtest.library.ucla.edu /home/www/test/libraries/special/scweb/cashin/images rodeo.jpg
2004.01.29 13:05 B H:\NEWSOME\CINDY\SCSite\SCWEB\cashin\images\chinese.jpg --> wwwtest.library.ucla.edu /home/www/test/libraries/special/scweb/cashin/images chinese.jpg
2004.01.29 13:12 B H:\NEWSOME\CINDY\SCSite\SCWEB\cashin\images\elf.jpg --> wwwtest.library.ucla.edu /home/www/test/libraries/special/scweb/cashin/images elf.jpg
2004.01.29 13:12 B H:\NEWSOME\CINDY\SCSite\SCWEB\cashin\images\bent.jpg --> wwwtest.library.ucla.edu /home/www/test/libraries/special/scweb/cashin/images bent.jpg
2004.01.29 13:23 B H:\NEWSOME\CINDY\SCSite\SCWEB\cashin\images\cap.jpg --> wwwtest.library.ucla.edu /home/www/test/libraries/special/scweb/cashin/images cap.jpg
2004.01.29 13:23 B H:\NEWSOME\CINDY\SCSite\SCWEB\cashin\images\whitesatin.jpg --> wwwtest.library.ucla.edu /home/www/test/libraries/special/scweb/cashin/images whitesatin.jpg
2004.01.29 15:11 B H:\NEWSOME\CINDY\SCSite\SCWEB\cashin\images\masquerdes.jpg --> wwwtest.library.ucla.edu /home/www/test/libraries/special/scweb/cashin/images masquerdes.jpg
2004.01.29 15:21 B H:\NEWSOME\CINDY\SCSite\SCWEB\cashin\images\disc.jpg --> wwwtest.library.ucla.edu /home/www/test/libraries/special/scweb/cashin/images disc.jpg
2004.01.29 15:27 B H:\NEWSOME\CINDY\SCSite\SCWEB\cashin\images\cone.jpg --> wwwtest.library.ucla.edu /home/www/test/libraries/special/scweb/cashin/images cone.jpg
2004.01.29 15:38 B H:\NEWSOME\CINDY\SCSite\SCWEB\cashin\images\balance.jpg --> wwwtest.library.ucla.edu /home/www/test/libraries/special/scweb/cashin/images balance.jpg
2004.01.29 15:42 B H:\NEWSOME\CINDY\SCSite\SCWEB\cashin\images\cone.jpg --> wwwtest.library.ucla.edu /home/www/test/libraries/special/scweb/cashin/images cone.jpg
2004.01.29 15:46 A H:\NEWSOME\CINDY\SCSite\SCWEB\cashin\images\masquerades.jpg --> wwwtest.library.ucla.edu /home/www/test/libraries/special/scweb/cashin/images masquerades.jpg
2004.01.29 15:48 B H:\NEWSOME\CINDY\SCSite\SCWEB\cashin\images\disc.jpg --> wwwtest.library.ucla.edu /home/www/test/libraries/special/scweb/cashin/images disc.jpg
2004.01.29 15:57 B H:\NEWSOME\CINDY\SCSite\SCWEB\cashin\images\princess.jpg --> wwwtest.library.ucla.edu /home/www/test/libraries/special/scweb/cashin/images princess.jpg
2004.01.29 15:57 B H:\NEWSOME\CINDY\SCSite\SCWEB\cashin\images\west.jpg --> wwwtest.library.ucla.edu /home/www/test/libraries/special/scweb/cashin/images west.jpg
2004.01.29 16:06 B H:\NEWSOME\CINDY\SCSite\SCWEB\cashin\images\types.jpg --> wwwtest.library.ucla.edu /home/www/test/libraries/special/scweb/cashin/images types.jpg
2004.01.29 16:08 B H:\NEWSOME\CINDY\SCSite\SCWEB\cashin\images\princess.jpg --> wwwtest.library.ucla.edu /home/www/test/libraries/special/scweb/cashin/images princess.jpg
2004.01.29 16:08 B H:\NEWSOME\CINDY\SCSite\SCWEB\cashin\images\west.jpg --> wwwtest.library.ucla.edu /home/www/test/libraries/special/scweb/cashin/images west.jpg
2004.01.29 16:13 B H:\NEWSOME\CINDY\SCSite\SCWEB\cashin\images\coolie.jpg --> wwwtest.library.ucla.edu /home/www/test/libraries/special/scweb/cashin/images coolie.jpg
2004.01.29 16:42 B H:\NEWSOME\CINDY\SCSite\SCWEB\cashin\images\introkorean.gif --> wwwtest.library.ucla.edu /home/www/test/libraries/special/scweb/cashin/images introkorean.gif
2004.01.29 16:42 B H:\NEWSOME\CINDY\SCSite\SCWEB\cashin\images\introkorean.jpg --> wwwtest.library.ucla.edu /home/www/test/libraries/special/scweb/cashin/images introkorean.jpg
2004.01.29 16:42 B H:\NEWSOME\CINDY\SCSite\SCWEB\cashin\images\introkorean.psd --> wwwtest.library.ucla.edu /home/www/test/libraries/special/scweb/cashin/images introkorean.psd
2004.01.29 16:42 B H:\NEWSOME\CINDY\SCSite\SCWEB\cashin\images\introkorean2.gif --> wwwtest.library.ucla.edu /home/www/test/libraries/special/scweb/cashin/images introkorean2.gif
2004.01.29 16:42 B H:\NEWSOME\CINDY\SCSite\SCWEB\cashin\images\WS_FTP.LOG --> wwwtest.library.ucla.edu /home/www/test/libraries/special/scweb/cashin/images WS_FTP.LOG
2004.02.02 14:24 B H:\NEWSOME\CINDY\SCSite\SCWEB\cashin\images\bctoga350.jpg --> wwwtest.library.ucla.edu /home/www/test/libraries/special/scweb/cashin/images bctoga350.jpg
2004.02.02 14:24 B H:\NEWSOME\CINDY\SCSite\SCWEB\cashin\images\togasketch.jpg --> wwwtest.library.ucla.edu /home/www/test/libraries/special/scweb/cashin/images togasketch.jpg
2004.02.02 14:46 B H:\NEWSOME\CINDY\SCSite\SCWEB\cashin\images\foxhat.jpg --> wwwtest.library.ucla.edu /home/www/test/libraries/special/scweb/cashin/images foxhat.jpg
2004.02.03 11:52 B H:\NEWSOME\CINDY\SCSite\SCWEB\cashin\images\introkorean.jpg --> wwwtest.library.ucla.edu /home/www/test/libraries/special/scweb/cashin/images introkorean.jpg
2004.02.03 14:14 B H:\NEWSOME\CINDY\SCSite\SCWEB\cashin\images\hobby350.jpg --> wwwtest.library.ucla.edu /home/www/test/libraries/special/scweb/cashin/images hobby350.jpg
2004.02.04 14:02 B H:\NEWSOME\CINDY\SCSite\SCWEB\cashin\images\korean.gif --> wwwtest.library.ucla.edu /home/www/test/libraries/special/scweb/cashin/images korean.gif
2004.02.04 15:21 B H:\NEWSOME\CINDY\SCSite\SCWEB\cashin\images\laura.jpg --> wwwtest.library.ucla.edu /home/www/test/libraries/special/scweb/cashin/images laura.jpg
2004.02.04 15:41 B H:\NEWSOME\CINDY\SCSite\SCWEB\cashin\images\anna.jpg --> wwwtest.library.ucla.edu /home/www/test/libraries/special/scweb/cashin/images anna.jpg
2004.02.04 15:57 B H:\NEWSOME\CINDY\SCSite\SCWEB\cashin\images\anna.jpg --> wwwtest.library.ucla.edu /home/www/test/libraries/special/scweb/cashin/images anna.jpg
2004.02.04 15:57 B H:\NEWSOME\CINDY\SCSite\SCWEB\cashin\images\harem.jpg --> wwwtest.library.ucla.edu /home/www/test/libraries/special/scweb/cashin/images harem.jpg
2004.02.04 15:57 B H:\NEWSOME\CINDY\SCSite\SCWEB\cashin\images\liebes.jpg --> wwwtest.library.ucla.edu /home/www/test/libraries/special/scweb/cashin/images liebes.jpg
2004.02.04 16:10 B H:\NEWSOME\CINDY\SCSite\SCWEB\cashin\images\playsuit.jpg --> wwwtest.library.ucla.edu /home/www/test/libraries/special/scweb/cashin/images playsuit.jpg
2004.02.04 16:10 B H:\NEWSOME\CINDY\SCSite\SCWEB\cashin\images\watercolor.jpg --> wwwtest.library.ucla.edu /home/www/test/libraries/special/scweb/cashin/images watercolor.jpg
2004.02.04 16:21 B H:\NEWSOME\CINDY\SCSite\SCWEB\cashin\images\chiffon.jpg --> wwwtest.library.ucla.edu /home/www/test/libraries/special/scweb/cashin/images chiffon.jpg
2004.02.04 16:22 B H:\NEWSOME\CINDY\SCSite\SCWEB\cashin\images\rawsilk.jpg --> wwwtest.library.ucla.edu /home/www/test/libraries/special/scweb/cashin/images rawsilk.jpg
2004.02.04 16:35 B H:\NEWSOME\CINDY\SCSite\SCWEB\cashin\images\crepetoga.jpg --> wwwtest.library.ucla.edu /home/www/test/libraries/special/scweb/cashin/images crepetoga.jpg
2004.02.04 16:35 B H:\NEWSOME\CINDY\SCSite\SCWEB\cashin\images\tweedtoga.jpg --> wwwtest.library.ucla.edu /home/www/test/libraries/special/scweb/cashin/images tweedtoga.jpg
2004.02.04 16:42 B H:\NEWSOME\CINDY\SCSite\SCWEB\cashin\images\thrifty.jpg --> wwwtest.library.ucla.edu /home/www/test/libraries/special/scweb/cashin/images thrifty.jpg
2004.02.04 16:46 B H:\NEWSOME\CINDY\SCSite\SCWEB\cashin\images\paris1948.jpg --> wwwtest.library.ucla.edu /home/www/test/libraries/special/scweb/cashin/images paris1948.jpg
2004.02.04 17:16 B H:\NEWSOME\CINDY\SCSite\SCWEB\cashin\images\chinesejacket.jpg --> wwwtest.library.ucla.edu /home/www/test/libraries/special/scweb/cashin/images chinesejacket.jpg
2004.02.04 17:42 B H:\NEWSOME\CINDY\SCSite\SCWEB\cashin\images\doe1952.jpg --> wwwtest.library.ucla.edu /home/www/test/libraries/special/scweb/cashin/images doe1952.jpg
2004.02.04 17:42 B H:\NEWSOME\CINDY\SCSite\SCWEB\cashin\images\spaniel1950.jpg --> wwwtest.library.ucla.edu /home/www/test/libraries/special/scweb/cashin/images spaniel1950.jpg
2004.02.04 17:51 B H:\NEWSOME\CINDY\SCSite\SCWEB\cashin\images\toga1949.jpg --> wwwtest.library.ucla.edu /home/www/test/libraries/special/scweb/cashin/images toga1949.jpg
2004.02.04 17:51 B H:\NEWSOME\CINDY\SCSite\SCWEB\cashin\images\toga2image49.jpg --> wwwtest.library.ucla.edu /home/www/test/libraries/special/scweb/cashin/images toga2image49.jpg
2004.02.09 11:25 B H:\NEWSOME\CINDY\SCSite\SCWEB\cashin\images\ostrich.jpg --> wwwtest.library.ucla.edu /home/www/test/libraries/special/scweb/cashin/images ostrich.jpg
2004.02.09 11:26 B H:\NEWSOME\CINDY\SCSite\SCWEB\cashin\images\ostrich.jpg --> wwwtest.library.ucla.edu /home/www/test/libraries/special/scweb/cashin/images ostrich.jpg
2004.02.09 12:20 B H:\NEWSOME\CINDY\SCSite\SCWEB\cashin\images\egyptian.jpg --> wwwtest.library.ucla.edu /home/www/test/libraries/special/scweb/cashin/images egyptian.jpg
2004.02.09 12:20 B H:\NEWSOME\CINDY\SCSite\SCWEB\cashin\images\mandarin.jpg --> wwwtest.library.ucla.edu /home/www/test/libraries/special/scweb/cashin/images mandarin.jpg
2004.02.09 12:20 B H:\NEWSOME\CINDY\SCSite\SCWEB\cashin\images\ren.jpg --> wwwtest.library.ucla.edu /home/www/test/libraries/special/scweb/cashin/images ren.jpg
2004.02.09 12:36 B H:\NEWSOME\CINDY\SCSite\SCWEB\cashin\images\dancers.jpg --> wwwtest.library.ucla.edu /home/www/test/libraries/special/scweb/cashin/images dancers.jpg
2004.02.09 12:46 B H:\NEWSOME\CINDY\SCSite\SCWEB\cashin\images\heads.jpg --> wwwtest.library.ucla.edu /home/www/test/libraries/special/scweb/cashin/images heads.jpg
2004.02.09 13:19 B H:\NEWSOME\CINDY\SCSite\SCWEB\cashin\images\dancers.jpg --> wwwtest.library.ucla.edu /home/www/test/libraries/special/scweb/cashin/images dancers.jpg
2004.02.10 12:55 B H:\NEWSOME\CINDY\SCSite\SCWEB\cashin\images\dancers.jpg --> wwwtest.library.ucla.edu /home/www/test/libraries/special/scweb/cashin/images dancers.jpg
2004.02.12 17:33 B H:\NEWSOME\CINDY\SCSite\SCWEB\cashin\images\heavy.jpg --> wwwtest.library.ucla.edu /home/www/test/libraries/special/scweb/cashin/images heavy.jpg
2004.02.12 17:39 B H:\NEWSOME\CINDY\SCSite\SCWEB\cashin\images\gypsyroselee.jpg --> wwwtest.library.ucla.edu /home/www/test/libraries/special/scweb/cashin/images gypsyroselee.jpg
2004.02.12 17:41 B H:\NEWSOME\CINDY\SCSite\SCWEB\cashin\images\gypsyroselee.jpg --> wwwtest.library.ucla.edu /home/www/test/libraries/special/scweb/cashin/images gypsyroselee.jpg
2004.02.13 14:33 B H:\NEWSOME\CINDY\SCSite\SCWEB\cashin\images\aa2.jpg --> wwwtest.library.ucla.edu /home/www/test/libraries/special/scweb/cashin/images aa2.jpg
2004.02.13 14:35 B H:\NEWSOME\CINDY\SCSite\SCWEB\cashin\images\aa3.jpg --> wwwtest.library.ucla.edu /home/www/test/libraries/special/scweb/cashin/images aa3.jpg
2004.02.13 14:40 B H:\NEWSOME\CINDY\SCSite\SCWEB\cashin\images\aa4.jpg --> wwwtest.library.ucla.edu /home/www/test/libraries/special/scweb/cashin/images aa4.jpg
2004.02.17 11:57 B H:\NEWSOME\CINDY\SCSite\SCWEB\cashin\images\papernoh1.jpg --> wwwtest.library.ucla.edu /home/www/test/libraries/special/scweb/cashin/images papernoh1.jpg
2004.02.17 13:00 B H:\NEWSOME\CINDY\SCSite\SCWEB\cashin\images\papernoh2.jpg --> wwwtest.library.ucla.edu /home/www/test/libraries/special/scweb/cashin/images papernoh2.jpg
2004.02.17 13:06 B H:\NEWSOME\CINDY\SCSite\SCWEB\cashin\images\glove5a.jpg --> wwwtest.library.ucla.edu /home/www/test/libraries/special/scweb/cashin/images glove5a.jpg
2004.02.17 13:24 B H:\NEWSOME\CINDY\SCSite\SCWEB\cashin\images\hats4a.jpg --> wwwtest.library.ucla.edu /home/www/test/libraries/special/scweb/cashin/images hats4a.jpg
2004.02.17 13:28 B H:\NEWSOME\CINDY\SCSite\SCWEB\cashin\images\otterburn88.jpg --> wwwtest.library.ucla.edu /home/www/test/libraries/special/scweb/cashin/images otterburn88.jpg
2004.02.17 13:31 B H:\NEWSOME\CINDY\SCSite\SCWEB\cashin\images\papermodel.jpg --> wwwtest.library.ucla.edu /home/www/test/libraries/special/scweb/cashin/images papermodel.jpg
2004.02.17 14:37 B H:\NEWSOME\CINDY\SCSite\SCWEB\cashin\images\boutique1.gif --> wwwtest.library.ucla.edu /home/www/test/libraries/special/scweb/cashin/images boutique1.gif
2004.02.18 13:52 B H:\NEWSOME\CINDY\SCSite\SCWEB\cashin\images\briar76.jpg --> wwwtest.library.ucla.edu /home/www/test/libraries/special/scweb/cashin/images briar76.jpg
2004.02.18 13:52 B H:\NEWSOME\CINDY\SCSite\SCWEB\cashin\images\briarcoat77.jpg --> wwwtest.library.ucla.edu /home/www/test/libraries/special/scweb/cashin/images briarcoat77.jpg
2004.02.18 14:03 B H:\NEWSOME\CINDY\SCSite\SCWEB\cashin\images\mirror.gif --> wwwtest.library.ucla.edu /home/www/test/libraries/special/scweb/cashin/images mirror.gif
2004.02.18 14:12 B H:\NEWSOME\CINDY\SCSite\SCWEB\cashin\images\briargraffitti.jpg --> wwwtest.library.ucla.edu /home/www/test/libraries/special/scweb/cashin/images briargraffitti.jpg
2004.02.18 14:17 B H:\NEWSOME\CINDY\SCSite\SCWEB\cashin\images\pursepocket.jpg --> wwwtest.library.ucla.edu /home/www/test/libraries/special/scweb/cashin/images pursepocket.jpg
2004.02.18 14:23 B H:\NEWSOME\CINDY\SCSite\SCWEB\cashin\images\boutique1.jpg --> wwwtest.library.ucla.edu /home/www/test/libraries/special/scweb/cashin/images boutique1.jpg
2004.02.18 14:23 B H:\NEWSOME\CINDY\SCSite\SCWEB\cashin\images\boutique2.jpg --> wwwtest.library.ucla.edu /home/www/test/libraries/special/scweb/cashin/images boutique2.jpg
2004.02.18 14:29 B H:\NEWSOME\CINDY\SCSite\SCWEB\cashin\images\boutique3.jpg --> wwwtest.library.ucla.edu /home/www/test/libraries/special/scweb/cashin/images boutique3.jpg
2004.02.18 14:29 B H:\NEWSOME\CINDY\SCSite\SCWEB\cashin\images\boutique4.jpg --> wwwtest.library.ucla.edu /home/www/test/libraries/special/scweb/cashin/images boutique4.jpg
2004.02.19 12:21 B H:\NEWSOME\CINDY\SCSite\SCWEB\cashin\images\scrap2.gif --> wwwtest.library.ucla.edu /home/www/test/libraries/special/scweb/cashin/images scrap2.gif
2004.02.19 12:41 B H:\NEWSOME\CINDY\SCSite\SCWEB\cashin\images\coach1964.jpg --> wwwtest.library.ucla.edu /home/www/test/libraries/special/scweb/cashin/images coach1964.jpg
2004.02.19 12:41 B H:\NEWSOME\CINDY\SCSite\SCWEB\cashin\images\coach1965A.jpg --> wwwtest.library.ucla.edu /home/www/test/libraries/special/scweb/cashin/images coach1965A.jpg
2004.02.19 12:41 B H:\NEWSOME\CINDY\SCSite\SCWEB\cashin\images\coach1965B.jpg --> wwwtest.library.ucla.edu /home/www/test/libraries/special/scweb/cashin/images coach1965B.jpg
2004.02.19 12:41 B H:\NEWSOME\CINDY\SCSite\SCWEB\cashin\images\coach1965C.jpg --> wwwtest.library.ucla.edu /home/www/test/libraries/special/scweb/cashin/images coach1965C.jpg
2004.02.19 12:47 B H:\NEWSOME\CINDY\SCSite\SCWEB\cashin\images\coach1964.jpg --> wwwtest.library.ucla.edu /home/www/test/libraries/special/scweb/cashin/images coach1964.jpg
2004.02.19 12:47 B H:\NEWSOME\CINDY\SCSite\SCWEB\cashin\images\coach1965A.jpg --> wwwtest.library.ucla.edu /home/www/test/libraries/special/scweb/cashin/images coach1965A.jpg
2004.02.19 12:47 B H:\NEWSOME\CINDY\SCSite\SCWEB\cashin\images\coach1965B.jpg --> wwwtest.library.ucla.edu /home/www/test/libraries/special/scweb/cashin/images coach1965B.jpg
2004.02.19 12:47 B H:\NEWSOME\CINDY\SCSite\SCWEB\cashin\images\coach1965C.jpg --> wwwtest.library.ucla.edu /home/www/test/libraries/special/scweb/cashin/images coach1965C.jpg
2004.02.19 12:47 B H:\NEWSOME\CINDY\SCSite\SCWEB\cashin\images\coach1965D.jpg --> wwwtest.library.ucla.edu /home/www/test/libraries/special/scweb/cashin/images coach1965D.jpg
2004.02.19 14:08 B H:\NEWSOME\CINDY\SCSite\SCWEB\cashin\images\coach1964.jpg --> wwwtest.library.ucla.edu /home/www/test/libraries/special/scweb/cashin/images coach1964.jpg
2004.02.19 14:08 B H:\NEWSOME\CINDY\SCSite\SCWEB\cashin\images\coach1965A.jpg --> wwwtest.library.ucla.edu /home/www/test/libraries/special/scweb/cashin/images coach1965A.jpg
2004.02.19 14:08 B H:\NEWSOME\CINDY\SCSite\SCWEB\cashin\images\coach1965B.jpg --> wwwtest.library.ucla.edu /home/www/test/libraries/special/scweb/cashin/images coach1965B.jpg
2004.02.19 14:08 B H:\NEWSOME\CINDY\SCSite\SCWEB\cashin\images\coach1965C.jpg --> wwwtest.library.ucla.edu /home/www/test/libraries/special/scweb/cashin/images coach1965C.jpg
2004.02.19 14:08 B H:\NEWSOME\CINDY\SCSite\SCWEB\cashin\images\coach1965D.jpg --> wwwtest.library.ucla.edu /home/www/test/libraries/special/scweb/cashin/images coach1965D.jpg
2004.02.19 14:08 B H:\NEWSOME\CINDY\SCSite\SCWEB\cashin\images\coach1968A.jpg --> wwwtest.library.ucla.edu /home/www/test/libraries/special/scweb/cashin/images coach1968A.jpg
2004.02.19 14:08 B H:\NEWSOME\CINDY\SCSite\SCWEB\cashin\images\coach1968B.jpg --> wwwtest.library.ucla.edu /home/www/test/libraries/special/scweb/cashin/images coach1968B.jpg
2004.02.19 14:08 B H:\NEWSOME\CINDY\SCSite\SCWEB\cashin\images\coach1969A.jpg --> wwwtest.library.ucla.edu /home/www/test/libraries/special/scweb/cashin/images coach1969A.jpg
2004.02.19 14:08 B H:\NEWSOME\CINDY\SCSite\SCWEB\cashin\images\coach1969B.jpg --> wwwtest.library.ucla.edu /home/www/test/libraries/special/scweb/cashin/images coach1969B.jpg
2004.02.19 14:18 B H:\NEWSOME\CINDY\SCSite\SCWEB\cashin\images\coach1970A.jpg --> wwwtest.library.ucla.edu /home/www/test/libraries/special/scweb/cashin/images coach1970A.jpg
2004.02.19 14:18 B H:\NEWSOME\CINDY\SCSite\SCWEB\cashin\images\coach1970B.jpg --> wwwtest.library.ucla.edu /home/www/test/libraries/special/scweb/cashin/images coach1970B.jpg
2004.02.23 12:31 B H:\NEWSOME\CINDY\SCSite\SCWEB\cashin\images\saddlebag.jpg --> wwwtest.library.ucla.edu /home/www/test/libraries/special/scweb/cashin/images saddlebag.jpg
2004.02.23 12:31 B H:\NEWSOME\CINDY\SCSite\SCWEB\cashin\images\muffbag.jpg --> wwwtest.library.ucla.edu /home/www/test/libraries/special/scweb/cashin/images muffbag.jpg
2004.02.23 12:31 B H:\NEWSOME\CINDY\SCSite\SCWEB\cashin\images\feedbag.jpg --> wwwtest.library.ucla.edu /home/www/test/libraries/special/scweb/cashin/images feedbag.jpg
2004.02.23 12:32 B H:\NEWSOME\CINDY\SCSite\SCWEB\cashin\images\peruviancap.jpg --> wwwtest.library.ucla.edu /home/www/test/libraries/special/scweb/cashin/images peruviancap.jpg
2004.02.23 12:42 B H:\NEWSOME\CINDY\SCSite\SCWEB\cashin\images\apronbag.jpg --> wwwtest.library.ucla.edu /home/www/test/libraries/special/scweb/cashin/images apronbag.jpg
2004.02.23 12:42 B H:\NEWSOME\CINDY\SCSite\SCWEB\cashin\images\beltyourbag.jpg --> wwwtest.library.ucla.edu /home/www/test/libraries/special/scweb/cashin/images beltyourbag.jpg
2004.02.23 12:45 B H:\NEWSOME\CINDY\SCSite\SCWEB\cashin\images\scrapsac.jpg --> wwwtest.library.ucla.edu /home/www/test/libraries/special/scweb/cashin/images scrapsac.jpg
2004.02.23 12:50 B H:\NEWSOME\CINDY\SCSite\SCWEB\cashin\images\scrapsac.jpg --> wwwtest.library.ucla.edu /home/www/test/libraries/special/scweb/cashin/images scrapsac.jpg
2004.02.23 12:50 B H:\NEWSOME\CINDY\SCSite\SCWEB\cashin\images\mailman.jpg --> wwwtest.library.ucla.edu /home/www/test/libraries/special/scweb/cashin/images mailman.jpg
2004.02.23 13:03 B H:\NEWSOME\CINDY\SCSite\SCWEB\cashin\images\cashmere.jpg --> wwwtest.library.ucla.edu /home/www/test/libraries/special/scweb/cashin/images cashmere.jpg
2004.02.23 13:27 B H:\NEWSOME\CINDY\SCSite\SCWEB\cashin\images\ball2.jpg --> wwwtest.library.ucla.edu /home/www/test/libraries/special/scweb/cashin/images ball2.jpg
2004.02.23 13:29 B H:\NEWSOME\CINDY\SCSite\SCWEB\cashin\images\ball3.jpg --> wwwtest.library.ucla.edu /home/www/test/libraries/special/scweb/cashin/images ball3.jpg
2004.02.23 13:33 B H:\NEWSOME\CINDY\SCSite\SCWEB\cashin\images\ball4.jpg --> wwwtest.library.ucla.edu /home/www/test/libraries/special/scweb/cashin/images ball4.jpg
2004.02.23 13:33 B H:\NEWSOME\CINDY\SCSite\SCWEB\cashin\images\ball5.jpg --> wwwtest.library.ucla.edu /home/www/test/libraries/special/scweb/cashin/images ball5.jpg
2004.02.23 16:02 B H:\NEWSOME\CINDY\SCSite\SCWEB\cashin\images\handknit.gif --> wwwtest.library.ucla.edu /home/www/test/libraries/special/scweb/cashin/images handknit.gif
2004.02.23 16:19 B H:\NEWSOME\CINDY\SCSite\SCWEB\cashin\images\furcoat.jpg --> wwwtest.library.ucla.edu /home/www/test/libraries/special/scweb/cashin/images furcoat.jpg
2004.02.23 16:25 B H:\NEWSOME\CINDY\SCSite\SCWEB\cashin\images\intarsia.jpg --> wwwtest.library.ucla.edu /home/www/test/libraries/special/scweb/cashin/images intarsia.jpg
2004.02.23 16:40 B H:\NEWSOME\CINDY\SCSite\SCWEB\cashin\images\leopard.jpg --> wwwtest.library.ucla.edu /home/www/test/libraries/special/scweb/cashin/images leopard.jpg
2004.02.23 16:54 B H:\NEWSOME\CINDY\SCSite\SCWEB\cashin\images\labels.jpg --> wwwtest.library.ucla.edu /home/www/test/libraries/special/scweb/cashin/images labels.jpg
2004.02.23 16:58 B H:\NEWSOME\CINDY\SCSite\SCWEB\cashin\images\flying.jpg --> wwwtest.library.ucla.edu /home/www/test/libraries/special/scweb/cashin/images flying.jpg
2004.02.23 17:15 B H:\NEWSOME\CINDY\SCSite\SCWEB\cashin\images\barn.jpg --> wwwtest.library.ucla.edu /home/www/test/libraries/special/scweb/cashin/images barn.jpg
2004.02.23 17:26 B H:\NEWSOME\CINDY\SCSite\SCWEB\cashin\images\barn2.jpg --> wwwtest.library.ucla.edu /home/www/test/libraries/special/scweb/cashin/images barn2.jpg
2004.02.23 17:36 B H:\NEWSOME\CINDY\SCSite\SCWEB\cashin\images\barn3.jpg --> wwwtest.library.ucla.edu /home/www/test/libraries/special/scweb/cashin/images barn3.jpg
2004.02.23 17:36 B H:\NEWSOME\CINDY\SCSite\SCWEB\cashin\images\barn4.jpg --> wwwtest.library.ucla.edu /home/www/test/libraries/special/scweb/cashin/images barn4.jpg
2004.02.23 17:42 B H:\NEWSOME\CINDY\SCSite\SCWEB\cashin\images\lantern.jpg --> wwwtest.library.ucla.edu /home/www/test/libraries/special/scweb/cashin/images lantern.jpg
2004.02.23 17:46 B H:\NEWSOME\CINDY\SCSite\SCWEB\cashin\images\leather1956.jpg --> wwwtest.library.ucla.edu /home/www/test/libraries/special/scweb/cashin/images leather1956.jpg
2004.02.24 15:36 B H:\NEWSOME\CINDY\SCSite\SCWEB\cashin\images\fatman.jpg --> wwwtest.library.ucla.edu /home/www/test/libraries/special/scweb/cashin/images fatman.jpg
2004.02.24 15:36 B H:\NEWSOME\CINDY\SCSite\SCWEB\cashin\images\fringedskirt.jpg --> wwwtest.library.ucla.edu /home/www/test/libraries/special/scweb/cashin/images fringedskirt.jpg
2004.02.24 15:36 B H:\NEWSOME\CINDY\SCSite\SCWEB\cashin\images\kimono.jpg --> wwwtest.library.ucla.edu /home/www/test/libraries/special/scweb/cashin/images kimono.jpg
2004.02.24 15:36 B H:\NEWSOME\CINDY\SCSite\SCWEB\cashin\images\kimono3.jpg --> wwwtest.library.ucla.edu /home/www/test/libraries/special/scweb/cashin/images kimono3.jpg
2004.02.24 15:37 B H:\NEWSOME\CINDY\SCSite\SCWEB\cashin\images\kimono2.jpg <-- Test Server /home/www/test/libraries/special/scweb/cashin/images kimono2.jpg
2004.02.25 13:47 B H:\NEWSOME\CINDY\SCSite\SCWEB\cashin\images\leopard.gif --> wwwtest.library.ucla.edu /home/www/test/libraries/special/scweb/cashin/images leopard.gif
2004.02.25 16:17 B H:\NEWSOME\CINDY\SCSite\SCWEB\cashin\images\shirtycoat.jpg --> wwwtest.library.ucla.edu /home/www/test/libraries/special/scweb/cashin/images shirtycoat.jpg
2004.02.25 16:17 B H:\NEWSOME\CINDY\SCSite\SCWEB\cashin\images\russian1968.jpg --> wwwtest.library.ucla.edu /home/www/test/libraries/special/scweb/cashin/images russian1968.jpg
2004.02.25 16:23 B H:\NEWSOME\CINDY\SCSite\SCWEB\cashin\images\choirboycoat.jpg --> wwwtest.library.ucla.edu /home/www/test/libraries/special/scweb/cashin/images choirboycoat.jpg
2004.02.25 16:23 B H:\NEWSOME\CINDY\SCSite\SCWEB\cashin\images\boysmock.jpg --> wwwtest.library.ucla.edu /home/www/test/libraries/special/scweb/cashin/images boysmock.jpg
2004.02.25 16:58 B H:\NEWSOME\CINDY\SCSite\SCWEB\cashin\images\doge.jpg --> wwwtest.library.ucla.edu /home/www/test/libraries/special/scweb/cashin/images doge.jpg
2004.02.25 16:58 B H:\NEWSOME\CINDY\SCSite\SCWEB\cashin\images\baghat.jpg --> wwwtest.library.ucla.edu /home/www/test/libraries/special/scweb/cashin/images baghat.jpg
2004.02.25 17:08 B H:\NEWSOME\CINDY\SCSite\SCWEB\cashin\images\nyads1.jpg --> wwwtest.library.ucla.edu /home/www/test/libraries/special/scweb/cashin/images nyads1.jpg
2004.02.25 17:08 B H:\NEWSOME\CINDY\SCSite\SCWEB\cashin\images\nyads2.jpg --> wwwtest.library.ucla.edu /home/www/test/libraries/special/scweb/cashin/images nyads2.jpg
2004.02.25 17:14 B H:\NEWSOME\CINDY\SCSite\SCWEB\cashin\images\nyads3.jpg --> wwwtest.library.ucla.edu /home/www/test/libraries/special/scweb/cashin/images nyads3.jpg
2004.02.25 17:14 B H:\NEWSOME\CINDY\SCSite\SCWEB\cashin\images\nyads4.jpg --> wwwtest.library.ucla.edu /home/www/test/libraries/special/scweb/cashin/images nyads4.jpg
2004.02.25 17:14 B H:\NEWSOME\CINDY\SCSite\SCWEB\cashin\images\nyads5.jpg --> wwwtest.library.ucla.edu /home/www/test/libraries/special/scweb/cashin/images nyads5.jpg
2004.02.25 17:14 B H:\NEWSOME\CINDY\SCSite\SCWEB\cashin\images\nyads6.jpg --> wwwtest.library.ucla.edu /home/www/test/libraries/special/scweb/cashin/images nyads6.jpg
2004.02.25 17:14 B H:\NEWSOME\CINDY\SCSite\SCWEB\cashin\images\nyads7.jpg --> wwwtest.library.ucla.edu /home/www/test/libraries/special/scweb/cashin/images nyads7.jpg
2004.02.26 10:36 B H:\NEWSOME\CINDY\SCSite\SCWEB\cashin\images\narrownoh.jpg --> wwwtest.library.ucla.edu /home/www/test/libraries/special/scweb/cashin/images narrownoh.jpg
2004.02.26 10:36 B H:\NEWSOME\CINDY\SCSite\SCWEB\cashin\images\jumper.jpg --> wwwtest.library.ucla.edu /home/www/test/libraries/special/scweb/cashin/images jumper.jpg
2004.02.26 10:54 B H:\NEWSOME\CINDY\SCSite\SCWEB\cashin\images\leathercoat.jpg --> wwwtest.library.ucla.edu /home/www/test/libraries/special/scweb/cashin/images leathercoat.jpg
2004.02.26 10:54 B H:\NEWSOME\CINDY\SCSite\SCWEB\cashin\images\canvasbig.jpg --> wwwtest.library.ucla.edu /home/www/test/libraries/special/scweb/cashin/images canvasbig.jpg
2004.02.26 11:07 B H:\NEWSOME\CINDY\SCSite\SCWEB\cashin\images\babydress.jpg --> wwwtest.library.ucla.edu /home/www/test/libraries/special/scweb/cashin/images babydress.jpg
2004.02.26 11:07 B H:\NEWSOME\CINDY\SCSite\SCWEB\cashin\images\uncommon.jpg --> wwwtest.library.ucla.edu /home/www/test/libraries/special/scweb/cashin/images uncommon.jpg
2004.02.26 13:45 B H:\NEWSOME\CINDY\SCSite\SCWEB\cashin\images\bowl.jpg --> wwwtest.library.ucla.edu /home/www/test/libraries/special/scweb/cashin/images bowl.jpg
2004.02.26 13:45 B H:\NEWSOME\CINDY\SCSite\SCWEB\cashin\images\golfing.jpg --> wwwtest.library.ucla.edu /home/www/test/libraries/special/scweb/cashin/images golfing.jpg
2004.02.27 08:58 B H:\NEWSOME\CINDY\SCSite\SCWEB\cashin\images\russianblouse.jpg --> wwwtest.library.ucla.edu /home/www/test/libraries/special/scweb/cashin/images russianblouse.jpg
2004.02.27 08:58 B H:\NEWSOME\CINDY\SCSite\SCWEB\cashin\images\saddle.jpg --> wwwtest.library.ucla.edu /home/www/test/libraries/special/scweb/cashin/images saddle.jpg
2004.02.27 08:58 B H:\NEWSOME\CINDY\SCSite\SCWEB\cashin\images\pierrot.jpg --> wwwtest.library.ucla.edu /home/www/test/libraries/special/scweb/cashin/images pierrot.jpg
2004.02.27 08:58 B H:\NEWSOME\CINDY\SCSite\SCWEB\cashin\images\riding.jpg --> wwwtest.library.ucla.edu /home/www/test/libraries/special/scweb/cashin/images riding.jpg
2004.02.27 08:58 B H:\NEWSOME\CINDY\SCSite\SCWEB\cashin\images\igloo.jpg --> wwwtest.library.ucla.edu /home/www/test/libraries/special/scweb/cashin/images igloo.jpg
2004.02.27 08:58 B H:\NEWSOME\CINDY\SCSite\SCWEB\cashin\images\northsouth.jpg --> wwwtest.library.ucla.edu /home/www/test/libraries/special/scweb/cashin/images northsouth.jpg
2004.02.27 08:59 B H:\NEWSOME\CINDY\SCSite\SCWEB\cashin\images\quilted.jpg --> wwwtest.library.ucla.edu /home/www/test/libraries/special/scweb/cashin/images quilted.jpg
2004.02.27 08:59 B H:\NEWSOME\CINDY\SCSite\SCWEB\cashin\images\slashed.jpg --> wwwtest.library.ucla.edu /home/www/test/libraries/special/scweb/cashin/images slashed.jpg
2004.02.27 08:59 B H:\NEWSOME\CINDY\SCSite\SCWEB\cashin\images\fur.jpg --> wwwtest.library.ucla.edu /home/www/test/libraries/special/scweb/cashin/images fur.jpg
2004.02.27 08:59 B H:\NEWSOME\CINDY\SCSite\SCWEB\cashin\images\fringed.jpg --> wwwtest.library.ucla.edu /home/www/test/libraries/special/scweb/cashin/images fringed.jpg
2004.02.27 08:59 B H:\NEWSOME\CINDY\SCSite\SCWEB\cashin\images\espadrille.jpg --> wwwtest.library.ucla.edu /home/www/test/libraries/special/scweb/cashin/images espadrille.jpg
2004.02.27 08:59 B H:\NEWSOME\CINDY\SCSite\SCWEB\cashin\images\coat.jpg --> wwwtest.library.ucla.edu /home/www/test/libraries/special/scweb/cashin/images coat.jpg
2004.02.27 09:00 B H:\NEWSOME\CINDY\SCSite\SCWEB\cashin\images\grenfeld.jpg --> wwwtest.library.ucla.edu /home/www/test/libraries/special/scweb/cashin/images grenfeld.jpg
2004.02.27 09:07 B H:\NEWSOME\CINDY\SCSite\SCWEB\cashin\images\robinhood.jpg --> wwwtest.library.ucla.edu /home/www/test/libraries/special/scweb/cashin/images robinhood.jpg
2004.02.27 09:10 B H:\NEWSOME\CINDY\SCSite\SCWEB\cashin\images\igloo.jpg --> wwwtest.library.ucla.edu /home/www/test/libraries/special/scweb/cashin/images igloo.jpg
2004.03.02 15:55 B H:\NEWSOME\CINDY\SCSite\SCWEB\cashin\images\posterindex.gif --> wwwtest.library.ucla.edu /home/www/test/libraries/special/scweb/cashin/images posterindex.gif
2004.03.02 15:56 B H:\NEWSOME\CINDY\SCSite\SCWEB\cashin\images\ponchowhite.gif --> wwwtest.library.ucla.edu /home/www/test/libraries/special/scweb/cashin/images ponchowhite.gif
2004.03.03 14:25 B H:\NEWSOME\CINDY\SCSite\SCWEB\cashin\images\7thavetoga.jpg --> wwwtest.library.ucla.edu /home/www/stage/libraries/special/scweb/cashin/images 7thavetoga.jpg
2004.03.03 14:25 B H:\NEWSOME\CINDY\SCSite\SCWEB\cashin\images\aa2.jpg --> wwwtest.library.ucla.edu /home/www/stage/libraries/special/scweb/cashin/images aa2.jpg
2004.03.03 14:25 B H:\NEWSOME\CINDY\SCSite\SCWEB\cashin\images\aa3.jpg --> wwwtest.library.ucla.edu /home/www/stage/libraries/special/scweb/cashin/images aa3.jpg
2004.03.03 14:25 B H:\NEWSOME\CINDY\SCSite\SCWEB\cashin\images\aa4.jpg --> wwwtest.library.ucla.edu /home/www/stage/libraries/special/scweb/cashin/images aa4.jpg
2004.03.03 14:25 B H:\NEWSOME\CINDY\SCSite\SCWEB\cashin\images\anna.jpg --> wwwtest.library.ucla.edu /home/www/stage/libraries/special/scweb/cashin/images anna.jpg
2004.03.03 14:25 B H:\NEWSOME\CINDY\SCSite\SCWEB\cashin\images\apronbag.jpg --> wwwtest.library.ucla.edu /home/www/stage/libraries/special/scweb/cashin/images apronbag.jpg
2004.03.03 14:25 B H:\NEWSOME\CINDY\SCSite\SCWEB\cashin\images\babydress.jpg --> wwwtest.library.ucla.edu /home/www/stage/libraries/special/scweb/cashin/images babydress.jpg
2004.03.03 14:25 B H:\NEWSOME\CINDY\SCSite\SCWEB\cashin\images\baghat.jpg --> wwwtest.library.ucla.edu /home/www/stage/libraries/special/scweb/cashin/images baghat.jpg
2004.03.03 14:25 B H:\NEWSOME\CINDY\SCSite\SCWEB\cashin\images\balance.jpg --> wwwtest.library.ucla.edu /home/www/stage/libraries/special/scweb/cashin/images balance.jpg
2004.03.03 14:25 B H:\NEWSOME\CINDY\SCSite\SCWEB\cashin\images\ball2.jpg --> wwwtest.library.ucla.edu /home/www/stage/libraries/special/scweb/cashin/images ball2.jpg
2004.03.03 14:25 B H:\NEWSOME\CINDY\SCSite\SCWEB\cashin\images\ball3.jpg --> wwwtest.library.ucla.edu /home/www/stage/libraries/special/scweb/cashin/images ball3.jpg
2004.03.03 14:25 B H:\NEWSOME\CINDY\SCSite\SCWEB\cashin\images\ball4.jpg --> wwwtest.library.ucla.edu /home/www/stage/libraries/special/scweb/cashin/images ball4.jpg
2004.03.03 14:25 B H:\NEWSOME\CINDY\SCSite\SCWEB\cashin\images\ball5.jpg --> wwwtest.library.ucla.edu /home/www/stage/libraries/special/scweb/cashin/images ball5.jpg
2004.03.03 14:25 B H:\NEWSOME\CINDY\SCSite\SCWEB\cashin\images\barn.jpg --> wwwtest.library.ucla.edu /home/www/stage/libraries/special/scweb/cashin/images barn.jpg
2004.03.03 14:25 B H:\NEWSOME\CINDY\SCSite\SCWEB\cashin\images\barn2.jpg --> wwwtest.library.ucla.edu /home/www/stage/libraries/special/scweb/cashin/images barn2.jpg
2004.03.03 14:25 B H:\NEWSOME\CINDY\SCSite\SCWEB\cashin\images\barn3.jpg --> wwwtest.library.ucla.edu /home/www/stage/libraries/special/scweb/cashin/images barn3.jpg
2004.03.03 14:25 B H:\NEWSOME\CINDY\SCSite\SCWEB\cashin\images\barn4.jpg --> wwwtest.library.ucla.edu /home/www/stage/libraries/special/scweb/cashin/images barn4.jpg
2004.03.03 14:25 B H:\NEWSOME\CINDY\SCSite\SCWEB\cashin\images\bctoga350.jpg --> wwwtest.library.ucla.edu /home/www/stage/libraries/special/scweb/cashin/images bctoga350.jpg
2004.03.03 14:25 B H:\NEWSOME\CINDY\SCSite\SCWEB\cashin\images\beltyourbag.jpg --> wwwtest.library.ucla.edu /home/www/stage/libraries/special/scweb/cashin/images beltyourbag.jpg
2004.03.03 14:25 B H:\NEWSOME\CINDY\SCSite\SCWEB\cashin\images\bent.jpg --> wwwtest.library.ucla.edu /home/www/stage/libraries/special/scweb/cashin/images bent.jpg
2004.03.03 14:25 B H:\NEWSOME\CINDY\SCSite\SCWEB\cashin\images\boutique1.gif --> wwwtest.library.ucla.edu /home/www/stage/libraries/special/scweb/cashin/images boutique1.gif
2004.03.03 14:25 B H:\NEWSOME\CINDY\SCSite\SCWEB\cashin\images\boutique1.gif.psd --> wwwtest.library.ucla.edu /home/www/stage/libraries/special/scweb/cashin/images boutique1.gif.psd
2004.03.03 14:25 B H:\NEWSOME\CINDY\SCSite\SCWEB\cashin\images\boutique1.jpg --> wwwtest.library.ucla.edu /home/www/stage/libraries/special/scweb/cashin/images boutique1.jpg
2004.03.03 14:25 B H:\NEWSOME\CINDY\SCSite\SCWEB\cashin\images\boutique1.psd --> wwwtest.library.ucla.edu /home/www/stage/libraries/special/scweb/cashin/images boutique1.psd
2004.03.03 14:25 B H:\NEWSOME\CINDY\SCSite\SCWEB\cashin\images\boutique2.jpg --> wwwtest.library.ucla.edu /home/www/stage/libraries/special/scweb/cashin/images boutique2.jpg
2004.03.03 14:25 B H:\NEWSOME\CINDY\SCSite\SCWEB\cashin\images\boutique3.jpg --> wwwtest.library.ucla.edu /home/www/stage/libraries/special/scweb/cashin/images boutique3.jpg
2004.03.03 14:25 B H:\NEWSOME\CINDY\SCSite\SCWEB\cashin\images\boutique4.jpg --> wwwtest.library.ucla.edu /home/www/stage/libraries/special/scweb/cashin/images boutique4.jpg
2004.03.03 14:25 B H:\NEWSOME\CINDY\SCSite\SCWEB\cashin\images\bowl.jpg --> wwwtest.library.ucla.edu /home/www/stage/libraries/special/scweb/cashin/images bowl.jpg
2004.03.03 14:25 B H:\NEWSOME\CINDY\SCSite\SCWEB\cashin\images\boysmock.jpg --> wwwtest.library.ucla.edu /home/www/stage/libraries/special/scweb/cashin/images boysmock.jpg
2004.03.03 14:25 B H:\NEWSOME\CINDY\SCSite\SCWEB\cashin\images\briar76.jpg --> wwwtest.library.ucla.edu /home/www/stage/libraries/special/scweb/cashin/images briar76.jpg
2004.03.03 14:25 B H:\NEWSOME\CINDY\SCSite\SCWEB\cashin\images\briarcoat77.jpg --> wwwtest.library.ucla.edu /home/www/stage/libraries/special/scweb/cashin/images briarcoat77.jpg
2004.03.03 14:25 B H:\NEWSOME\CINDY\SCSite\SCWEB\cashin\images\briargraffitti.jpg --> wwwtest.library.ucla.edu /home/www/stage/libraries/special/scweb/cashin/images briargraffitti.jpg
2004.03.03 14:25 B H:\NEWSOME\CINDY\SCSite\SCWEB\cashin\images\canvasbig.jpg --> wwwtest.library.ucla.edu /home/www/stage/libraries/special/scweb/cashin/images canvasbig.jpg
2004.03.03 14:25 B H:\NEWSOME\CINDY\SCSite\SCWEB\cashin\images\cap.jpg --> wwwtest.library.ucla.edu /home/www/stage/libraries/special/scweb/cashin/images cap.jpg
2004.03.03 14:25 B H:\NEWSOME\CINDY\SCSite\SCWEB\cashin\images\cashmere.jpg --> wwwtest.library.ucla.edu /home/www/stage/libraries/special/scweb/cashin/images cashmere.jpg
2004.03.03 14:25 B H:\NEWSOME\CINDY\SCSite\SCWEB\cashin\images\chiffon.jpg --> wwwtest.library.ucla.edu /home/www/stage/libraries/special/scweb/cashin/images chiffon.jpg
2004.03.03 14:25 B H:\NEWSOME\CINDY\SCSite\SCWEB\cashin\images\chinese.jpg --> wwwtest.library.ucla.edu /home/www/stage/libraries/special/scweb/cashin/images chinese.jpg
2004.03.03 14:25 B H:\NEWSOME\CINDY\SCSite\SCWEB\cashin\images\chinesejacket.jpg --> wwwtest.library.ucla.edu /home/www/stage/libraries/special/scweb/cashin/images chinesejacket.jpg
2004.03.03 14:25 B H:\NEWSOME\CINDY\SCSite\SCWEB\cashin\images\choirboycoat.jpg --> wwwtest.library.ucla.edu /home/www/stage/libraries/special/scweb/cashin/images choirboycoat.jpg
2004.03.03 14:25 B H:\NEWSOME\CINDY\SCSite\SCWEB\cashin\images\coach1964.jpg --> wwwtest.library.ucla.edu /home/www/stage/libraries/special/scweb/cashin/images coach1964.jpg
2004.03.03 14:25 B H:\NEWSOME\CINDY\SCSite\SCWEB\cashin\images\coach1965A.jpg --> wwwtest.library.ucla.edu /home/www/stage/libraries/special/scweb/cashin/images coach1965A.jpg
2004.03.03 14:25 B H:\NEWSOME\CINDY\SCSite\SCWEB\cashin\images\coach1965B.jpg --> wwwtest.library.ucla.edu /home/www/stage/libraries/special/scweb/cashin/images coach1965B.jpg
2004.03.03 14:25 B H:\NEWSOME\CINDY\SCSite\SCWEB\cashin\images\coach1965C.jpg --> wwwtest.library.ucla.edu /home/www/stage/libraries/special/scweb/cashin/images coach1965C.jpg
2004.03.03 14:25 B H:\NEWSOME\CINDY\SCSite\SCWEB\cashin\images\coach1965D.jpg --> wwwtest.library.ucla.edu /home/www/stage/libraries/special/scweb/cashin/images coach1965D.jpg
2004.03.03 14:25 B H:\NEWSOME\CINDY\SCSite\SCWEB\cashin\images\coach1968A.jpg --> wwwtest.library.ucla.edu /home/www/stage/libraries/special/scweb/cashin/images coach1968A.jpg
2004.03.03 14:25 B H:\NEWSOME\CINDY\SCSite\SCWEB\cashin\images\coach1968B.jpg --> wwwtest.library.ucla.edu /home/www/stage/libraries/special/scweb/cashin/images coach1968B.jpg
2004.03.03 14:25 B H:\NEWSOME\CINDY\SCSite\SCWEB\cashin\images\coach1969A.jpg --> wwwtest.library.ucla.edu /home/www/stage/libraries/special/scweb/cashin/images coach1969A.jpg
2004.03.03 14:25 B H:\NEWSOME\CINDY\SCSite\SCWEB\cashin\images\coach1969B.jpg --> wwwtest.library.ucla.edu /home/www/stage/libraries/special/scweb/cashin/images coach1969B.jpg
2004.03.03 14:25 B H:\NEWSOME\CINDY\SCSite\SCWEB\cashin\images\coach1970A.jpg --> wwwtest.library.ucla.edu /home/www/stage/libraries/special/scweb/cashin/images coach1970A.jpg
2004.03.03 14:25 B H:\NEWSOME\CINDY\SCSite\SCWEB\cashin\images\coach1970B.jpg --> wwwtest.library.ucla.edu /home/www/stage/libraries/special/scweb/cashin/images coach1970B.jpg
2004.03.03 14:25 B H:\NEWSOME\CINDY\SCSite\SCWEB\cashin\images\coat.jpg --> wwwtest.library.ucla.edu /home/www/stage/libraries/special/scweb/cashin/images coat.jpg
2004.03.03 14:25 B H:\NEWSOME\CINDY\SCSite\SCWEB\cashin\images\cone.jpg --> wwwtest.library.ucla.edu /home/www/stage/libraries/special/scweb/cashin/images cone.jpg
2004.03.03 14:25 B H:\NEWSOME\CINDY\SCSite\SCWEB\cashin\images\coolie.jpg --> wwwtest.library.ucla.edu /home/www/stage/libraries/special/scweb/cashin/images coolie.jpg
2004.03.03 14:25 B H:\NEWSOME\CINDY\SCSite\SCWEB\cashin\images\crepetoga.jpg --> wwwtest.library.ucla.edu /home/www/stage/libraries/special/scweb/cashin/images crepetoga.jpg
2004.03.03 14:25 B H:\NEWSOME\CINDY\SCSite\SCWEB\cashin\images\dancers.jpg --> wwwtest.library.ucla.edu /home/www/stage/libraries/special/scweb/cashin/images dancers.jpg
2004.03.03 14:25 B H:\NEWSOME\CINDY\SCSite\SCWEB\cashin\images\disc.jpg --> wwwtest.library.ucla.edu /home/www/stage/libraries/special/scweb/cashin/images disc.jpg
2004.03.03 14:25 B H:\NEWSOME\CINDY\SCSite\SCWEB\cashin\images\doe1952.jpg --> wwwtest.library.ucla.edu /home/www/stage/libraries/special/scweb/cashin/images doe1952.jpg
2004.03.03 14:25 B H:\NEWSOME\CINDY\SCSite\SCWEB\cashin\images\doge.jpg --> wwwtest.library.ucla.edu /home/www/stage/libraries/special/scweb/cashin/images doge.jpg
2004.03.03 14:25 B H:\NEWSOME\CINDY\SCSite\SCWEB\cashin\images\egyptian.jpg --> wwwtest.library.ucla.edu /home/www/stage/libraries/special/scweb/cashin/images egyptian.jpg
2004.03.03 14:25 B H:\NEWSOME\CINDY\SCSite\SCWEB\cashin\images\elf.jpg --> wwwtest.library.ucla.edu /home/www/stage/libraries/special/scweb/cashin/images elf.jpg
2004.03.03 14:25 B H:\NEWSOME\CINDY\SCSite\SCWEB\cashin\images\espadrille.jpg --> wwwtest.library.ucla.edu /home/www/stage/libraries/special/scweb/cashin/images espadrille.jpg
2004.03.03 14:25 B H:\NEWSOME\CINDY\SCSite\SCWEB\cashin\images\fatman.jpg --> wwwtest.library.ucla.edu /home/www/stage/libraries/special/scweb/cashin/images fatman.jpg
2004.03.03 14:25 B H:\NEWSOME\CINDY\SCSite\SCWEB\cashin\images\feedbag.jpg --> wwwtest.library.ucla.edu /home/www/stage/libraries/special/scweb/cashin/images feedbag.jpg
2004.03.03 14:25 B H:\NEWSOME\CINDY\SCSite\SCWEB\cashin\images\flying.jpg --> wwwtest.library.ucla.edu /home/www/stage/libraries/special/scweb/cashin/images flying.jpg
2004.03.03 14:25 B H:\NEWSOME\CINDY\SCSite\SCWEB\cashin\images\foxhat.jpg --> wwwtest.library.ucla.edu /home/www/stage/libraries/special/scweb/cashin/images foxhat.jpg
2004.03.03 14:25 B H:\NEWSOME\CINDY\SCSite\SCWEB\cashin\images\fringed.jpg --> wwwtest.library.ucla.edu /home/www/stage/libraries/special/scweb/cashin/images fringed.jpg
2004.03.03 14:25 B H:\NEWSOME\CINDY\SCSite\SCWEB\cashin\images\fringedskirt.jpg --> wwwtest.library.ucla.edu /home/www/stage/libraries/special/scweb/cashin/images fringedskirt.jpg
2004.03.03 14:25 B H:\NEWSOME\CINDY\SCSite\SCWEB\cashin\images\fur.jpg --> wwwtest.library.ucla.edu /home/www/stage/libraries/special/scweb/cashin/images fur.jpg
2004.03.03 14:25 B H:\NEWSOME\CINDY\SCSite\SCWEB\cashin\images\furcoat.jpg --> wwwtest.library.ucla.edu /home/www/stage/libraries/special/scweb/cashin/images furcoat.jpg
2004.03.03 14:25 B H:\NEWSOME\CINDY\SCSite\SCWEB\cashin\images\glove5a.jpg --> wwwtest.library.ucla.edu /home/www/stage/libraries/special/scweb/cashin/images glove5a.jpg
2004.03.03 14:25 B H:\NEWSOME\CINDY\SCSite\SCWEB\cashin\images\golfing.jpg --> wwwtest.library.ucla.edu /home/www/stage/libraries/special/scweb/cashin/images golfing.jpg
2004.03.03 14:25 B H:\NEWSOME\CINDY\SCSite\SCWEB\cashin\images\grenfeld.jpg --> wwwtest.library.ucla.edu /home/www/stage/libraries/special/scweb/cashin/images grenfeld.jpg
2004.03.03 14:25 B H:\NEWSOME\CINDY\SCSite\SCWEB\cashin\images\gypsyroselee.jpg --> wwwtest.library.ucla.edu /home/www/stage/libraries/special/scweb/cashin/images gypsyroselee.jpg
2004.03.03 14:25 B H:\NEWSOME\CINDY\SCSite\SCWEB\cashin\images\handknit.gif --> wwwtest.library.ucla.edu /home/www/stage/libraries/special/scweb/cashin/images handknit.gif
2004.03.03 14:25 B H:\NEWSOME\CINDY\SCSite\SCWEB\cashin\images\handknit.jpg --> wwwtest.library.ucla.edu /home/www/stage/libraries/special/scweb/cashin/images handknit.jpg
2004.03.03 14:25 B H:\NEWSOME\CINDY\SCSite\SCWEB\cashin\images\handknit.psd --> wwwtest.library.ucla.edu /home/www/stage/libraries/special/scweb/cashin/images handknit.psd
2004.03.03 14:25 B H:\NEWSOME\CINDY\SCSite\SCWEB\cashin\images\harem.jpg --> wwwtest.library.ucla.edu /home/www/stage/libraries/special/scweb/cashin/images harem.jpg
2004.03.03 14:25 B H:\NEWSOME\CINDY\SCSite\SCWEB\cashin\images\hats4a.jpg --> wwwtest.library.ucla.edu /home/www/stage/libraries/special/scweb/cashin/images hats4a.jpg
2004.03.03 14:25 B H:\NEWSOME\CINDY\SCSite\SCWEB\cashin\images\heads.jpg --> wwwtest.library.ucla.edu /home/www/stage/libraries/special/scweb/cashin/images heads.jpg
2004.03.03 14:25 B H:\NEWSOME\CINDY\SCSite\SCWEB\cashin\images\heavy.jpg --> wwwtest.library.ucla.edu /home/www/stage/libraries/special/scweb/cashin/images heavy.jpg
2004.03.03 14:25 B H:\NEWSOME\CINDY\SCSite\SCWEB\cashin\images\hobby350.jpg --> wwwtest.library.ucla.edu /home/www/stage/libraries/special/scweb/cashin/images hobby350.jpg
2004.03.03 14:25 B H:\NEWSOME\CINDY\SCSite\SCWEB\cashin\images\igloo.jpg --> wwwtest.library.ucla.edu /home/www/stage/libraries/special/scweb/cashin/images igloo.jpg
2004.03.03 14:25 B H:\NEWSOME\CINDY\SCSite\SCWEB\cashin\images\intarsia.jpg --> wwwtest.library.ucla.edu /home/www/stage/libraries/special/scweb/cashin/images intarsia.jpg
2004.03.03 14:25 B H:\NEWSOME\CINDY\SCSite\SCWEB\cashin\images\introkorean copy.jpg --> wwwtest.library.ucla.edu /home/www/stage/libraries/special/scweb/cashin/images introkorean copy.jpg
2004.03.03 14:25 B H:\NEWSOME\CINDY\SCSite\SCWEB\cashin\images\introkorean.gif --> wwwtest.library.ucla.edu /home/www/stage/libraries/special/scweb/cashin/images introkorean.gif
2004.03.03 14:25 B H:\NEWSOME\CINDY\SCSite\SCWEB\cashin\images\introkorean.jpg --> wwwtest.library.ucla.edu /home/www/stage/libraries/special/scweb/cashin/images introkorean.jpg
2004.03.03 14:25 B H:\NEWSOME\CINDY\SCSite\SCWEB\cashin\images\introkorean.psd --> wwwtest.library.ucla.edu /home/www/stage/libraries/special/scweb/cashin/images introkorean.psd
2004.03.03 14:25 B H:\NEWSOME\CINDY\SCSite\SCWEB\cashin\images\introkorean2.gif --> wwwtest.library.ucla.edu /home/www/stage/libraries/special/scweb/cashin/images introkorean2.gif
2004.03.03 14:25 B H:\NEWSOME\CINDY\SCSite\SCWEB\cashin\images\jumper.jpg --> wwwtest.library.ucla.edu /home/www/stage/libraries/special/scweb/cashin/images jumper.jpg
2004.03.03 14:25 B H:\NEWSOME\CINDY\SCSite\SCWEB\cashin\images\kimono.jpg --> wwwtest.library.ucla.edu /home/www/stage/libraries/special/scweb/cashin/images kimono.jpg
2004.03.03 14:25 B H:\NEWSOME\CINDY\SCSite\SCWEB\cashin\images\kimono2.jpg --> wwwtest.library.ucla.edu /home/www/stage/libraries/special/scweb/cashin/images kimono2.jpg
2004.03.03 14:25 B H:\NEWSOME\CINDY\SCSite\SCWEB\cashin\images\kimono3.jpg --> wwwtest.library.ucla.edu /home/www/stage/libraries/special/scweb/cashin/images kimono3.jpg
2004.03.03 14:25 B H:\NEWSOME\CINDY\SCSite\SCWEB\cashin\images\korean.gif --> wwwtest.library.ucla.edu /home/www/stage/libraries/special/scweb/cashin/images korean.gif
2004.03.03 14:25 B H:\NEWSOME\CINDY\SCSite\SCWEB\cashin\images\korean.psd --> wwwtest.library.ucla.edu /home/www/stage/libraries/special/scweb/cashin/images korean.psd
2004.03.03 14:25 B H:\NEWSOME\CINDY\SCSite\SCWEB\cashin\images\labels.jpg --> wwwtest.library.ucla.edu /home/www/stage/libraries/special/scweb/cashin/images labels.jpg
2004.03.03 14:25 B H:\NEWSOME\CINDY\SCSite\SCWEB\cashin\images\lantern.jpg --> wwwtest.library.ucla.edu /home/www/stage/libraries/special/scweb/cashin/images lantern.jpg
2004.03.03 14:25 B H:\NEWSOME\CINDY\SCSite\SCWEB\cashin\images\laura.jpg --> wwwtest.library.ucla.edu /home/www/stage/libraries/special/scweb/cashin/images laura.jpg
2004.03.03 14:25 B H:\NEWSOME\CINDY\SCSite\SCWEB\cashin\images\leather1956.jpg --> wwwtest.library.ucla.edu /home/www/stage/libraries/special/scweb/cashin/images leather1956.jpg
2004.03.03 14:25 B H:\NEWSOME\CINDY\SCSite\SCWEB\cashin\images\leathercoat.jpg --> wwwtest.library.ucla.edu /home/www/stage/libraries/special/scweb/cashin/images leathercoat.jpg
2004.03.03 14:25 B H:\NEWSOME\CINDY\SCSite\SCWEB\cashin\images\leopard.gif --> wwwtest.library.ucla.edu /home/www/stage/libraries/special/scweb/cashin/images leopard.gif
2004.03.03 14:25 B H:\NEWSOME\CINDY\SCSite\SCWEB\cashin\images\leopard.jpg --> wwwtest.library.ucla.edu /home/www/stage/libraries/special/scweb/cashin/images leopard.jpg
2004.03.03 14:25 B H:\NEWSOME\CINDY\SCSite\SCWEB\cashin\images\leopard.psd --> wwwtest.library.ucla.edu /home/www/stage/libraries/special/scweb/cashin/images leopard.psd
2004.03.03 14:25 B H:\NEWSOME\CINDY\SCSite\SCWEB\cashin\images\liebes.jpg --> wwwtest.library.ucla.edu /home/www/stage/libraries/special/scweb/cashin/images liebes.jpg
2004.03.03 14:25 B H:\NEWSOME\CINDY\SCSite\SCWEB\cashin\images\mailman.jpg --> wwwtest.library.ucla.edu /home/www/stage/libraries/special/scweb/cashin/images mailman.jpg
2004.03.03 14:25 B H:\NEWSOME\CINDY\SCSite\SCWEB\cashin\images\mandarin.jpg --> wwwtest.library.ucla.edu /home/www/stage/libraries/special/scweb/cashin/images mandarin.jpg
2004.03.03 14:25 B H:\NEWSOME\CINDY\SCSite\SCWEB\cashin\images\masquerades.jpg --> wwwtest.library.ucla.edu /home/www/stage/libraries/special/scweb/cashin/images masquerades.jpg
2004.03.03 14:25 B H:\NEWSOME\CINDY\SCSite\SCWEB\cashin\images\mirror.gif --> wwwtest.library.ucla.edu /home/www/stage/libraries/special/scweb/cashin/images mirror.gif
2004.03.03 14:25 B H:\NEWSOME\CINDY\SCSite\SCWEB\cashin\images\mirror.jpg --> wwwtest.library.ucla.edu /home/www/stage/libraries/special/scweb/cashin/images mirror.jpg
2004.03.03 14:26 B H:\NEWSOME\CINDY\SCSite\SCWEB\cashin\images\mirror.psd --> wwwtest.library.ucla.edu /home/www/stage/libraries/special/scweb/cashin/images mirror.psd
2004.03.03 14:26 B H:\NEWSOME\CINDY\SCSite\SCWEB\cashin\images\muffbag.jpg --> wwwtest.library.ucla.edu /home/www/stage/libraries/special/scweb/cashin/images muffbag.jpg
2004.03.03 14:26 B H:\NEWSOME\CINDY\SCSite\SCWEB\cashin\images\narrownoh.jpg --> wwwtest.library.ucla.edu /home/www/stage/libraries/special/scweb/cashin/images narrownoh.jpg
2004.03.03 14:26 B H:\NEWSOME\CINDY\SCSite\SCWEB\cashin\images\northsouth.jpg --> wwwtest.library.ucla.edu /home/www/stage/libraries/special/scweb/cashin/images northsouth.jpg
2004.03.03 14:26 B H:\NEWSOME\CINDY\SCSite\SCWEB\cashin\images\nyads1.jpg --> wwwtest.library.ucla.edu /home/www/stage/libraries/special/scweb/cashin/images nyads1.jpg
2004.03.03 14:26 B H:\NEWSOME\CINDY\SCSite\SCWEB\cashin\images\nyads2.jpg --> wwwtest.library.ucla.edu /home/www/stage/libraries/special/scweb/cashin/images nyads2.jpg
2004.03.03 14:26 B H:\NEWSOME\CINDY\SCSite\SCWEB\cashin\images\nyads3.jpg --> wwwtest.library.ucla.edu /home/www/stage/libraries/special/scweb/cashin/images nyads3.jpg
2004.03.03 14:26 B H:\NEWSOME\CINDY\SCSite\SCWEB\cashin\images\nyads4.jpg --> wwwtest.library.ucla.edu /home/www/stage/libraries/special/scweb/cashin/images nyads4.jpg
2004.03.03 14:26 B H:\NEWSOME\CINDY\SCSite\SCWEB\cashin\images\nyads5.jpg --> wwwtest.library.ucla.edu /home/www/stage/libraries/special/scweb/cashin/images nyads5.jpg
2004.03.03 14:26 B H:\NEWSOME\CINDY\SCSite\SCWEB\cashin\images\nyads6.jpg --> wwwtest.library.ucla.edu /home/www/stage/libraries/special/scweb/cashin/images nyads6.jpg
2004.03.03 14:26 B H:\NEWSOME\CINDY\SCSite\SCWEB\cashin\images\nyads7.jpg --> wwwtest.library.ucla.edu /home/www/stage/libraries/special/scweb/cashin/images nyads7.jpg
2004.03.03 14:26 B H:\NEWSOME\CINDY\SCSite\SCWEB\cashin\images\ostrich.jpg --> wwwtest.library.ucla.edu /home/www/stage/libraries/special/scweb/cashin/images ostrich.jpg
2004.03.03 14:26 B H:\NEWSOME\CINDY\SCSite\SCWEB\cashin\images\otterburn88.jpg --> wwwtest.library.ucla.edu /home/www/stage/libraries/special/scweb/cashin/images otterburn88.jpg
2004.03.03 14:26 B H:\NEWSOME\CINDY\SCSite\SCWEB\cashin\images\papermodel.jpg --> wwwtest.library.ucla.edu /home/www/stage/libraries/special/scweb/cashin/images papermodel.jpg
2004.03.03 14:26 B H:\NEWSOME\CINDY\SCSite\SCWEB\cashin\images\papernoh1.jpg --> wwwtest.library.ucla.edu /home/www/stage/libraries/special/scweb/cashin/images papernoh1.jpg
2004.03.03 14:26 B H:\NEWSOME\CINDY\SCSite\SCWEB\cashin\images\papernoh2.jpg --> wwwtest.library.ucla.edu /home/www/stage/libraries/special/scweb/cashin/images papernoh2.jpg
2004.03.03 14:26 B H:\NEWSOME\CINDY\SCSite\SCWEB\cashin\images\paris1948.jpg --> wwwtest.library.ucla.edu /home/www/stage/libraries/special/scweb/cashin/images paris1948.jpg
2004.03.03 14:26 B H:\NEWSOME\CINDY\SCSite\SCWEB\cashin\images\peruviancap.jpg --> wwwtest.library.ucla.edu /home/www/stage/libraries/special/scweb/cashin/images peruviancap.jpg
2004.03.03 14:26 B H:\NEWSOME\CINDY\SCSite\SCWEB\cashin\images\pierrot.jpg --> wwwtest.library.ucla.edu /home/www/stage/libraries/special/scweb/cashin/images pierrot.jpg
2004.03.03 14:26 B H:\NEWSOME\CINDY\SCSite\SCWEB\cashin\images\playsuit.jpg --> wwwtest.library.ucla.edu /home/www/stage/libraries/special/scweb/cashin/images playsuit.jpg
2004.03.03 14:26 B H:\NEWSOME\CINDY\SCSite\SCWEB\cashin\images\ponchowhite.gif --> wwwtest.library.ucla.edu /home/www/stage/libraries/special/scweb/cashin/images ponchowhite.gif
2004.03.03 14:26 B H:\NEWSOME\CINDY\SCSite\SCWEB\cashin\images\posterindex.gif --> wwwtest.library.ucla.edu /home/www/stage/libraries/special/scweb/cashin/images posterindex.gif
2004.03.03 14:26 B H:\NEWSOME\CINDY\SCSite\SCWEB\cashin\images\posterindex.psd --> wwwtest.library.ucla.edu /home/www/stage/libraries/special/scweb/cashin/images posterindex.psd
2004.03.03 14:26 B H:\NEWSOME\CINDY\SCSite\SCWEB\cashin\images\princess.jpg --> wwwtest.library.ucla.edu /home/www/stage/libraries/special/scweb/cashin/images princess.jpg
2004.03.03 14:26 B H:\NEWSOME\CINDY\SCSite\SCWEB\cashin\images\pursepocket.jpg --> wwwtest.library.ucla.edu /home/www/stage/libraries/special/scweb/cashin/images pursepocket.jpg
2004.03.03 14:26 B H:\NEWSOME\CINDY\SCSite\SCWEB\cashin\images\quilted.jpg --> wwwtest.library.ucla.edu /home/www/stage/libraries/special/scweb/cashin/images quilted.jpg
2004.03.03 14:26 B H:\NEWSOME\CINDY\SCSite\SCWEB\cashin\images\rawsilk.jpg --> wwwtest.library.ucla.edu /home/www/stage/libraries/special/scweb/cashin/images rawsilk.jpg
2004.03.03 14:26 B H:\NEWSOME\CINDY\SCSite\SCWEB\cashin\images\ren.jpg --> wwwtest.library.ucla.edu /home/www/stage/libraries/special/scweb/cashin/images ren.jpg
2004.03.03 14:26 B H:\NEWSOME\CINDY\SCSite\SCWEB\cashin\images\riding.jpg --> wwwtest.library.ucla.edu /home/www/stage/libraries/special/scweb/cashin/images riding.jpg
2004.03.03 14:26 B H:\NEWSOME\CINDY\SCSite\SCWEB\cashin\images\robinhood.jpg --> wwwtest.library.ucla.edu /home/www/stage/libraries/special/scweb/cashin/images robinhood.jpg
2004.03.03 14:26 B H:\NEWSOME\CINDY\SCSite\SCWEB\cashin\images\rodeo.jpg --> wwwtest.library.ucla.edu /home/www/stage/libraries/special/scweb/cashin/images rodeo.jpg
2004.03.03 14:26 B H:\NEWSOME\CINDY\SCSite\SCWEB\cashin\images\russian1968.jpg --> wwwtest.library.ucla.edu /home/www/stage/libraries/special/scweb/cashin/images russian1968.jpg
2004.03.03 14:26 B H:\NEWSOME\CINDY\SCSite\SCWEB\cashin\images\russianblouse.jpg --> wwwtest.library.ucla.edu /home/www/stage/libraries/special/scweb/cashin/images russianblouse.jpg
2004.03.03 14:26 B H:\NEWSOME\CINDY\SCSite\SCWEB\cashin\images\saddle.jpg --> wwwtest.library.ucla.edu /home/www/stage/libraries/special/scweb/cashin/images saddle.jpg
2004.03.03 14:26 B H:\NEWSOME\CINDY\SCSite\SCWEB\cashin\images\saddlebag.jpg --> wwwtest.library.ucla.edu /home/www/stage/libraries/special/scweb/cashin/images saddlebag.jpg
2004.03.03 14:26 B H:\NEWSOME\CINDY\SCSite\SCWEB\cashin\images\scrap2.gif --> wwwtest.library.ucla.edu /home/www/stage/libraries/special/scweb/cashin/images scrap2.gif
2004.03.03 14:26 B H:\NEWSOME\CINDY\SCSite\SCWEB\cashin\images\scrap2.jpg --> wwwtest.library.ucla.edu /home/www/stage/libraries/special/scweb/cashin/images scrap2.jpg
2004.03.03 14:26 B H:\NEWSOME\CINDY\SCSite\SCWEB\cashin\images\scrap2.psd --> wwwtest.library.ucla.edu /home/www/stage/libraries/special/scweb/cashin/images scrap2.psd
2004.03.03 14:26 B H:\NEWSOME\CINDY\SCSite\SCWEB\cashin\images\scrapsac.jpg --> wwwtest.library.ucla.edu /home/www/stage/libraries/special/scweb/cashin/images scrapsac.jpg
2004.03.03 14:26 B H:\NEWSOME\CINDY\SCSite\SCWEB\cashin\images\sheer.jpg --> wwwtest.library.ucla.edu /home/www/stage/libraries/special/scweb/cashin/images sheer.jpg
2004.03.03 14:26 B H:\NEWSOME\CINDY\SCSite\SCWEB\cashin\images\shirtycoat.jpg --> wwwtest.library.ucla.edu /home/www/stage/libraries/special/scweb/cashin/images shirtycoat.jpg
2004.03.03 14:26 B H:\NEWSOME\CINDY\SCSite\SCWEB\cashin\images\slashed.jpg --> wwwtest.library.ucla.edu /home/www/stage/libraries/special/scweb/cashin/images slashed.jpg
2004.03.03 14:26 B H:\NEWSOME\CINDY\SCSite\SCWEB\cashin\images\spaniel1950.jpg --> wwwtest.library.ucla.edu /home/www/stage/libraries/special/scweb/cashin/images spaniel1950.jpg
2004.03.03 14:26 B H:\NEWSOME\CINDY\SCSite\SCWEB\cashin\images\thrifty.jpg --> wwwtest.library.ucla.edu /home/www/stage/libraries/special/scweb/cashin/images thrifty.jpg
2004.03.03 14:26 B H:\NEWSOME\CINDY\SCSite\SCWEB\cashin\images\tip.jpg --> wwwtest.library.ucla.edu /home/www/stage/libraries/special/scweb/cashin/images tip.jpg
2004.03.03 14:26 B H:\NEWSOME\CINDY\SCSite\SCWEB\cashin\images\toga1949.jpg --> wwwtest.library.ucla.edu /home/www/stage/libraries/special/scweb/cashin/images toga1949.jpg
2004.03.03 14:26 B H:\NEWSOME\CINDY\SCSite\SCWEB\cashin\images\toga2image49.jpg --> wwwtest.library.ucla.edu /home/www/stage/libraries/special/scweb/cashin/images toga2image49.jpg
2004.03.03 14:26 B H:\NEWSOME\CINDY\SCSite\SCWEB\cashin\images\togasketch.jpg --> wwwtest.library.ucla.edu /home/www/stage/libraries/special/scweb/cashin/images togasketch.jpg
2004.03.03 14:26 B H:\NEWSOME\CINDY\SCSite\SCWEB\cashin\images\tweedtoga.jpg --> wwwtest.library.ucla.edu /home/www/stage/libraries/special/scweb/cashin/images tweedtoga.jpg
2004.03.03 14:26 B H:\NEWSOME\CINDY\SCSite\SCWEB\cashin\images\types.jpg --> wwwtest.library.ucla.edu /home/www/stage/libraries/special/scweb/cashin/images types.jpg
2004.03.03 14:26 B H:\NEWSOME\CINDY\SCSite\SCWEB\cashin\images\uncommon.jpg --> wwwtest.library.ucla.edu /home/www/stage/libraries/special/scweb/cashin/images uncommon.jpg
2004.03.03 14:26 B H:\NEWSOME\CINDY\SCSite\SCWEB\cashin\images\watercolor.jpg --> wwwtest.library.ucla.edu /home/www/stage/libraries/special/scweb/cashin/images watercolor.jpg
2004.03.03 14:26 B H:\NEWSOME\CINDY\SCSite\SCWEB\cashin\images\west.jpg --> wwwtest.library.ucla.edu /home/www/stage/libraries/special/scweb/cashin/images west.jpg
2004.03.03 14:26 B H:\NEWSOME\CINDY\SCSite\SCWEB\cashin\images\whitesatin.jpg --> wwwtest.library.ucla.edu /home/www/stage/libraries/special/scweb/cashin/images whitesatin.jpg
2004.03.03 14:26 B H:\NEWSOME\CINDY\SCSite\SCWEB\cashin\images\WS_FTP.LOG --> wwwtest.library.ucla.edu /home/www/stage/libraries/special/scweb/cashin/images WS_FTP.LOG
2004.03.03 14:28 B H:\NEWSOME\CINDY\SCSite\SCWEB\cashin\images\vogue1.jpg --> wwwtest.library.ucla.edu /home/www/stage/libraries/special/scweb/cashin/images vogue1.jpg
2004.03.03 14:28 B H:\NEWSOME\CINDY\SCSite\SCWEB\cashin\images\vogue2.jpg --> wwwtest.library.ucla.edu /home/www/stage/libraries/special/scweb/cashin/images vogue2.jpg
2004.03.03 14:28 B H:\NEWSOME\CINDY\SCSite\SCWEB\cashin\images\7thavetoga.jpg --> wwwtest.library.ucla.edu /home/www/stage/libraries/special/scweb/cashin/images 7thavetoga.jpg
2004.03.03 14:28 B H:\NEWSOME\CINDY\SCSite\SCWEB\cashin\images\aa2.jpg --> wwwtest.library.ucla.edu /home/www/stage/libraries/special/scweb/cashin/images aa2.jpg
2004.03.03 14:28 B H:\NEWSOME\CINDY\SCSite\SCWEB\cashin\images\aa3.jpg --> wwwtest.library.ucla.edu /home/www/stage/libraries/special/scweb/cashin/images aa3.jpg
2004.03.03 14:28 B H:\NEWSOME\CINDY\SCSite\SCWEB\cashin\images\aa4.jpg --> wwwtest.library.ucla.edu /home/www/stage/libraries/special/scweb/cashin/images aa4.jpg
2004.03.03 14:28 B H:\NEWSOME\CINDY\SCSite\SCWEB\cashin\images\anna.jpg --> wwwtest.library.ucla.edu /home/www/stage/libraries/special/scweb/cashin/images anna.jpg
2004.03.03 14:28 B H:\NEWSOME\CINDY\SCSite\SCWEB\cashin\images\apronbag.jpg --> wwwtest.library.ucla.edu /home/www/stage/libraries/special/scweb/cashin/images apronbag.jpg
2004.03.03 14:28 B H:\NEWSOME\CINDY\SCSite\SCWEB\cashin\images\babydress.jpg --> wwwtest.library.ucla.edu /home/www/stage/libraries/special/scweb/cashin/images babydress.jpg
2004.03.03 14:28 B H:\NEWSOME\CINDY\SCSite\SCWEB\cashin\images\baghat.jpg --> wwwtest.library.ucla.edu /home/www/stage/libraries/special/scweb/cashin/images baghat.jpg
2004.03.03 14:28 B H:\NEWSOME\CINDY\SCSite\SCWEB\cashin\images\balance.jpg --> wwwtest.library.ucla.edu /home/www/stage/libraries/special/scweb/cashin/images balance.jpg
2004.03.03 14:28 B H:\NEWSOME\CINDY\SCSite\SCWEB\cashin\images\ball2.jpg --> wwwtest.library.ucla.edu /home/www/stage/libraries/special/scweb/cashin/images ball2.jpg
2004.03.03 14:28 B H:\NEWSOME\CINDY\SCSite\SCWEB\cashin\images\ball3.jpg --> wwwtest.library.ucla.edu /home/www/stage/libraries/special/scweb/cashin/images ball3.jpg
2004.03.03 14:28 B H:\NEWSOME\CINDY\SCSite\SCWEB\cashin\images\ball4.jpg --> wwwtest.library.ucla.edu /home/www/stage/libraries/special/scweb/cashin/images ball4.jpg
2004.03.03 14:28 B H:\NEWSOME\CINDY\SCSite\SCWEB\cashin\images\ball5.jpg --> wwwtest.library.ucla.edu /home/www/stage/libraries/special/scweb/cashin/images ball5.jpg
2004.03.03 14:28 B H:\NEWSOME\CINDY\SCSite\SCWEB\cashin\images\barn.jpg --> wwwtest.library.ucla.edu /home/www/stage/libraries/special/scweb/cashin/images barn.jpg
2004.03.03 14:28 B H:\NEWSOME\CINDY\SCSite\SCWEB\cashin\images\barn2.jpg --> wwwtest.library.ucla.edu /home/www/stage/libraries/special/scweb/cashin/images barn2.jpg
2004.03.03 14:28 B H:\NEWSOME\CINDY\SCSite\SCWEB\cashin\images\barn3.jpg --> wwwtest.library.ucla.edu /home/www/stage/libraries/special/scweb/cashin/images barn3.jpg
2004.03.03 14:28 B H:\NEWSOME\CINDY\SCSite\SCWEB\cashin\images\barn4.jpg --> wwwtest.library.ucla.edu /home/www/stage/libraries/special/scweb/cashin/images barn4.jpg
2004.03.03 14:28 B H:\NEWSOME\CINDY\SCSite\SCWEB\cashin\images\bctoga350.jpg --> wwwtest.library.ucla.edu /home/www/stage/libraries/special/scweb/cashin/images bctoga350.jpg
2004.03.03 14:28 B H:\NEWSOME\CINDY\SCSite\SCWEB\cashin\images\beltyourbag.jpg --> wwwtest.library.ucla.edu /home/www/stage/libraries/special/scweb/cashin/images beltyourbag.jpg
2004.03.03 14:28 B H:\NEWSOME\CINDY\SCSite\SCWEB\cashin\images\bent.jpg --> wwwtest.library.ucla.edu /home/www/stage/libraries/special/scweb/cashin/images bent.jpg
2004.03.03 14:28 B H:\NEWSOME\CINDY\SCSite\SCWEB\cashin\images\blacksquare.gif --> wwwtest.library.ucla.edu /home/www/stage/libraries/special/scweb/cashin/images blacksquare.gif
2004.03.03 14:28 B H:\NEWSOME\CINDY\SCSite\SCWEB\cashin\images\blacksquare.psd --> wwwtest.library.ucla.edu /home/www/stage/libraries/special/scweb/cashin/images blacksquare.psd
2004.03.03 14:28 B H:\NEWSOME\CINDY\SCSite\SCWEB\cashin\images\boutique1.gif --> wwwtest.library.ucla.edu /home/www/stage/libraries/special/scweb/cashin/images boutique1.gif
2004.03.03 14:29 B H:\NEWSOME\CINDY\SCSite\SCWEB\cashin\images\boutique1.gif.psd --> wwwtest.library.ucla.edu /home/www/stage/libraries/special/scweb/cashin/images boutique1.gif.psd
2004.03.03 14:29 B H:\NEWSOME\CINDY\SCSite\SCWEB\cashin\images\boutique1.jpg --> wwwtest.library.ucla.edu /home/www/stage/libraries/special/scweb/cashin/images boutique1.jpg
2004.03.03 14:29 B H:\NEWSOME\CINDY\SCSite\SCWEB\cashin\images\boutique1.psd --> wwwtest.library.ucla.edu /home/www/stage/libraries/special/scweb/cashin/images boutique1.psd
2004.03.03 14:29 B H:\NEWSOME\CINDY\SCSite\SCWEB\cashin\images\boutique2.jpg --> wwwtest.library.ucla.edu /home/www/stage/libraries/special/scweb/cashin/images boutique2.jpg
2004.03.03 14:29 B H:\NEWSOME\CINDY\SCSite\SCWEB\cashin\images\boutique3.jpg --> wwwtest.library.ucla.edu /home/www/stage/libraries/special/scweb/cashin/images boutique3.jpg
2004.03.03 14:29 B H:\NEWSOME\CINDY\SCSite\SCWEB\cashin\images\boutique4.jpg --> wwwtest.library.ucla.edu /home/www/stage/libraries/special/scweb/cashin/images boutique4.jpg
2004.03.03 14:29 B H:\NEWSOME\CINDY\SCSite\SCWEB\cashin\images\bowl.jpg --> wwwtest.library.ucla.edu /home/www/stage/libraries/special/scweb/cashin/images bowl.jpg
2004.03.03 14:29 B H:\NEWSOME\CINDY\SCSite\SCWEB\cashin\images\boysmock.jpg --> wwwtest.library.ucla.edu /home/www/stage/libraries/special/scweb/cashin/images boysmock.jpg
2004.03.03 14:29 B H:\NEWSOME\CINDY\SCSite\SCWEB\cashin\images\briar76.jpg --> wwwtest.library.ucla.edu /home/www/stage/libraries/special/scweb/cashin/images briar76.jpg
2004.03.03 14:29 B H:\NEWSOME\CINDY\SCSite\SCWEB\cashin\images\briarcoat77.jpg --> wwwtest.library.ucla.edu /home/www/stage/libraries/special/scweb/cashin/images briarcoat77.jpg
2004.03.03 14:29 B H:\NEWSOME\CINDY\SCSite\SCWEB\cashin\images\briargraffitti.jpg --> wwwtest.library.ucla.edu /home/www/stage/libraries/special/scweb/cashin/images briargraffitti.jpg
2004.03.03 14:29 B H:\NEWSOME\CINDY\SCSite\SCWEB\cashin\images\bwarroleft.gif --> wwwtest.library.ucla.edu /home/www/stage/libraries/special/scweb/cashin/images bwarroleft.gif
2004.03.03 14:29 B H:\NEWSOME\CINDY\SCSite\SCWEB\cashin\images\bwarroleft.psd --> wwwtest.library.ucla.edu /home/www/stage/libraries/special/scweb/cashin/images bwarroleft.psd
2004.03.03 14:29 B H:\NEWSOME\CINDY\SCSite\SCWEB\cashin\images\bwarrowright.gif --> wwwtest.library.ucla.edu /home/www/stage/libraries/special/scweb/cashin/images bwarrowright.gif
2004.03.03 14:29 B H:\NEWSOME\CINDY\SCSite\SCWEB\cashin\images\bwarrowright.psd --> wwwtest.library.ucla.edu /home/www/stage/libraries/special/scweb/cashin/images bwarrowright.psd
2004.03.03 14:29 B H:\NEWSOME\CINDY\SCSite\SCWEB\cashin\images\bwarrowright2.gif --> wwwtest.library.ucla.edu /home/www/stage/libraries/special/scweb/cashin/images bwarrowright2.gif
2004.03.03 14:29 B H:\NEWSOME\CINDY\SCSite\SCWEB\cashin\images\canvasbig.jpg --> wwwtest.library.ucla.edu /home/www/stage/libraries/special/scweb/cashin/images canvasbig.jpg
2004.03.03 14:29 B H:\NEWSOME\CINDY\SCSite\SCWEB\cashin\images\cap.jpg --> wwwtest.library.ucla.edu /home/www/stage/libraries/special/scweb/cashin/images cap.jpg
2004.03.03 14:29 B H:\NEWSOME\CINDY\SCSite\SCWEB\cashin\images\cashintest.gif --> wwwtest.library.ucla.edu /home/www/stage/libraries/special/scweb/cashin/images cashintest.gif
2004.03.03 14:29 B H:\NEWSOME\CINDY\SCSite\SCWEB\cashin\images\cashmere.jpg --> wwwtest.library.ucla.edu /home/www/stage/libraries/special/scweb/cashin/images cashmere.jpg
2004.03.03 14:29 B H:\NEWSOME\CINDY\SCSite\SCWEB\cashin\images\chiffon.jpg --> wwwtest.library.ucla.edu /home/www/stage/libraries/special/scweb/cashin/images chiffon.jpg
2004.03.03 14:29 B H:\NEWSOME\CINDY\SCSite\SCWEB\cashin\images\chinese.jpg --> wwwtest.library.ucla.edu /home/www/stage/libraries/special/scweb/cashin/images chinese.jpg
2004.03.03 14:29 B H:\NEWSOME\CINDY\SCSite\SCWEB\cashin\images\chinesejacket.jpg --> wwwtest.library.ucla.edu /home/www/stage/libraries/special/scweb/cashin/images chinesejacket.jpg
2004.03.03 14:29 B H:\NEWSOME\CINDY\SCSite\SCWEB\cashin\images\choirboycoat.jpg --> wwwtest.library.ucla.edu /home/www/stage/libraries/special/scweb/cashin/images choirboycoat.jpg
2004.03.03 14:29 B H:\NEWSOME\CINDY\SCSite\SCWEB\cashin\images\coach1964.jpg --> wwwtest.library.ucla.edu /home/www/stage/libraries/special/scweb/cashin/images coach1964.jpg
2004.03.03 14:29 B H:\NEWSOME\CINDY\SCSite\SCWEB\cashin\images\coach1965A.jpg --> wwwtest.library.ucla.edu /home/www/stage/libraries/special/scweb/cashin/images coach1965A.jpg
2004.03.03 14:29 B H:\NEWSOME\CINDY\SCSite\SCWEB\cashin\images\coach1965B.jpg --> wwwtest.library.ucla.edu /home/www/stage/libraries/special/scweb/cashin/images coach1965B.jpg
2004.03.03 14:29 B H:\NEWSOME\CINDY\SCSite\SCWEB\cashin\images\coach1965C.jpg --> wwwtest.library.ucla.edu /home/www/stage/libraries/special/scweb/cashin/images coach1965C.jpg
2004.03.03 14:29 B H:\NEWSOME\CINDY\SCSite\SCWEB\cashin\images\coach1965D.jpg --> wwwtest.library.ucla.edu /home/www/stage/libraries/special/scweb/cashin/images coach1965D.jpg
2004.03.03 14:29 B H:\NEWSOME\CINDY\SCSite\SCWEB\cashin\images\coach1968A.jpg --> wwwtest.library.ucla.edu /home/www/stage/libraries/special/scweb/cashin/images coach1968A.jpg
2004.03.03 14:29 B H:\NEWSOME\CINDY\SCSite\SCWEB\cashin\images\coach1968B.jpg --> wwwtest.library.ucla.edu /home/www/stage/libraries/special/scweb/cashin/images coach1968B.jpg
2004.03.03 14:29 B H:\NEWSOME\CINDY\SCSite\SCWEB\cashin\images\coach1969A.jpg --> wwwtest.library.ucla.edu /home/www/stage/libraries/special/scweb/cashin/images coach1969A.jpg
2004.03.03 14:29 B H:\NEWSOME\CINDY\SCSite\SCWEB\cashin\images\coach1969B.jpg --> wwwtest.library.ucla.edu /home/www/stage/libraries/special/scweb/cashin/images coach1969B.jpg
2004.03.03 14:29 B H:\NEWSOME\CINDY\SCSite\SCWEB\cashin\images\coach1970A.jpg --> wwwtest.library.ucla.edu /home/www/stage/libraries/special/scweb/cashin/images coach1970A.jpg
2004.03.03 14:29 B H:\NEWSOME\CINDY\SCSite\SCWEB\cashin\images\coach1970B.jpg --> wwwtest.library.ucla.edu /home/www/stage/libraries/special/scweb/cashin/images coach1970B.jpg
2004.03.03 14:29 B H:\NEWSOME\CINDY\SCSite\SCWEB\cashin\images\coat.jpg --> wwwtest.library.ucla.edu /home/www/stage/libraries/special/scweb/cashin/images coat.jpg
2004.03.03 14:29 B H:\NEWSOME\CINDY\SCSite\SCWEB\cashin\images\cone.jpg --> wwwtest.library.ucla.edu /home/www/stage/libraries/special/scweb/cashin/images cone.jpg
2004.03.03 14:29 B H:\NEWSOME\CINDY\SCSite\SCWEB\cashin\images\coolie.jpg --> wwwtest.library.ucla.edu /home/www/stage/libraries/special/scweb/cashin/images coolie.jpg
2004.03.03 14:29 B H:\NEWSOME\CINDY\SCSite\SCWEB\cashin\images\crepetoga.jpg --> wwwtest.library.ucla.edu /home/www/stage/libraries/special/scweb/cashin/images crepetoga.jpg
2004.03.03 14:29 B H:\NEWSOME\CINDY\SCSite\SCWEB\cashin\images\dancers.jpg --> wwwtest.library.ucla.edu /home/www/stage/libraries/special/scweb/cashin/images dancers.jpg
2004.03.03 14:29 B H:\NEWSOME\CINDY\SCSite\SCWEB\cashin\images\disc.jpg --> wwwtest.library.ucla.edu /home/www/stage/libraries/special/scweb/cashin/images disc.jpg
2004.03.03 14:29 B H:\NEWSOME\CINDY\SCSite\SCWEB\cashin\images\doe1952.jpg --> wwwtest.library.ucla.edu /home/www/stage/libraries/special/scweb/cashin/images doe1952.jpg
2004.03.03 14:29 B H:\NEWSOME\CINDY\SCSite\SCWEB\cashin\images\doge.jpg --> wwwtest.library.ucla.edu /home/www/stage/libraries/special/scweb/cashin/images doge.jpg
2004.03.03 14:29 B H:\NEWSOME\CINDY\SCSite\SCWEB\cashin\images\dreamer1.jpg --> wwwtest.library.ucla.edu /home/www/stage/libraries/special/scweb/cashin/images dreamer1.jpg
2004.03.03 14:29 B H:\NEWSOME\CINDY\SCSite\SCWEB\cashin\images\dreamer2.jpg --> wwwtest.library.ucla.edu /home/www/stage/libraries/special/scweb/cashin/images dreamer2.jpg
2004.03.03 14:29 B H:\NEWSOME\CINDY\SCSite\SCWEB\cashin\images\dreamer3.jpg --> wwwtest.library.ucla.edu /home/www/stage/libraries/special/scweb/cashin/images dreamer3.jpg
2004.03.03 14:29 B H:\NEWSOME\CINDY\SCSite\SCWEB\cashin\images\egyptian.jpg --> wwwtest.library.ucla.edu /home/www/stage/libraries/special/scweb/cashin/images egyptian.jpg
2004.03.03 14:29 B H:\NEWSOME\CINDY\SCSite\SCWEB\cashin\images\elf.jpg --> wwwtest.library.ucla.edu /home/www/stage/libraries/special/scweb/cashin/images elf.jpg
2004.03.03 14:29 B H:\NEWSOME\CINDY\SCSite\SCWEB\cashin\images\espadrille.jpg --> wwwtest.library.ucla.edu /home/www/stage/libraries/special/scweb/cashin/images espadrille.jpg
2004.03.03 14:29 B H:\NEWSOME\CINDY\SCSite\SCWEB\cashin\images\fatman.jpg --> wwwtest.library.ucla.edu /home/www/stage/libraries/special/scweb/cashin/images fatman.jpg
2004.03.03 14:29 B H:\NEWSOME\CINDY\SCSite\SCWEB\cashin\images\feedbag.jpg --> wwwtest.library.ucla.edu /home/www/stage/libraries/special/scweb/cashin/images feedbag.jpg
2004.03.03 14:29 B H:\NEWSOME\CINDY\SCSite\SCWEB\cashin\images\flying.jpg --> wwwtest.library.ucla.edu /home/www/stage/libraries/special/scweb/cashin/images flying.jpg
2004.03.03 14:29 B H:\NEWSOME\CINDY\SCSite\SCWEB\cashin\images\foxhat.jpg --> wwwtest.library.ucla.edu /home/www/stage/libraries/special/scweb/cashin/images foxhat.jpg
2004.03.03 14:29 B H:\NEWSOME\CINDY\SCSite\SCWEB\cashin\images\fringed.jpg --> wwwtest.library.ucla.edu /home/www/stage/libraries/special/scweb/cashin/images fringed.jpg
2004.03.03 14:29 B H:\NEWSOME\CINDY\SCSite\SCWEB\cashin\images\fringedskirt.jpg --> wwwtest.library.ucla.edu /home/www/stage/libraries/special/scweb/cashin/images fringedskirt.jpg
2004.03.03 14:29 B H:\NEWSOME\CINDY\SCSite\SCWEB\cashin\images\fur.jpg --> wwwtest.library.ucla.edu /home/www/stage/libraries/special/scweb/cashin/images fur.jpg
2004.03.03 14:29 B H:\NEWSOME\CINDY\SCSite\SCWEB\cashin\images\furcoat.jpg --> wwwtest.library.ucla.edu /home/www/stage/libraries/special/scweb/cashin/images furcoat.jpg
2004.03.03 14:29 B H:\NEWSOME\CINDY\SCSite\SCWEB\cashin\images\glove5a.jpg --> wwwtest.library.ucla.edu /home/www/stage/libraries/special/scweb/cashin/images glove5a.jpg
2004.03.03 14:29 B H:\NEWSOME\CINDY\SCSite\SCWEB\cashin\images\golfing.jpg --> wwwtest.library.ucla.edu /home/www/stage/libraries/special/scweb/cashin/images golfing.jpg
2004.03.03 14:29 B H:\NEWSOME\CINDY\SCSite\SCWEB\cashin\images\grenfeld.jpg --> wwwtest.library.ucla.edu /home/www/stage/libraries/special/scweb/cashin/images grenfeld.jpg
2004.03.03 14:29 B H:\NEWSOME\CINDY\SCSite\SCWEB\cashin\images\gypsyroselee.jpg --> wwwtest.library.ucla.edu /home/www/stage/libraries/special/scweb/cashin/images gypsyroselee.jpg
2004.03.03 14:30 B H:\NEWSOME\CINDY\SCSite\SCWEB\cashin\images\handknit.gif --> wwwtest.library.ucla.edu /home/www/stage/libraries/special/scweb/cashin/images handknit.gif
2004.03.03 14:30 B H:\NEWSOME\CINDY\SCSite\SCWEB\cashin\images\handknit.jpg --> wwwtest.library.ucla.edu /home/www/stage/libraries/special/scweb/cashin/images handknit.jpg
2004.03.03 14:30 B H:\NEWSOME\CINDY\SCSite\SCWEB\cashin\images\handknit.psd --> wwwtest.library.ucla.edu /home/www/stage/libraries/special/scweb/cashin/images handknit.psd
2004.03.03 14:30 B H:\NEWSOME\CINDY\SCSite\SCWEB\cashin\images\harem.jpg --> wwwtest.library.ucla.edu /home/www/stage/libraries/special/scweb/cashin/images harem.jpg
2004.03.03 14:30 B H:\NEWSOME\CINDY\SCSite\SCWEB\cashin\images\hats4a.jpg --> wwwtest.library.ucla.edu /home/www/stage/libraries/special/scweb/cashin/images hats4a.jpg
2004.03.03 14:30 B H:\NEWSOME\CINDY\SCSite\SCWEB\cashin\images\heads.jpg --> wwwtest.library.ucla.edu /home/www/stage/libraries/special/scweb/cashin/images heads.jpg
2004.03.03 14:30 B H:\NEWSOME\CINDY\SCSite\SCWEB\cashin\images\heavy.jpg --> wwwtest.library.ucla.edu /home/www/stage/libraries/special/scweb/cashin/images heavy.jpg
2004.03.03 14:30 B H:\NEWSOME\CINDY\SCSite\SCWEB\cashin\images\hobby.jpg --> wwwtest.library.ucla.edu /home/www/stage/libraries/special/scweb/cashin/images hobby.jpg
2004.03.03 14:30 B H:\NEWSOME\CINDY\SCSite\SCWEB\cashin\images\hobby350.jpg --> wwwtest.library.ucla.edu /home/www/stage/libraries/special/scweb/cashin/images hobby350.jpg
2004.03.03 14:30 B H:\NEWSOME\CINDY\SCSite\SCWEB\cashin\images\igloo.jpg --> wwwtest.library.ucla.edu /home/www/stage/libraries/special/scweb/cashin/images igloo.jpg
2004.03.03 14:30 B H:\NEWSOME\CINDY\SCSite\SCWEB\cashin\images\intarsia.jpg --> wwwtest.library.ucla.edu /home/www/stage/libraries/special/scweb/cashin/images intarsia.jpg
2004.03.03 14:30 B H:\NEWSOME\CINDY\SCSite\SCWEB\cashin\images\introkorean copy.jpg --> wwwtest.library.ucla.edu /home/www/stage/libraries/special/scweb/cashin/images introkorean copy.jpg
2004.03.03 14:30 B H:\NEWSOME\CINDY\SCSite\SCWEB\cashin\images\introkorean.gif --> wwwtest.library.ucla.edu /home/www/stage/libraries/special/scweb/cashin/images introkorean.gif
2004.03.03 14:30 B H:\NEWSOME\CINDY\SCSite\SCWEB\cashin\images\introkorean.jpg --> wwwtest.library.ucla.edu /home/www/stage/libraries/special/scweb/cashin/images introkorean.jpg
2004.03.03 14:30 B H:\NEWSOME\CINDY\SCSite\SCWEB\cashin\images\introkorean.psd --> wwwtest.library.ucla.edu /home/www/stage/libraries/special/scweb/cashin/images introkorean.psd
2004.03.03 14:30 B H:\NEWSOME\CINDY\SCSite\SCWEB\cashin\images\introkorean2.gif --> wwwtest.library.ucla.edu /home/www/stage/libraries/special/scweb/cashin/images introkorean2.gif
2004.03.03 14:30 B H:\NEWSOME\CINDY\SCSite\SCWEB\cashin\images\jumper.jpg --> wwwtest.library.ucla.edu /home/www/stage/libraries/special/scweb/cashin/images jumper.jpg
2004.03.03 14:30 B H:\NEWSOME\CINDY\SCSite\SCWEB\cashin\images\kimono.jpg --> wwwtest.library.ucla.edu /home/www/stage/libraries/special/scweb/cashin/images kimono.jpg
2004.03.03 14:30 B H:\NEWSOME\CINDY\SCSite\SCWEB\cashin\images\kimono2.jpg --> wwwtest.library.ucla.edu /home/www/stage/libraries/special/scweb/cashin/images kimono2.jpg
2004.03.03 14:30 B H:\NEWSOME\CINDY\SCSite\SCWEB\cashin\images\kimono3.jpg --> wwwtest.library.ucla.edu /home/www/stage/libraries/special/scweb/cashin/images kimono3.jpg
2004.03.03 14:30 B H:\NEWSOME\CINDY\SCSite\SCWEB\cashin\images\korean.gif --> wwwtest.library.ucla.edu /home/www/stage/libraries/special/scweb/cashin/images korean.gif
2004.03.03 14:30 B H:\NEWSOME\CINDY\SCSite\SCWEB\cashin\images\korean.psd --> wwwtest.library.ucla.edu /home/www/stage/libraries/special/scweb/cashin/images korean.psd
2004.03.03 14:30 B H:\NEWSOME\CINDY\SCSite\SCWEB\cashin\images\labels.jpg --> wwwtest.library.ucla.edu /home/www/stage/libraries/special/scweb/cashin/images labels.jpg
2004.03.03 14:30 B H:\NEWSOME\CINDY\SCSite\SCWEB\cashin\images\lantern.jpg --> wwwtest.library.ucla.edu /home/www/stage/libraries/special/scweb/cashin/images lantern.jpg
2004.03.03 14:30 B H:\NEWSOME\CINDY\SCSite\SCWEB\cashin\images\laura.jpg --> wwwtest.library.ucla.edu /home/www/stage/libraries/special/scweb/cashin/images laura.jpg
2004.03.03 14:30 B H:\NEWSOME\CINDY\SCSite\SCWEB\cashin\images\leather1956.jpg --> wwwtest.library.ucla.edu /home/www/stage/libraries/special/scweb/cashin/images leather1956.jpg
2004.03.03 14:30 B H:\NEWSOME\CINDY\SCSite\SCWEB\cashin\images\leathercoat.jpg --> wwwtest.library.ucla.edu /home/www/stage/libraries/special/scweb/cashin/images leathercoat.jpg
2004.03.03 14:30 B H:\NEWSOME\CINDY\SCSite\SCWEB\cashin\images\leopard.gif --> wwwtest.library.ucla.edu /home/www/stage/libraries/special/scweb/cashin/images leopard.gif
2004.03.03 14:30 B H:\NEWSOME\CINDY\SCSite\SCWEB\cashin\images\leopard.jpg --> wwwtest.library.ucla.edu /home/www/stage/libraries/special/scweb/cashin/images leopard.jpg
2004.03.03 14:30 B H:\NEWSOME\CINDY\SCSite\SCWEB\cashin\images\leopard.psd --> wwwtest.library.ucla.edu /home/www/stage/libraries/special/scweb/cashin/images leopard.psd
2004.03.03 14:30 B H:\NEWSOME\CINDY\SCSite\SCWEB\cashin\images\liebes.jpg --> wwwtest.library.ucla.edu /home/www/stage/libraries/special/scweb/cashin/images liebes.jpg
2004.03.03 14:30 B H:\NEWSOME\CINDY\SCSite\SCWEB\cashin\images\mailman.jpg --> wwwtest.library.ucla.edu /home/www/stage/libraries/special/scweb/cashin/images mailman.jpg
2004.03.03 14:30 B H:\NEWSOME\CINDY\SCSite\SCWEB\cashin\images\mandarin.jpg --> wwwtest.library.ucla.edu /home/www/stage/libraries/special/scweb/cashin/images mandarin.jpg
2004.03.03 14:30 B H:\NEWSOME\CINDY\SCSite\SCWEB\cashin\images\mandarin2.jpg --> wwwtest.library.ucla.edu /home/www/stage/libraries/special/scweb/cashin/images mandarin2.jpg
2004.03.03 14:30 B H:\NEWSOME\CINDY\SCSite\SCWEB\cashin\images\masquerades.jpg --> wwwtest.library.ucla.edu /home/www/stage/libraries/special/scweb/cashin/images masquerades.jpg
2004.03.03 14:30 B H:\NEWSOME\CINDY\SCSite\SCWEB\cashin\images\mirror.gif --> wwwtest.library.ucla.edu /home/www/stage/libraries/special/scweb/cashin/images mirror.gif
2004.03.03 14:30 B H:\NEWSOME\CINDY\SCSite\SCWEB\cashin\images\mirror.jpg --> wwwtest.library.ucla.edu /home/www/stage/libraries/special/scweb/cashin/images mirror.jpg
2004.03.03 14:30 B H:\NEWSOME\CINDY\SCSite\SCWEB\cashin\images\mirror.psd --> wwwtest.library.ucla.edu /home/www/stage/libraries/special/scweb/cashin/images mirror.psd
2004.03.03 14:30 B H:\NEWSOME\CINDY\SCSite\SCWEB\cashin\images\muffbag.jpg --> wwwtest.library.ucla.edu /home/www/stage/libraries/special/scweb/cashin/images muffbag.jpg
2004.03.03 14:30 B H:\NEWSOME\CINDY\SCSite\SCWEB\cashin\images\narrownoh.jpg --> wwwtest.library.ucla.edu /home/www/stage/libraries/special/scweb/cashin/images narrownoh.jpg
2004.03.03 14:30 B H:\NEWSOME\CINDY\SCSite\SCWEB\cashin\images\northsouth.jpg --> wwwtest.library.ucla.edu /home/www/stage/libraries/special/scweb/cashin/images northsouth.jpg
2004.03.03 14:30 B H:\NEWSOME\CINDY\SCSite\SCWEB\cashin\images\nyads1.jpg --> wwwtest.library.ucla.edu /home/www/stage/libraries/special/scweb/cashin/images nyads1.jpg
2004.03.03 14:30 B H:\NEWSOME\CINDY\SCSite\SCWEB\cashin\images\nyads2.jpg --> wwwtest.library.ucla.edu /home/www/stage/libraries/special/scweb/cashin/images nyads2.jpg
2004.03.03 14:30 B H:\NEWSOME\CINDY\SCSite\SCWEB\cashin\images\nyads3.jpg --> wwwtest.library.ucla.edu /home/www/stage/libraries/special/scweb/cashin/images nyads3.jpg
2004.03.03 14:30 B H:\NEWSOME\CINDY\SCSite\SCWEB\cashin\images\nyads4.jpg --> wwwtest.library.ucla.edu /home/www/stage/libraries/special/scweb/cashin/images nyads4.jpg
2004.03.03 14:30 B H:\NEWSOME\CINDY\SCSite\SCWEB\cashin\images\nyads5.jpg --> wwwtest.library.ucla.edu /home/www/stage/libraries/special/scweb/cashin/images nyads5.jpg
2004.03.03 14:30 B H:\NEWSOME\CINDY\SCSite\SCWEB\cashin\images\nyads6.jpg --> wwwtest.library.ucla.edu /home/www/stage/libraries/special/scweb/cashin/images nyads6.jpg
2004.03.03 14:30 B H:\NEWSOME\CINDY\SCSite\SCWEB\cashin\images\nyads7.jpg --> wwwtest.library.ucla.edu /home/www/stage/libraries/special/scweb/cashin/images nyads7.jpg
2004.03.03 14:30 B H:\NEWSOME\CINDY\SCSite\SCWEB\cashin\images\ostrich.jpg --> wwwtest.library.ucla.edu /home/www/stage/libraries/special/scweb/cashin/images ostrich.jpg
2004.03.03 14:30 B H:\NEWSOME\CINDY\SCSite\SCWEB\cashin\images\otterburn88.jpg --> wwwtest.library.ucla.edu /home/www/stage/libraries/special/scweb/cashin/images otterburn88.jpg
2004.03.03 14:30 B H:\NEWSOME\CINDY\SCSite\SCWEB\cashin\images\papermodel.jpg --> wwwtest.library.ucla.edu /home/www/stage/libraries/special/scweb/cashin/images papermodel.jpg
2004.03.03 14:30 B H:\NEWSOME\CINDY\SCSite\SCWEB\cashin\images\papernoh1.jpg --> wwwtest.library.ucla.edu /home/www/stage/libraries/special/scweb/cashin/images papernoh1.jpg
2004.03.03 14:30 B H:\NEWSOME\CINDY\SCSite\SCWEB\cashin\images\papernoh2.jpg --> wwwtest.library.ucla.edu /home/www/stage/libraries/special/scweb/cashin/images papernoh2.jpg
2004.03.03 14:30 B H:\NEWSOME\CINDY\SCSite\SCWEB\cashin\images\paris1948.jpg --> wwwtest.library.ucla.edu /home/www/stage/libraries/special/scweb/cashin/images paris1948.jpg
2004.03.03 14:30 B H:\NEWSOME\CINDY\SCSite\SCWEB\cashin\images\peruviancap.jpg --> wwwtest.library.ucla.edu /home/www/stage/libraries/special/scweb/cashin/images peruviancap.jpg
2004.03.03 14:30 B H:\NEWSOME\CINDY\SCSite\SCWEB\cashin\images\pierrot.jpg --> wwwtest.library.ucla.edu /home/www/stage/libraries/special/scweb/cashin/images pierrot.jpg
2004.03.03 14:30 B H:\NEWSOME\CINDY\SCSite\SCWEB\cashin\images\playsuit.jpg --> wwwtest.library.ucla.edu /home/www/stage/libraries/special/scweb/cashin/images playsuit.jpg
2004.03.03 14:30 B H:\NEWSOME\CINDY\SCSite\SCWEB\cashin\images\ponchowhite.gif --> wwwtest.library.ucla.edu /home/www/stage/libraries/special/scweb/cashin/images ponchowhite.gif
2004.03.03 14:30 B H:\NEWSOME\CINDY\SCSite\SCWEB\cashin\images\ponchowide.gif --> wwwtest.library.ucla.edu /home/www/stage/libraries/special/scweb/cashin/images ponchowide.gif
2004.03.03 14:30 B H:\NEWSOME\CINDY\SCSite\SCWEB\cashin\images\posterindex.gif --> wwwtest.library.ucla.edu /home/www/stage/libraries/special/scweb/cashin/images posterindex.gif
2004.03.03 14:30 B H:\NEWSOME\CINDY\SCSite\SCWEB\cashin\images\posterindex.psd --> wwwtest.library.ucla.edu /home/www/stage/libraries/special/scweb/cashin/images posterindex.psd
2004.03.03 14:30 B H:\NEWSOME\CINDY\SCSite\SCWEB\cashin\images\princess.jpg --> wwwtest.library.ucla.edu /home/www/stage/libraries/special/scweb/cashin/images princess.jpg
2004.03.03 14:30 B H:\NEWSOME\CINDY\SCSite\SCWEB\cashin\images\pursepocket.jpg --> wwwtest.library.ucla.edu /home/www/stage/libraries/special/scweb/cashin/images pursepocket.jpg
2004.03.03 14:30 B H:\NEWSOME\CINDY\SCSite\SCWEB\cashin\images\quilted.jpg --> wwwtest.library.ucla.edu /home/www/stage/libraries/special/scweb/cashin/images quilted.jpg
2004.03.03 14:30 B H:\NEWSOME\CINDY\SCSite\SCWEB\cashin\images\rawsilk.jpg --> wwwtest.library.ucla.edu /home/www/stage/libraries/special/scweb/cashin/images rawsilk.jpg
2004.03.03 14:30 B H:\NEWSOME\CINDY\SCSite\SCWEB\cashin\images\ren.jpg --> wwwtest.library.ucla.edu /home/www/stage/libraries/special/scweb/cashin/images ren.jpg
2004.03.03 14:30 B H:\NEWSOME\CINDY\SCSite\SCWEB\cashin\images\riding.jpg --> wwwtest.library.ucla.edu /home/www/stage/libraries/special/scweb/cashin/images riding.jpg
2004.03.03 14:30 B H:\NEWSOME\CINDY\SCSite\SCWEB\cashin\images\robinhood.jpg --> wwwtest.library.ucla.edu /home/www/stage/libraries/special/scweb/cashin/images robinhood.jpg
2004.03.03 14:30 B H:\NEWSOME\CINDY\SCSite\SCWEB\cashin\images\rodeo.jpg --> wwwtest.library.ucla.edu /home/www/stage/libraries/special/scweb/cashin/images rodeo.jpg
2004.03.03 14:30 B H:\NEWSOME\CINDY\SCSite\SCWEB\cashin\images\russian1968.jpg --> wwwtest.library.ucla.edu /home/www/stage/libraries/special/scweb/cashin/images russian1968.jpg
2004.03.03 14:30 B H:\NEWSOME\CINDY\SCSite\SCWEB\cashin\images\russianblouse.jpg --> wwwtest.library.ucla.edu /home/www/stage/libraries/special/scweb/cashin/images russianblouse.jpg
2004.03.03 14:31 B H:\NEWSOME\CINDY\SCSite\SCWEB\cashin\images\saddle.jpg --> wwwtest.library.ucla.edu /home/www/stage/libraries/special/scweb/cashin/images saddle.jpg
2004.03.03 14:31 B H:\NEWSOME\CINDY\SCSite\SCWEB\cashin\images\saddlebag.jpg --> wwwtest.library.ucla.edu /home/www/stage/libraries/special/scweb/cashin/images saddlebag.jpg
2004.03.03 14:31 B H:\NEWSOME\CINDY\SCSite\SCWEB\cashin\images\scrap2.gif --> wwwtest.library.ucla.edu /home/www/stage/libraries/special/scweb/cashin/images scrap2.gif
2004.03.03 14:31 B H:\NEWSOME\CINDY\SCSite\SCWEB\cashin\images\scrap2.jpg --> wwwtest.library.ucla.edu /home/www/stage/libraries/special/scweb/cashin/images scrap2.jpg
2004.03.03 14:31 B H:\NEWSOME\CINDY\SCSite\SCWEB\cashin\images\scrap2.psd --> wwwtest.library.ucla.edu /home/www/stage/libraries/special/scweb/cashin/images scrap2.psd
2004.03.03 14:31 B H:\NEWSOME\CINDY\SCSite\SCWEB\cashin\images\scrapsac.jpg --> wwwtest.library.ucla.edu /home/www/stage/libraries/special/scweb/cashin/images scrapsac.jpg
2004.03.03 14:31 B H:\NEWSOME\CINDY\SCSite\SCWEB\cashin\images\sheer.jpg --> wwwtest.library.ucla.edu /home/www/stage/libraries/special/scweb/cashin/images sheer.jpg
2004.03.03 14:31 B H:\NEWSOME\CINDY\SCSite\SCWEB\cashin\images\shirtycoat.jpg --> wwwtest.library.ucla.edu /home/www/stage/libraries/special/scweb/cashin/images shirtycoat.jpg
2004.03.03 14:31 B H:\NEWSOME\CINDY\SCSite\SCWEB\cashin\images\slashed.jpg --> wwwtest.library.ucla.edu /home/www/stage/libraries/special/scweb/cashin/images slashed.jpg
2004.03.03 14:31 B H:\NEWSOME\CINDY\SCSite\SCWEB\cashin\images\spaniel1950.jpg --> wwwtest.library.ucla.edu /home/www/stage/libraries/special/scweb/cashin/images spaniel1950.jpg
2004.03.03 14:31 B H:\NEWSOME\CINDY\SCSite\SCWEB\cashin\images\thrifty.jpg --> wwwtest.library.ucla.edu /home/www/stage/libraries/special/scweb/cashin/images thrifty.jpg
2004.03.03 14:31 B H:\NEWSOME\CINDY\SCSite\SCWEB\cashin\images\tip.jpg --> wwwtest.library.ucla.edu /home/www/stage/libraries/special/scweb/cashin/images tip.jpg
2004.03.03 14:31 B H:\NEWSOME\CINDY\SCSite\SCWEB\cashin\images\toga1949.jpg --> wwwtest.library.ucla.edu /home/www/stage/libraries/special/scweb/cashin/images toga1949.jpg
2004.03.03 14:31 B H:\NEWSOME\CINDY\SCSite\SCWEB\cashin\images\toga2image49.jpg --> wwwtest.library.ucla.edu /home/www/stage/libraries/special/scweb/cashin/images toga2image49.jpg
2004.03.03 14:31 B H:\NEWSOME\CINDY\SCSite\SCWEB\cashin\images\togasketch.jpg --> wwwtest.library.ucla.edu /home/www/stage/libraries/special/scweb/cashin/images togasketch.jpg
2004.03.03 14:31 B H:\NEWSOME\CINDY\SCSite\SCWEB\cashin\images\turban.jpg --> wwwtest.library.ucla.edu /home/www/stage/libraries/special/scweb/cashin/images turban.jpg
2004.03.03 14:31 B H:\NEWSOME\CINDY\SCSite\SCWEB\cashin\images\tweedtoga.jpg --> wwwtest.library.ucla.edu /home/www/stage/libraries/special/scweb/cashin/images tweedtoga.jpg
2004.03.03 14:31 B H:\NEWSOME\CINDY\SCSite\SCWEB\cashin\images\types.jpg --> wwwtest.library.ucla.edu /home/www/stage/libraries/special/scweb/cashin/images types.jpg
2004.03.03 14:31 B H:\NEWSOME\CINDY\SCSite\SCWEB\cashin\images\uncommon.jpg --> wwwtest.library.ucla.edu /home/www/stage/libraries/special/scweb/cashin/images uncommon.jpg
2004.03.03 14:31 B H:\NEWSOME\CINDY\SCSite\SCWEB\cashin\images\vogue1.jpg --> wwwtest.library.ucla.edu /home/www/stage/libraries/special/scweb/cashin/images vogue1.jpg
2004.03.03 14:31 B H:\NEWSOME\CINDY\SCSite\SCWEB\cashin\images\vogue2.jpg --> wwwtest.library.ucla.edu /home/www/stage/libraries/special/scweb/cashin/images vogue2.jpg
2004.03.03 14:31 B H:\NEWSOME\CINDY\SCSite\SCWEB\cashin\images\watercolor.jpg --> wwwtest.library.ucla.edu /home/www/stage/libraries/special/scweb/cashin/images watercolor.jpg
2004.03.03 14:31 B H:\NEWSOME\CINDY\SCSite\SCWEB\cashin\images\west.jpg --> wwwtest.library.ucla.edu /home/www/stage/libraries/special/scweb/cashin/images west.jpg
2004.03.03 14:31 B H:\NEWSOME\CINDY\SCSite\SCWEB\cashin\images\whitesatin.jpg --> wwwtest.library.ucla.edu /home/www/stage/libraries/special/scweb/cashin/images whitesatin.jpg
