2004.03.25 15:12 A H:\NEWSOME\CINDY\SCSite\SCWEB\cashin\series\images\_1UC-001_Inv_Side_2.pdf --> wwwtest.library.ucla.edu /home/www/test/libraries/special/scweb/cashin/series/images _1UC-001_Inv_Side_2.pdf
2004.03.25 15:12 A H:\NEWSOME\CINDY\SCSite\SCWEB\cashin\series\images\about.gif --> wwwtest.library.ucla.edu /home/www/test/libraries/special/scweb/cashin/series/images about.gif
2004.03.25 15:12 A H:\NEWSOME\CINDY\SCSite\SCWEB\cashin\series\images\about.psd --> wwwtest.library.ucla.edu /home/www/test/libraries/special/scweb/cashin/series/images about.psd
2004.03.25 15:12 A H:\NEWSOME\CINDY\SCSite\SCWEB\cashin\series\images\archive.gif --> wwwtest.library.ucla.edu /home/www/test/libraries/special/scweb/cashin/series/images archive.gif
2004.03.25 15:12 A H:\NEWSOME\CINDY\SCSite\SCWEB\cashin\series\images\archive.psd --> wwwtest.library.ucla.edu /home/www/test/libraries/special/scweb/cashin/series/images archive.psd
2004.03.25 15:12 A H:\NEWSOME\CINDY\SCSite\SCWEB\cashin\series\images\archive2.gif --> wwwtest.library.ucla.edu /home/www/test/libraries/special/scweb/cashin/series/images archive2.gif
2004.03.25 15:12 A H:\NEWSOME\CINDY\SCSite\SCWEB\cashin\series\images\archive2.psd --> wwwtest.library.ucla.edu /home/www/test/libraries/special/scweb/cashin/series/images archive2.psd
2004.03.25 15:12 A H:\NEWSOME\CINDY\SCSite\SCWEB\cashin\series\images\archive3.gif --> wwwtest.library.ucla.edu /home/www/test/libraries/special/scweb/cashin/series/images archive3.gif
2004.03.25 15:12 A H:\NEWSOME\CINDY\SCSite\SCWEB\cashin\series\images\archive300.gif --> wwwtest.library.ucla.edu /home/www/test/libraries/special/scweb/cashin/series/images archive300.gif
2004.03.25 15:12 A H:\NEWSOME\CINDY\SCSite\SCWEB\cashin\series\images\archive300.psd --> wwwtest.library.ucla.edu /home/www/test/libraries/special/scweb/cashin/series/images archive300.psd
2004.03.25 15:12 A H:\NEWSOME\CINDY\SCSite\SCWEB\cashin\series\images\archive4.gif --> wwwtest.library.ucla.edu /home/www/test/libraries/special/scweb/cashin/series/images archive4.gif
2004.03.25 15:12 A H:\NEWSOME\CINDY\SCSite\SCWEB\cashin\series\images\archive5.gif --> wwwtest.library.ucla.edu /home/www/test/libraries/special/scweb/cashin/series/images archive5.gif
2004.03.25 15:12 A H:\NEWSOME\CINDY\SCSite\SCWEB\cashin\series\images\bon.gif --> wwwtest.library.ucla.edu /home/www/test/libraries/special/scweb/cashin/series/images bon.gif
2004.03.25 15:12 A H:\NEWSOME\CINDY\SCSite\SCWEB\cashin\series\images\bonniekorean.gif --> wwwtest.library.ucla.edu /home/www/test/libraries/special/scweb/cashin/series/images bonniekorean.gif
2004.03.25 15:12 A H:\NEWSOME\CINDY\SCSite\SCWEB\cashin\series\images\bonniekorean.psd --> wwwtest.library.ucla.edu /home/www/test/libraries/special/scweb/cashin/series/images bonniekorean.psd
2004.03.25 15:12 A H:\NEWSOME\CINDY\SCSite\SCWEB\cashin\series\images\Inv_Side_1.pdf --> wwwtest.library.ucla.edu /home/www/test/libraries/special/scweb/cashin/series/images Inv_Side_1.pdf
2004.03.25 15:12 A H:\NEWSOME\CINDY\SCSite\SCWEB\cashin\series\images\khakisquare.gif --> wwwtest.library.ucla.edu /home/www/test/libraries/special/scweb/cashin/series/images khakisquare.gif
2004.03.25 15:12 A H:\NEWSOME\CINDY\SCSite\SCWEB\cashin\series\images\olivesquare.gif --> wwwtest.library.ucla.edu /home/www/test/libraries/special/scweb/cashin/series/images olivesquare.gif
2004.03.25 15:12 A H:\NEWSOME\CINDY\SCSite\SCWEB\cashin\series\images\olivesquare2.gif --> wwwtest.library.ucla.edu /home/www/test/libraries/special/scweb/cashin/series/images olivesquare2.gif
2004.03.25 15:12 A H:\NEWSOME\CINDY\SCSite\SCWEB\cashin\series\images\pinksquare.gif --> wwwtest.library.ucla.edu /home/www/test/libraries/special/scweb/cashin/series/images pinksquare.gif
2004.03.25 15:12 A H:\NEWSOME\CINDY\SCSite\SCWEB\cashin\series\images\pinksquare.psd --> wwwtest.library.ucla.edu /home/www/test/libraries/special/scweb/cashin/series/images pinksquare.psd
2004.03.25 15:12 A H:\NEWSOME\CINDY\SCSite\SCWEB\cashin\series\images\salmon.psd --> wwwtest.library.ucla.edu /home/www/test/libraries/special/scweb/cashin/series/images salmon.psd
2004.03.25 15:12 A H:\NEWSOME\CINDY\SCSite\SCWEB\cashin\series\images\tsheader.gif --> wwwtest.library.ucla.edu /home/www/test/libraries/special/scweb/cashin/series/images tsheader.gif
2004.03.25 15:12 A H:\NEWSOME\CINDY\SCSite\SCWEB\cashin\series\images\whitesquare.gif --> wwwtest.library.ucla.edu /home/www/test/libraries/special/scweb/cashin/series/images whitesquare.gif
2004.03.25 15:12 B H:\NEWSOME\CINDY\SCSite\SCWEB\cashin\series\images\WS_FTP.LOG --> wwwtest.library.ucla.edu /home/www/test/libraries/special/scweb/cashin/series/images WS_FTP.LOG
2004.03.25 15:13 B H:\NEWSOME\CINDY\SCSite\SCWEB\cashin\series\images\bonniekorean.gif --> wwwtest.library.ucla.edu /home/www/test/libraries/special/scweb/cashin/series/images bonniekorean.gif
2004.03.25 17:03 B H:\NEWSOME\CINDY\SCSite\SCWEB\cashin\series\images\about.psd --> wwwtest.library.ucla.edu /home/www/test/libraries/special/scweb/cashin/series/images about.psd
2004.03.25 17:03 B H:\NEWSOME\CINDY\SCSite\SCWEB\cashin\series\images\about2.gif --> wwwtest.library.ucla.edu /home/www/test/libraries/special/scweb/cashin/series/images about2.gif
2004.03.25 17:03 B H:\NEWSOME\CINDY\SCSite\SCWEB\cashin\series\images\archive.psd --> wwwtest.library.ucla.edu /home/www/test/libraries/special/scweb/cashin/series/images archive.psd
2004.03.25 17:03 B H:\NEWSOME\CINDY\SCSite\SCWEB\cashin\series\images\archive2.psd --> wwwtest.library.ucla.edu /home/www/test/libraries/special/scweb/cashin/series/images archive2.psd
2004.03.25 17:03 B H:\NEWSOME\CINDY\SCSite\SCWEB\cashin\series\images\archive300.psd --> wwwtest.library.ucla.edu /home/www/test/libraries/special/scweb/cashin/series/images archive300.psd
2004.03.25 17:03 B H:\NEWSOME\CINDY\SCSite\SCWEB\cashin\series\images\chic.gif --> wwwtest.library.ucla.edu /home/www/test/libraries/special/scweb/cashin/series/images chic.gif
2004.03.25 17:03 B H:\NEWSOME\CINDY\SCSite\SCWEB\cashin\series\images\lectures.gif --> wwwtest.library.ucla.edu /home/www/test/libraries/special/scweb/cashin/series/images lectures.gif
2004.03.25 17:03 B H:\NEWSOME\CINDY\SCSite\SCWEB\cashin\series\images\lectures.psd --> wwwtest.library.ucla.edu /home/www/test/libraries/special/scweb/cashin/series/images lectures.psd
2004.03.25 17:03 B H:\NEWSOME\CINDY\SCSite\SCWEB\cashin\series\images\lectures2.gif --> wwwtest.library.ucla.edu /home/www/test/libraries/special/scweb/cashin/series/images lectures2.gif
2004.03.25 17:03 B H:\NEWSOME\CINDY\SCSite\SCWEB\cashin\series\images\WS_FTP.LOG --> wwwtest.library.ucla.edu /home/www/test/libraries/special/scweb/cashin/series/images WS_FTP.LOG
2004.03.26 16:32 B H:\NEWSOME\CINDY\SCSite\SCWEB\cashin\series\images\about.gif --> wwwtest.library.ucla.edu /home/www/test/libraries/special/scweb/cashin/series/images about.gif
2004.03.26 16:32 B H:\NEWSOME\CINDY\SCSite\SCWEB\cashin\series\images\about3.gif --> wwwtest.library.ucla.edu /home/www/test/libraries/special/scweb/cashin/series/images about3.gif
2004.03.26 16:32 B H:\NEWSOME\CINDY\SCSite\SCWEB\cashin\series\images\archive.gif --> wwwtest.library.ucla.edu /home/www/test/libraries/special/scweb/cashin/series/images archive.gif
2004.03.26 16:32 B H:\NEWSOME\CINDY\SCSite\SCWEB\cashin\series\images\button.psd --> wwwtest.library.ucla.edu /home/www/test/libraries/special/scweb/cashin/series/images button.psd
2004.03.26 16:32 B H:\NEWSOME\CINDY\SCSite\SCWEB\cashin\series\images\chic.gif --> wwwtest.library.ucla.edu /home/www/test/libraries/special/scweb/cashin/series/images chic.gif
2004.03.26 16:32 B H:\NEWSOME\CINDY\SCSite\SCWEB\cashin\series\images\chic2.gif --> wwwtest.library.ucla.edu /home/www/test/libraries/special/scweb/cashin/series/images chic2.gif
2004.03.26 16:32 B H:\NEWSOME\CINDY\SCSite\SCWEB\cashin\series\images\chic3.gif --> wwwtest.library.ucla.edu /home/www/test/libraries/special/scweb/cashin/series/images chic3.gif
2004.03.26 16:32 B H:\NEWSOME\CINDY\SCSite\SCWEB\cashin\series\images\chicblack.gif --> wwwtest.library.ucla.edu /home/www/test/libraries/special/scweb/cashin/series/images chicblack.gif
2004.03.26 16:32 B H:\NEWSOME\CINDY\SCSite\SCWEB\cashin\series\images\WS_FTP.LOG --> wwwtest.library.ucla.edu /home/www/test/libraries/special/scweb/cashin/series/images WS_FTP.LOG
2004.03.26 16:58 B H:\NEWSOME\CINDY\SCSite\SCWEB\cashin\series\images\chic.gif --> wwwtest.library.ucla.edu /home/www/test/libraries/special/scweb/cashin/series/images chic.gif
2004.03.29 16:37 B H:\NEWSOME\CINDY\SCSite\SCWEB\cashin\series\images\lecturelogo.gif --> wwwtest.library.ucla.edu /home/www/test/libraries/special/scweb/cashin/series/images lecturelogo.gif
2004.03.30 09:21 B H:\NEWSOME\CINDY\SCSite\SCWEB\cashin\series\images\korean200.gif --> wwwtest.library.ucla.edu /home/www/test/libraries/special/scweb/cashin/series/images korean200.gif
2004.03.30 13:52 B H:\NEWSOME\CINDY\SCSite\SCWEB\cashin\series\images\close.gif --> wwwtest.library.ucla.edu /home/www/test/libraries/special/scweb/cashin/series/images close.gif
2004.03.30 13:55 B H:\NEWSOME\CINDY\SCSite\SCWEB\cashin\series\images\bonniekorean.gif --> wwwtest.library.ucla.edu /home/www/test/libraries/special/scweb/cashin/series/images bonniekorean.gif
2004.03.30 13:55 B H:\NEWSOME\CINDY\SCSite\SCWEB\cashin\series\images\B.gif --> wwwtest.library.ucla.edu /home/www/test/libraries/special/scweb/cashin/series/images B.gif
2004.03.30 13:56 B H:\NEWSOME\CINDY\SCSite\SCWEB\cashin\series\images\signature300.gif --> wwwtest.library.ucla.edu /home/www/test/libraries/special/scweb/cashin/series/images signature300.gif
2004.03.30 14:17 B H:\NEWSOME\CINDY\SCSite\SCWEB\cashin\series\images\lectures3.gif --> wwwtest.library.ucla.edu /home/www/test/libraries/special/scweb/cashin/series/images lectures3.gif
2004.03.30 16:46 B H:\NEWSOME\CINDY\SCSite\SCWEB\cashin\series\images\about.gif --> wwwtest.library.ucla.edu /home/www/stage/libraries/special/scweb/cashin/images about.gif
2004.03.30 16:47 B H:\NEWSOME\CINDY\SCSite\SCWEB\cashin\series\images\_1UC-001_Inv_Side_2.pdf --> wwwtest.library.ucla.edu /home/www/stage/libraries/special/scweb/cashin/images/images _1UC-001_Inv_Side_2.pdf
2004.03.30 16:47 B H:\NEWSOME\CINDY\SCSite\SCWEB\cashin\series\images\about.gif --> wwwtest.library.ucla.edu /home/www/stage/libraries/special/scweb/cashin/images/images about.gif
2004.03.30 16:47 B H:\NEWSOME\CINDY\SCSite\SCWEB\cashin\series\images\about.psd --> wwwtest.library.ucla.edu /home/www/stage/libraries/special/scweb/cashin/images/images about.psd
2004.03.30 16:47 B H:\NEWSOME\CINDY\SCSite\SCWEB\cashin\series\images\about2.gif --> wwwtest.library.ucla.edu /home/www/stage/libraries/special/scweb/cashin/images/images about2.gif
2004.03.30 16:47 B H:\NEWSOME\CINDY\SCSite\SCWEB\cashin\series\images\about3.gif --> wwwtest.library.ucla.edu /home/www/stage/libraries/special/scweb/cashin/images/images about3.gif
2004.03.30 16:47 B H:\NEWSOME\CINDY\SCSite\SCWEB\cashin\series\images\archive.gif --> wwwtest.library.ucla.edu /home/www/stage/libraries/special/scweb/cashin/images/images archive.gif
2004.03.30 16:47 B H:\NEWSOME\CINDY\SCSite\SCWEB\cashin\series\images\archive.psd --> wwwtest.library.ucla.edu /home/www/stage/libraries/special/scweb/cashin/images/images archive.psd
2004.03.30 16:47 B H:\NEWSOME\CINDY\SCSite\SCWEB\cashin\series\images\archive2.gif --> wwwtest.library.ucla.edu /home/www/stage/libraries/special/scweb/cashin/images/images archive2.gif
2004.03.30 16:47 B H:\NEWSOME\CINDY\SCSite\SCWEB\cashin\series\images\archive2.psd --> wwwtest.library.ucla.edu /home/www/stage/libraries/special/scweb/cashin/images/images archive2.psd
2004.03.30 16:47 B H:\NEWSOME\CINDY\SCSite\SCWEB\cashin\series\images\archive3.gif --> wwwtest.library.ucla.edu /home/www/stage/libraries/special/scweb/cashin/images/images archive3.gif
2004.03.30 16:47 B H:\NEWSOME\CINDY\SCSite\SCWEB\cashin\series\images\archive300.gif --> wwwtest.library.ucla.edu /home/www/stage/libraries/special/scweb/cashin/images/images archive300.gif
2004.03.30 16:47 B H:\NEWSOME\CINDY\SCSite\SCWEB\cashin\series\images\archive300.psd --> wwwtest.library.ucla.edu /home/www/stage/libraries/special/scweb/cashin/images/images archive300.psd
2004.03.30 16:47 B H:\NEWSOME\CINDY\SCSite\SCWEB\cashin\series\images\archive4.gif --> wwwtest.library.ucla.edu /home/www/stage/libraries/special/scweb/cashin/images/images archive4.gif
2004.03.30 16:47 B H:\NEWSOME\CINDY\SCSite\SCWEB\cashin\series\images\archive5.gif --> wwwtest.library.ucla.edu /home/www/stage/libraries/special/scweb/cashin/images/images archive5.gif
2004.03.30 16:47 B H:\NEWSOME\CINDY\SCSite\SCWEB\cashin\series\images\B.gif --> wwwtest.library.ucla.edu /home/www/stage/libraries/special/scweb/cashin/images/images B.gif
2004.03.30 16:47 B H:\NEWSOME\CINDY\SCSite\SCWEB\cashin\series\images\bon.gif --> wwwtest.library.ucla.edu /home/www/stage/libraries/special/scweb/cashin/images/images bon.gif
2004.03.30 16:47 B H:\NEWSOME\CINDY\SCSite\SCWEB\cashin\series\images\bonniekorean.gif --> wwwtest.library.ucla.edu /home/www/stage/libraries/special/scweb/cashin/images/images bonniekorean.gif
2004.03.30 16:47 B H:\NEWSOME\CINDY\SCSite\SCWEB\cashin\series\images\bonniekorean.psd --> wwwtest.library.ucla.edu /home/www/stage/libraries/special/scweb/cashin/images/images bonniekorean.psd
2004.03.30 16:47 B H:\NEWSOME\CINDY\SCSite\SCWEB\cashin\series\images\button.psd --> wwwtest.library.ucla.edu /home/www/stage/libraries/special/scweb/cashin/images/images button.psd
2004.03.30 16:47 B H:\NEWSOME\CINDY\SCSite\SCWEB\cashin\series\images\chic.gif --> wwwtest.library.ucla.edu /home/www/stage/libraries/special/scweb/cashin/images/images chic.gif
2004.03.30 16:47 B H:\NEWSOME\CINDY\SCSite\SCWEB\cashin\series\images\chic2.gif --> wwwtest.library.ucla.edu /home/www/stage/libraries/special/scweb/cashin/images/images chic2.gif
2004.03.30 16:47 B H:\NEWSOME\CINDY\SCSite\SCWEB\cashin\series\images\chic3.gif --> wwwtest.library.ucla.edu /home/www/stage/libraries/special/scweb/cashin/images/images chic3.gif
2004.03.30 16:47 B H:\NEWSOME\CINDY\SCSite\SCWEB\cashin\series\images\chicblack.gif --> wwwtest.library.ucla.edu /home/www/stage/libraries/special/scweb/cashin/images/images chicblack.gif
2004.03.30 16:47 B H:\NEWSOME\CINDY\SCSite\SCWEB\cashin\series\images\close.gif --> wwwtest.library.ucla.edu /home/www/stage/libraries/special/scweb/cashin/images/images close.gif
2004.03.30 16:47 B H:\NEWSOME\CINDY\SCSite\SCWEB\cashin\series\images\closepink.gif --> wwwtest.library.ucla.edu /home/www/stage/libraries/special/scweb/cashin/images/images closepink.gif
2004.03.30 16:47 B H:\NEWSOME\CINDY\SCSite\SCWEB\cashin\series\images\closepink.psd --> wwwtest.library.ucla.edu /home/www/stage/libraries/special/scweb/cashin/images/images closepink.psd
2004.03.30 16:47 B H:\NEWSOME\CINDY\SCSite\SCWEB\cashin\series\images\Inv_Side_1.pdf --> wwwtest.library.ucla.edu /home/www/stage/libraries/special/scweb/cashin/images/images Inv_Side_1.pdf
2004.03.30 16:47 B H:\NEWSOME\CINDY\SCSite\SCWEB\cashin\series\images\khakisquare.gif --> wwwtest.library.ucla.edu /home/www/stage/libraries/special/scweb/cashin/images/images khakisquare.gif
2004.03.30 16:47 B H:\NEWSOME\CINDY\SCSite\SCWEB\cashin\series\images\korean200.gif --> wwwtest.library.ucla.edu /home/www/stage/libraries/special/scweb/cashin/images/images korean200.gif
2004.03.30 16:47 B H:\NEWSOME\CINDY\SCSite\SCWEB\cashin\series\images\korean200.psd --> wwwtest.library.ucla.edu /home/www/stage/libraries/special/scweb/cashin/images/images korean200.psd
2004.03.30 16:47 B H:\NEWSOME\CINDY\SCSite\SCWEB\cashin\series\images\lecturelogo.gif --> wwwtest.library.ucla.edu /home/www/stage/libraries/special/scweb/cashin/images/images lecturelogo.gif
2004.03.30 16:47 B H:\NEWSOME\CINDY\SCSite\SCWEB\cashin\series\images\lecturelogo.psd --> wwwtest.library.ucla.edu /home/www/stage/libraries/special/scweb/cashin/images/images lecturelogo.psd
2004.03.30 16:47 B H:\NEWSOME\CINDY\SCSite\SCWEB\cashin\series\images\lectures.gif --> wwwtest.library.ucla.edu /home/www/stage/libraries/special/scweb/cashin/images/images lectures.gif
2004.03.30 16:47 B H:\NEWSOME\CINDY\SCSite\SCWEB\cashin\series\images\lectures.psd --> wwwtest.library.ucla.edu /home/www/stage/libraries/special/scweb/cashin/images/images lectures.psd
2004.03.30 16:47 B H:\NEWSOME\CINDY\SCSite\SCWEB\cashin\series\images\lectures2.gif --> wwwtest.library.ucla.edu /home/www/stage/libraries/special/scweb/cashin/images/images lectures2.gif
2004.03.30 16:47 B H:\NEWSOME\CINDY\SCSite\SCWEB\cashin\series\images\lectures3.gif --> wwwtest.library.ucla.edu /home/www/stage/libraries/special/scweb/cashin/images/images lectures3.gif
2004.03.30 16:47 B H:\NEWSOME\CINDY\SCSite\SCWEB\cashin\series\images\ledturelogo.gif --> wwwtest.library.ucla.edu /home/www/stage/libraries/special/scweb/cashin/images/images ledturelogo.gif
2004.03.30 16:47 B H:\NEWSOME\CINDY\SCSite\SCWEB\cashin\series\images\ledturelogo.psd --> wwwtest.library.ucla.edu /home/www/stage/libraries/special/scweb/cashin/images/images ledturelogo.psd
2004.03.30 16:47 B H:\NEWSOME\CINDY\SCSite\SCWEB\cashin\series\images\olivesquare.gif --> wwwtest.library.ucla.edu /home/www/stage/libraries/special/scweb/cashin/images/images olivesquare.gif
2004.03.30 16:47 B H:\NEWSOME\CINDY\SCSite\SCWEB\cashin\series\images\olivesquare2.gif --> wwwtest.library.ucla.edu /home/www/stage/libraries/special/scweb/cashin/images/images olivesquare2.gif
2004.03.30 16:47 B H:\NEWSOME\CINDY\SCSite\SCWEB\cashin\series\images\pinksquare.gif --> wwwtest.library.ucla.edu /home/www/stage/libraries/special/scweb/cashin/images/images pinksquare.gif
2004.03.30 16:47 B H:\NEWSOME\CINDY\SCSite\SCWEB\cashin\series\images\pinksquare.psd --> wwwtest.library.ucla.edu /home/www/stage/libraries/special/scweb/cashin/images/images pinksquare.psd
2004.03.30 16:47 B H:\NEWSOME\CINDY\SCSite\SCWEB\cashin\series\images\salmon.psd --> wwwtest.library.ucla.edu /home/www/stage/libraries/special/scweb/cashin/images/images salmon.psd
2004.03.30 16:47 B H:\NEWSOME\CINDY\SCSite\SCWEB\cashin\series\images\signature.gif --> wwwtest.library.ucla.edu /home/www/stage/libraries/special/scweb/cashin/images/images signature.gif
2004.03.30 16:47 B H:\NEWSOME\CINDY\SCSite\SCWEB\cashin\series\images\signature300.gif --> wwwtest.library.ucla.edu /home/www/stage/libraries/special/scweb/cashin/images/images signature300.gif
2004.03.30 16:47 B H:\NEWSOME\CINDY\SCSite\SCWEB\cashin\series\images\signature300.psd --> wwwtest.library.ucla.edu /home/www/stage/libraries/special/scweb/cashin/images/images signature300.psd
2004.03.30 16:47 B H:\NEWSOME\CINDY\SCSite\SCWEB\cashin\series\images\tsheader.gif --> wwwtest.library.ucla.edu /home/www/stage/libraries/special/scweb/cashin/images/images tsheader.gif
2004.03.30 16:47 B H:\NEWSOME\CINDY\SCSite\SCWEB\cashin\series\images\whitesquare.gif --> wwwtest.library.ucla.edu /home/www/stage/libraries/special/scweb/cashin/images/images whitesquare.gif
2004.03.31 10:29 B H:\NEWSOME\CINDY\SCSite\SCWEB\cashin\images\jgimages\WS_FTP.LOG <-- Stage Server /home/www/stage/libraries/special/scweb/cashin/images/jgimages WS_FTP.LOG
2004.04.12 08:43 B H:\NEWSOME\CINDY\SCSite\SCWEB\cashin\images\jgimages\_1UC-001_Inv_Side_2.pdf --> wwwtest.library.ucla.edu /home/www/stage/libraries/special/scweb/cashin/images/jgimages _1UC-001_Inv_Side_2.pdf
2004.04.12 08:43 B H:\NEWSOME\CINDY\SCSite\SCWEB\cashin\images\jgimages\about.gif --> wwwtest.library.ucla.edu /home/www/stage/libraries/special/scweb/cashin/images/jgimages about.gif
2004.04.12 08:43 B H:\NEWSOME\CINDY\SCSite\SCWEB\cashin\images\jgimages\about.psd --> wwwtest.library.ucla.edu /home/www/stage/libraries/special/scweb/cashin/images/jgimages about.psd
2004.04.12 08:43 B H:\NEWSOME\CINDY\SCSite\SCWEB\cashin\images\jgimages\about2.gif --> wwwtest.library.ucla.edu /home/www/stage/libraries/special/scweb/cashin/images/jgimages about2.gif
2004.04.12 08:43 B H:\NEWSOME\CINDY\SCSite\SCWEB\cashin\images\jgimages\about3.gif --> wwwtest.library.ucla.edu /home/www/stage/libraries/special/scweb/cashin/images/jgimages about3.gif
2004.04.12 08:43 B H:\NEWSOME\CINDY\SCSite\SCWEB\cashin\images\jgimages\archive.gif --> wwwtest.library.ucla.edu /home/www/stage/libraries/special/scweb/cashin/images/jgimages archive.gif
2004.04.12 08:43 B H:\NEWSOME\CINDY\SCSite\SCWEB\cashin\images\jgimages\archive.psd --> wwwtest.library.ucla.edu /home/www/stage/libraries/special/scweb/cashin/images/jgimages archive.psd
2004.04.12 08:43 B H:\NEWSOME\CINDY\SCSite\SCWEB\cashin\images\jgimages\archive2.gif --> wwwtest.library.ucla.edu /home/www/stage/libraries/special/scweb/cashin/images/jgimages archive2.gif
2004.04.12 08:43 B H:\NEWSOME\CINDY\SCSite\SCWEB\cashin\images\jgimages\archive2.psd --> wwwtest.library.ucla.edu /home/www/stage/libraries/special/scweb/cashin/images/jgimages archive2.psd
2004.04.12 08:43 B H:\NEWSOME\CINDY\SCSite\SCWEB\cashin\images\jgimages\archive3.gif --> wwwtest.library.ucla.edu /home/www/stage/libraries/special/scweb/cashin/images/jgimages archive3.gif
2004.04.12 08:43 B H:\NEWSOME\CINDY\SCSite\SCWEB\cashin\images\jgimages\archive300.gif --> wwwtest.library.ucla.edu /home/www/stage/libraries/special/scweb/cashin/images/jgimages archive300.gif
2004.04.12 08:43 B H:\NEWSOME\CINDY\SCSite\SCWEB\cashin\images\jgimages\archive300.psd --> wwwtest.library.ucla.edu /home/www/stage/libraries/special/scweb/cashin/images/jgimages archive300.psd
2004.04.12 08:43 B H:\NEWSOME\CINDY\SCSite\SCWEB\cashin\images\jgimages\archive4.gif --> wwwtest.library.ucla.edu /home/www/stage/libraries/special/scweb/cashin/images/jgimages archive4.gif
2004.04.12 08:43 B H:\NEWSOME\CINDY\SCSite\SCWEB\cashin\images\jgimages\archive5.gif --> wwwtest.library.ucla.edu /home/www/stage/libraries/special/scweb/cashin/images/jgimages archive5.gif
2004.04.12 08:43 B H:\NEWSOME\CINDY\SCSite\SCWEB\cashin\images\jgimages\B.gif --> wwwtest.library.ucla.edu /home/www/stage/libraries/special/scweb/cashin/images/jgimages B.gif
2004.04.12 08:43 B H:\NEWSOME\CINDY\SCSite\SCWEB\cashin\images\jgimages\bon.gif --> wwwtest.library.ucla.edu /home/www/stage/libraries/special/scweb/cashin/images/jgimages bon.gif
2004.04.12 08:43 B H:\NEWSOME\CINDY\SCSite\SCWEB\cashin\images\jgimages\bonniekorean.gif --> wwwtest.library.ucla.edu /home/www/stage/libraries/special/scweb/cashin/images/jgimages bonniekorean.gif
2004.04.12 08:43 B H:\NEWSOME\CINDY\SCSite\SCWEB\cashin\images\jgimages\bonniekorean.psd --> wwwtest.library.ucla.edu /home/www/stage/libraries/special/scweb/cashin/images/jgimages bonniekorean.psd
2004.04.12 08:43 B H:\NEWSOME\CINDY\SCSite\SCWEB\cashin\images\jgimages\button.psd --> wwwtest.library.ucla.edu /home/www/stage/libraries/special/scweb/cashin/images/jgimages button.psd
2004.04.12 08:43 B H:\NEWSOME\CINDY\SCSite\SCWEB\cashin\images\jgimages\chic.gif --> wwwtest.library.ucla.edu /home/www/stage/libraries/special/scweb/cashin/images/jgimages chic.gif
2004.04.12 08:43 B H:\NEWSOME\CINDY\SCSite\SCWEB\cashin\images\jgimages\chic2.gif --> wwwtest.library.ucla.edu /home/www/stage/libraries/special/scweb/cashin/images/jgimages chic2.gif
2004.04.12 08:43 B H:\NEWSOME\CINDY\SCSite\SCWEB\cashin\images\jgimages\chic3.gif --> wwwtest.library.ucla.edu /home/www/stage/libraries/special/scweb/cashin/images/jgimages chic3.gif
2004.04.12 08:43 B H:\NEWSOME\CINDY\SCSite\SCWEB\cashin\images\jgimages\chicblack.gif --> wwwtest.library.ucla.edu /home/www/stage/libraries/special/scweb/cashin/images/jgimages chicblack.gif
2004.04.12 08:43 B H:\NEWSOME\CINDY\SCSite\SCWEB\cashin\images\jgimages\close.gif --> wwwtest.library.ucla.edu /home/www/stage/libraries/special/scweb/cashin/images/jgimages close.gif
2004.04.12 08:43 B H:\NEWSOME\CINDY\SCSite\SCWEB\cashin\images\jgimages\closepink.gif --> wwwtest.library.ucla.edu /home/www/stage/libraries/special/scweb/cashin/images/jgimages closepink.gif
2004.04.12 08:43 B H:\NEWSOME\CINDY\SCSite\SCWEB\cashin\images\jgimages\closepink.psd --> wwwtest.library.ucla.edu /home/www/stage/libraries/special/scweb/cashin/images/jgimages closepink.psd
2004.04.12 08:43 B H:\NEWSOME\CINDY\SCSite\SCWEB\cashin\images\jgimages\Inv_Side_1.pdf --> wwwtest.library.ucla.edu /home/www/stage/libraries/special/scweb/cashin/images/jgimages Inv_Side_1.pdf
2004.04.12 08:43 B H:\NEWSOME\CINDY\SCSite\SCWEB\cashin\images\jgimages\khakisquare.gif --> wwwtest.library.ucla.edu /home/www/stage/libraries/special/scweb/cashin/images/jgimages khakisquare.gif
2004.04.12 08:43 B H:\NEWSOME\CINDY\SCSite\SCWEB\cashin\images\jgimages\korean200.gif --> wwwtest.library.ucla.edu /home/www/stage/libraries/special/scweb/cashin/images/jgimages korean200.gif
2004.04.12 08:43 B H:\NEWSOME\CINDY\SCSite\SCWEB\cashin\images\jgimages\korean200.psd --> wwwtest.library.ucla.edu /home/www/stage/libraries/special/scweb/cashin/images/jgimages korean200.psd
2004.04.12 08:43 B H:\NEWSOME\CINDY\SCSite\SCWEB\cashin\images\jgimages\lecturelogo.gif --> wwwtest.library.ucla.edu /home/www/stage/libraries/special/scweb/cashin/images/jgimages lecturelogo.gif
2004.04.12 08:43 B H:\NEWSOME\CINDY\SCSite\SCWEB\cashin\images\jgimages\lecturelogo.psd --> wwwtest.library.ucla.edu /home/www/stage/libraries/special/scweb/cashin/images/jgimages lecturelogo.psd
2004.04.12 08:43 B H:\NEWSOME\CINDY\SCSite\SCWEB\cashin\images\jgimages\lectures.gif --> wwwtest.library.ucla.edu /home/www/stage/libraries/special/scweb/cashin/images/jgimages lectures.gif
2004.04.12 08:43 B H:\NEWSOME\CINDY\SCSite\SCWEB\cashin\images\jgimages\lectures.psd --> wwwtest.library.ucla.edu /home/www/stage/libraries/special/scweb/cashin/images/jgimages lectures.psd
2004.04.12 08:43 B H:\NEWSOME\CINDY\SCSite\SCWEB\cashin\images\jgimages\lectures2.gif --> wwwtest.library.ucla.edu /home/www/stage/libraries/special/scweb/cashin/images/jgimages lectures2.gif
2004.04.12 08:43 B H:\NEWSOME\CINDY\SCSite\SCWEB\cashin\images\jgimages\lectures3.gif --> wwwtest.library.ucla.edu /home/www/stage/libraries/special/scweb/cashin/images/jgimages lectures3.gif
2004.04.12 08:43 B H:\NEWSOME\CINDY\SCSite\SCWEB\cashin\images\jgimages\ledturelogo.gif --> wwwtest.library.ucla.edu /home/www/stage/libraries/special/scweb/cashin/images/jgimages ledturelogo.gif
2004.04.12 08:43 B H:\NEWSOME\CINDY\SCSite\SCWEB\cashin\images\jgimages\ledturelogo.psd --> wwwtest.library.ucla.edu /home/www/stage/libraries/special/scweb/cashin/images/jgimages ledturelogo.psd
2004.04.12 08:43 B H:\NEWSOME\CINDY\SCSite\SCWEB\cashin\images\jgimages\olivesquare.gif --> wwwtest.library.ucla.edu /home/www/stage/libraries/special/scweb/cashin/images/jgimages olivesquare.gif
2004.04.12 08:43 B H:\NEWSOME\CINDY\SCSite\SCWEB\cashin\images\jgimages\olivesquare2.gif --> wwwtest.library.ucla.edu /home/www/stage/libraries/special/scweb/cashin/images/jgimages olivesquare2.gif
2004.04.12 08:43 B H:\NEWSOME\CINDY\SCSite\SCWEB\cashin\images\jgimages\pinksquare.gif --> wwwtest.library.ucla.edu /home/www/stage/libraries/special/scweb/cashin/images/jgimages pinksquare.gif
2004.04.12 08:43 B H:\NEWSOME\CINDY\SCSite\SCWEB\cashin\images\jgimages\pinksquare.psd --> wwwtest.library.ucla.edu /home/www/stage/libraries/special/scweb/cashin/images/jgimages pinksquare.psd
2004.04.12 08:43 B H:\NEWSOME\CINDY\SCSite\SCWEB\cashin\images\jgimages\salmon.psd --> wwwtest.library.ucla.edu /home/www/stage/libraries/special/scweb/cashin/images/jgimages salmon.psd
2004.04.12 08:43 B H:\NEWSOME\CINDY\SCSite\SCWEB\cashin\images\jgimages\signature.gif --> wwwtest.library.ucla.edu /home/www/stage/libraries/special/scweb/cashin/images/jgimages signature.gif
2004.04.12 08:43 B H:\NEWSOME\CINDY\SCSite\SCWEB\cashin\images\jgimages\signature300.gif --> wwwtest.library.ucla.edu /home/www/stage/libraries/special/scweb/cashin/images/jgimages signature300.gif
2004.04.12 08:43 B H:\NEWSOME\CINDY\SCSite\SCWEB\cashin\images\jgimages\signature300.psd --> wwwtest.library.ucla.edu /home/www/stage/libraries/special/scweb/cashin/images/jgimages signature300.psd
2004.04.12 08:43 B H:\NEWSOME\CINDY\SCSite\SCWEB\cashin\images\jgimages\tsheader.gif --> wwwtest.library.ucla.edu /home/www/stage/libraries/special/scweb/cashin/images/jgimages tsheader.gif
2004.04.12 08:43 B H:\NEWSOME\CINDY\SCSite\SCWEB\cashin\images\jgimages\whitesquare.gif --> wwwtest.library.ucla.edu /home/www/stage/libraries/special/scweb/cashin/images/jgimages whitesquare.gif
