2004.01.26 12:54 A H:\NEWSOME\CINDY\SCSite\SCWEB\cashin\7thavenue.htm --> wwwtest.library.ucla.edu /home/www/test/libraries/special/scweb/cashin 7thavenue.htm
2004.01.26 12:54 A H:\NEWSOME\CINDY\SCSite\SCWEB\cashin\beginning.htm --> wwwtest.library.ucla.edu /home/www/test/libraries/special/scweb/cashin beginning.htm
2004.01.26 12:54 A H:\NEWSOME\CINDY\SCSite\SCWEB\cashin\boutique.htm --> wwwtest.library.ucla.edu /home/www/test/libraries/special/scweb/cashin boutique.htm
2004.01.26 12:54 A H:\NEWSOME\CINDY\SCSite\SCWEB\cashin\cashinindex.htm --> wwwtest.library.ucla.edu /home/www/test/libraries/special/scweb/cashin cashinindex.htm
2004.01.26 12:54 A H:\NEWSOME\CINDY\SCSite\SCWEB\cashin\cashinlook.htm --> wwwtest.library.ucla.edu /home/www/test/libraries/special/scweb/cashin cashinlook.htm
2004.01.26 12:54 A H:\NEWSOME\CINDY\SCSite\SCWEB\cashin\dreamer.htm --> wwwtest.library.ucla.edu /home/www/test/libraries/special/scweb/cashin dreamer.htm
2004.01.26 12:54 A H:\NEWSOME\CINDY\SCSite\SCWEB\cashin\dreamer2.htm --> wwwtest.library.ucla.edu /home/www/test/libraries/special/scweb/cashin dreamer2.htm
2004.01.26 12:54 A H:\NEWSOME\CINDY\SCSite\SCWEB\cashin\dreamer3.htm --> wwwtest.library.ucla.edu /home/www/test/libraries/special/scweb/cashin dreamer3.htm
2004.01.26 12:54 A H:\NEWSOME\CINDY\SCSite\SCWEB\cashin\dreamer4.htm --> wwwtest.library.ucla.edu /home/www/test/libraries/special/scweb/cashin dreamer4.htm
2004.01.26 12:54 A H:\NEWSOME\CINDY\SCSite\SCWEB\cashin\dreamer5.htm --> wwwtest.library.ucla.edu /home/www/test/libraries/special/scweb/cashin dreamer5.htm
2004.01.26 12:54 A H:\NEWSOME\CINDY\SCSite\SCWEB\cashin\intro.htm --> wwwtest.library.ucla.edu /home/www/test/libraries/special/scweb/cashin intro.htm
2004.01.26 12:54 A H:\NEWSOME\CINDY\SCSite\SCWEB\cashin\leather.htm --> wwwtest.library.ucla.edu /home/www/test/libraries/special/scweb/cashin leather.htm
2004.01.26 12:54 A H:\NEWSOME\CINDY\SCSite\SCWEB\cashin\mandarin2.htm --> wwwtest.library.ucla.edu /home/www/test/libraries/special/scweb/cashin mandarin2.htm
2004.01.26 12:54 A H:\NEWSOME\CINDY\SCSite\SCWEB\cashin\paper.htm --> wwwtest.library.ucla.edu /home/www/test/libraries/special/scweb/cashin paper.htm
2004.01.26 12:54 A H:\NEWSOME\CINDY\SCSite\SCWEB\cashin\princess.htm --> wwwtest.library.ucla.edu /home/www/test/libraries/special/scweb/cashin princess.htm
2004.01.27 13:33 A H:\NEWSOME\CINDY\SCSite\SCWEB\cashin\cashinindex.htm --> wwwtest.library.ucla.edu /home/www/test/libraries/special/scweb/cashin cashinindex.htm
2004.01.27 13:42 A H:\NEWSOME\CINDY\SCSite\SCWEB\cashin\cashinindex.htm --> wwwtest.library.ucla.edu /home/www/test/libraries/special/scweb/cashin cashinindex.htm
2004.01.27 13:43 A H:\NEWSOME\CINDY\SCSite\SCWEB\cashin\7thavenue.htm --> wwwtest.library.ucla.edu /home/www/stage/libraries/special/scweb/cashin 7thavenue.htm
2004.01.27 13:43 A H:\NEWSOME\CINDY\SCSite\SCWEB\cashin\beginning.htm --> wwwtest.library.ucla.edu /home/www/stage/libraries/special/scweb/cashin beginning.htm
2004.01.27 13:43 A H:\NEWSOME\CINDY\SCSite\SCWEB\cashin\boutique.htm --> wwwtest.library.ucla.edu /home/www/stage/libraries/special/scweb/cashin boutique.htm
2004.01.27 13:43 A H:\NEWSOME\CINDY\SCSite\SCWEB\cashin\cashinindex.htm --> wwwtest.library.ucla.edu /home/www/stage/libraries/special/scweb/cashin cashinindex.htm
2004.01.27 13:43 A H:\NEWSOME\CINDY\SCSite\SCWEB\cashin\cashinlook.htm --> wwwtest.library.ucla.edu /home/www/stage/libraries/special/scweb/cashin cashinlook.htm
2004.01.27 13:43 A H:\NEWSOME\CINDY\SCSite\SCWEB\cashin\dreamer.htm --> wwwtest.library.ucla.edu /home/www/stage/libraries/special/scweb/cashin dreamer.htm
2004.01.27 13:43 A H:\NEWSOME\CINDY\SCSite\SCWEB\cashin\dreamer2.htm --> wwwtest.library.ucla.edu /home/www/stage/libraries/special/scweb/cashin dreamer2.htm
2004.01.27 13:43 A H:\NEWSOME\CINDY\SCSite\SCWEB\cashin\dreamer3.htm --> wwwtest.library.ucla.edu /home/www/stage/libraries/special/scweb/cashin dreamer3.htm
2004.01.27 13:43 A H:\NEWSOME\CINDY\SCSite\SCWEB\cashin\dreamer4.htm --> wwwtest.library.ucla.edu /home/www/stage/libraries/special/scweb/cashin dreamer4.htm
2004.01.27 13:43 A H:\NEWSOME\CINDY\SCSite\SCWEB\cashin\dreamer5.htm --> wwwtest.library.ucla.edu /home/www/stage/libraries/special/scweb/cashin dreamer5.htm
2004.01.27 13:43 A H:\NEWSOME\CINDY\SCSite\SCWEB\cashin\intro.htm --> wwwtest.library.ucla.edu /home/www/stage/libraries/special/scweb/cashin intro.htm
2004.01.27 13:43 A H:\NEWSOME\CINDY\SCSite\SCWEB\cashin\leather.htm --> wwwtest.library.ucla.edu /home/www/stage/libraries/special/scweb/cashin leather.htm
2004.01.27 13:43 A H:\NEWSOME\CINDY\SCSite\SCWEB\cashin\mandarin2.htm --> wwwtest.library.ucla.edu /home/www/stage/libraries/special/scweb/cashin mandarin2.htm
2004.01.27 13:43 A H:\NEWSOME\CINDY\SCSite\SCWEB\cashin\paper.htm --> wwwtest.library.ucla.edu /home/www/stage/libraries/special/scweb/cashin paper.htm
2004.01.27 13:43 A H:\NEWSOME\CINDY\SCSite\SCWEB\cashin\princess.htm --> wwwtest.library.ucla.edu /home/www/stage/libraries/special/scweb/cashin princess.htm
